[0.021s] Invoking command in '/home/cyn/ros2/ros2_ws/build/turtlesim': CMAKE_PREFIX_PATH=/opt/ros/foxy /usr/bin/cmake /home/cyn/ros2/ros2_ws/src/ros_tutorials/turtlesim -DCMAKE_INSTALL_PREFIX=/home/cyn/ros2/ros2_ws/install/turtlesim
[0.139s] -- The C compiler identification is GNU 9.4.0
[0.246s] -- The CXX compiler identification is GNU 9.4.0
[0.252s] -- Check for working C compiler: /usr/bin/cc
[0.316s] -- Check for working C compiler: /usr/bin/cc -- works
[0.318s] -- Detecting C compiler ABI info
[0.379s] -- Detecting C compiler ABI info - done
[0.391s] -- Detecting C compile features
[0.391s] -- Detecting C compile features - done
[0.394s] -- Check for working CXX compiler: /usr/bin/c++
[0.460s] -- Check for working CXX compiler: /usr/bin/c++ -- works
[0.460s] -- Detecting CXX compiler ABI info
[0.538s] -- Detecting CXX compiler ABI info - done
[0.551s] -- Detecting CXX compile features
[0.552s] -- Detecting CXX compile features - done
[0.554s] -- Found ament_cmake: 0.9.11 (/opt/ros/foxy/share/ament_cmake/cmake)
[0.585s] -- Found PythonInterp: /usr/bin/python3 (found suitable version "3.8.10", minimum required is "3") 
[0.585s] -- Using PYTHON_EXECUTABLE: /usr/bin/python3
[0.759s] -- Found ament_index_cpp: 1.1.0 (/opt/ros/foxy/share/ament_index_cpp/cmake)
[0.762s] -- Found geometry_msgs: 2.0.5 (/opt/ros/foxy/share/geometry_msgs/cmake)
[0.790s] -- Using all available rosidl_typesupport_c: rosidl_typesupport_fastrtps_c;rosidl_typesupport_introspection_c
[0.796s] -- Found rosidl_adapter: 1.3.0 (/opt/ros/foxy/share/rosidl_adapter/cmake)
[0.860s] -- Found OpenSSL: /usr/lib/x86_64-linux-gnu/libcrypto.so (found version "1.1.1f")  
[0.884s] -- Found FastRTPS: /opt/ros/foxy/include  
[0.949s] -- Using all available rosidl_typesupport_cpp: rosidl_typesupport_fastrtps_cpp;rosidl_typesupport_introspection_cpp
[1.037s] -- Found rclcpp: 2.4.2 (/opt/ros/foxy/share/rclcpp/cmake)
[1.080s] -- Found rmw_implementation_cmake: 1.0.4 (/opt/ros/foxy/share/rmw_implementation_cmake/cmake)
[1.081s] -- Using RMW implementation 'rmw_fastrtps_cpp' as default
[1.083s] -- Looking for pthread.h
[1.147s] -- Looking for pthread.h - found
[1.147s] -- Performing Test CMAKE_HAVE_LIBC_PTHREAD
[1.218s] -- Performing Test CMAKE_HAVE_LIBC_PTHREAD - Failed
[1.218s] -- Looking for pthread_create in pthreads
[1.269s] -- Looking for pthread_create in pthreads - not found
[1.269s] -- Looking for pthread_create in pthread
[1.348s] -- Looking for pthread_create in pthread - found
[1.350s] -- Found Threads: TRUE  
[1.481s] -- Found rclcpp_action: 2.4.2 (/opt/ros/foxy/share/rclcpp_action/cmake)
[1.550s] -- Found rosidl_default_generators: 1.0.1 (/opt/ros/foxy/share/rosidl_default_generators/cmake)
[1.560s] -- Found std_srvs: 2.0.5 (/opt/ros/foxy/share/std_srvs/cmake)
[1.589s] -- Found PythonInterp: /usr/bin/python3 (found version "3.8.10") 
[1.733s] -- Found ament_cmake_ros: 0.9.2 (/opt/ros/foxy/share/ament_cmake_ros/cmake)
[1.839s] -- Using all available rosidl_typesupport_c: rosidl_typesupport_fastrtps_c;rosidl_typesupport_introspection_c
[1.860s] -- Using all available rosidl_typesupport_cpp: rosidl_typesupport_fastrtps_cpp;rosidl_typesupport_introspection_cpp
[1.882s] -- Found PythonInterp: /usr/bin/python3 (found suitable version "3.8.10", minimum required is "3.5") 
[1.884s] -- Found python_cmake_module: 0.8.1 (/opt/ros/foxy/share/python_cmake_module/cmake)
[1.906s] -- Found PythonLibs: /usr/lib/x86_64-linux-gnu/libpython3.8.so (found suitable version "3.8.10", minimum required is "3.5") 
[1.906s] -- Using PYTHON_EXECUTABLE: /usr/bin/python3
[1.907s] -- Using PYTHON_INCLUDE_DIRS: /usr/include/python3.8
[1.907s] -- Using PYTHON_LIBRARIES: /usr/lib/x86_64-linux-gnu/libpython3.8.so
[1.925s] -- Found PythonExtra: .so  
[2.058s] -- Configuring done
[2.130s] -- Generating done
[2.133s] -- Build files have been written to: /home/cyn/ros2/ros2_ws/build/turtlesim
[2.140s] Invoked command in '/home/cyn/ros2/ros2_ws/build/turtlesim' returned '0': CMAKE_PREFIX_PATH=/opt/ros/foxy /usr/bin/cmake /home/cyn/ros2/ros2_ws/src/ros_tutorials/turtlesim -DCMAKE_INSTALL_PREFIX=/home/cyn/ros2/ros2_ws/install/turtlesim
[2.143s] Invoking command in '/home/cyn/ros2/ros2_ws/build/turtlesim': CMAKE_PREFIX_PATH=/opt/ros/foxy /usr/bin/cmake --build /home/cyn/ros2/ros2_ws/build/turtlesim -- -j12 -l12
[2.178s] [35m[1mScanning dependencies of target turtlesim__cpp[0m
[2.178s] [  1%] [34m[1mGenerating C code for ROS interfaces[0m
[2.187s] [  2%] [34m[1mGenerating C++ code for ROS interfaces[0m
[2.766s] [  2%] Built target turtlesim__cpp
[2.775s] [  5%] [34m[1mGenerating C++ type support for eProsima Fast-RTPS[0m
[2.775s] [  5%] [34m[1mGenerating C++ type support dispatch for ROS interfaces[0m
[2.775s] [  5%] [34m[1mGenerating C++ introspection for ROS interfaces[0m
[2.864s] [35m[1mScanning dependencies of target turtlesim__rosidl_generator_c[0m
[2.882s] [  6%] [32mBuilding C object CMakeFiles/turtlesim__rosidl_generator_c.dir/rosidl_generator_c/turtlesim/action/detail/rotate_absolute__functions.c.o[0m
[2.884s] [  7%] [32mBuilding C object CMakeFiles/turtlesim__rosidl_generator_c.dir/rosidl_generator_c/turtlesim/msg/detail/pose__functions.c.o[0m
[2.884s] [  8%] [32mBuilding C object CMakeFiles/turtlesim__rosidl_generator_c.dir/rosidl_generator_c/turtlesim/msg/detail/color__functions.c.o[0m
[2.884s] [  9%] [32mBuilding C object CMakeFiles/turtlesim__rosidl_generator_c.dir/rosidl_generator_c/turtlesim/srv/detail/kill__functions.c.o[0m
[2.884s] [ 10%] [32mBuilding C object CMakeFiles/turtlesim__rosidl_generator_c.dir/rosidl_generator_c/turtlesim/srv/detail/set_pen__functions.c.o[0m
[2.884s] [ 11%] [32mBuilding C object CMakeFiles/turtlesim__rosidl_generator_c.dir/rosidl_generator_c/turtlesim/srv/detail/teleport_relative__functions.c.o[0m
[2.885s] [ 12%] [32mBuilding C object CMakeFiles/turtlesim__rosidl_generator_c.dir/rosidl_generator_c/turtlesim/srv/detail/teleport_absolute__functions.c.o[0m
[2.885s] [ 13%] [32mBuilding C object CMakeFiles/turtlesim__rosidl_generator_c.dir/rosidl_generator_c/turtlesim/srv/detail/spawn__functions.c.o[0m
[3.009s] [ 14%] [32m[1mLinking C shared library libturtlesim__rosidl_generator_c.so[0m
[3.044s] [ 14%] Built target turtlesim__rosidl_generator_c
[3.053s] [ 16%] [34m[1mGenerating C type support dispatch for ROS interfaces[0m
[3.053s] [ 16%] [34m[1mGenerating C introspection for ROS interfaces[0m
[3.184s] [35m[1mScanning dependencies of target turtlesim__rosidl_typesupport_cpp[0m
[3.206s] [ 19%] [32mBuilding CXX object CMakeFiles/turtlesim__rosidl_typesupport_cpp.dir/rosidl_typesupport_cpp/turtlesim/msg/pose__type_support.cpp.o[0m
[3.206s] [ 19%] [32mBuilding CXX object CMakeFiles/turtlesim__rosidl_typesupport_cpp.dir/rosidl_typesupport_cpp/turtlesim/action/rotate_absolute__type_support.cpp.o[0m
[3.207s] [ 19%] [32mBuilding CXX object CMakeFiles/turtlesim__rosidl_typesupport_cpp.dir/rosidl_typesupport_cpp/turtlesim/msg/color__type_support.cpp.o[0m
[3.207s] [ 21%] [32mBuilding CXX object CMakeFiles/turtlesim__rosidl_typesupport_cpp.dir/rosidl_typesupport_cpp/turtlesim/srv/spawn__type_support.cpp.o[0m
[3.207s] [ 21%] [32mBuilding CXX object CMakeFiles/turtlesim__rosidl_typesupport_cpp.dir/rosidl_typesupport_cpp/turtlesim/srv/kill__type_support.cpp.o[0m
[3.207s] [ 22%] [32mBuilding CXX object CMakeFiles/turtlesim__rosidl_typesupport_cpp.dir/rosidl_typesupport_cpp/turtlesim/srv/set_pen__type_support.cpp.o[0m
[3.207s] [ 23%] [32mBuilding CXX object CMakeFiles/turtlesim__rosidl_typesupport_cpp.dir/rosidl_typesupport_cpp/turtlesim/srv/teleport_absolute__type_support.cpp.o[0m
[3.208s] [ 24%] [32mBuilding CXX object CMakeFiles/turtlesim__rosidl_typesupport_cpp.dir/rosidl_typesupport_cpp/turtlesim/srv/teleport_relative__type_support.cpp.o[0m
[3.509s] [35m[1mScanning dependencies of target turtlesim__rosidl_typesupport_introspection_cpp[0m
[3.535s] [ 25%] [32mBuilding CXX object CMakeFiles/turtlesim__rosidl_typesupport_introspection_cpp.dir/rosidl_typesupport_introspection_cpp/turtlesim/action/detail/rotate_absolute__type_support.cpp.o[0m
[3.594s] [ 26%] [32mBuilding CXX object CMakeFiles/turtlesim__rosidl_typesupport_introspection_cpp.dir/rosidl_typesupport_introspection_cpp/turtlesim/msg/detail/pose__type_support.cpp.o[0m
[3.594s] [ 27%] [32mBuilding CXX object CMakeFiles/turtlesim__rosidl_typesupport_introspection_cpp.dir/rosidl_typesupport_introspection_cpp/turtlesim/msg/detail/color__type_support.cpp.o[0m
[3.601s] [ 28%] [32mBuilding CXX object CMakeFiles/turtlesim__rosidl_typesupport_introspection_cpp.dir/rosidl_typesupport_introspection_cpp/turtlesim/srv/detail/kill__type_support.cpp.o[0m
[3.607s] [ 29%] [32mBuilding CXX object CMakeFiles/turtlesim__rosidl_typesupport_introspection_cpp.dir/rosidl_typesupport_introspection_cpp/turtlesim/srv/detail/set_pen__type_support.cpp.o[0m
[3.609s] [ 30%] [32mBuilding CXX object CMakeFiles/turtlesim__rosidl_typesupport_introspection_cpp.dir/rosidl_typesupport_introspection_cpp/turtlesim/srv/detail/spawn__type_support.cpp.o[0m
[3.662s] [ 31%] [32m[1mLinking CXX shared library libturtlesim__rosidl_typesupport_cpp.so[0m
[3.668s] [ 32%] [32mBuilding CXX object CMakeFiles/turtlesim__rosidl_typesupport_introspection_cpp.dir/rosidl_typesupport_introspection_cpp/turtlesim/srv/detail/teleport_absolute__type_support.cpp.o[0m
[3.669s] [35m[1mScanning dependencies of target turtlesim__rosidl_typesupport_fastrtps_cpp[0m
[3.694s] [35m[1mScanning dependencies of target turtlesim__rosidl_typesupport_c[0m
[3.699s] [ 33%] [32mBuilding CXX object CMakeFiles/turtlesim__rosidl_typesupport_introspection_cpp.dir/rosidl_typesupport_introspection_cpp/turtlesim/srv/detail/teleport_relative__type_support.cpp.o[0m
[3.712s] [ 34%] [32mBuilding CXX object CMakeFiles/turtlesim__rosidl_typesupport_fastrtps_cpp.dir/rosidl_typesupport_fastrtps_cpp/turtlesim/action/detail/dds_fastrtps/rotate_absolute__type_support.cpp.o[0m
[3.718s] [ 34%] Built target turtlesim__rosidl_typesupport_cpp
[3.722s] [ 35%] [32mBuilding CXX object CMakeFiles/turtlesim__rosidl_typesupport_c.dir/rosidl_typesupport_c/turtlesim/action/rotate_absolute__type_support.cpp.o[0m
[3.730s] [ 36%] [32mBuilding CXX object CMakeFiles/turtlesim__rosidl_typesupport_c.dir/rosidl_typesupport_c/turtlesim/msg/color__type_support.cpp.o[0m
[3.775s] [ 37%] [32mBuilding CXX object CMakeFiles/turtlesim__rosidl_typesupport_c.dir/rosidl_typesupport_c/turtlesim/msg/pose__type_support.cpp.o[0m
[3.801s] [ 38%] [32mBuilding CXX object CMakeFiles/turtlesim__rosidl_typesupport_c.dir/rosidl_typesupport_c/turtlesim/srv/kill__type_support.cpp.o[0m
[3.817s] [ 39%] [32mBuilding CXX object CMakeFiles/turtlesim__rosidl_typesupport_c.dir/rosidl_typesupport_c/turtlesim/srv/set_pen__type_support.cpp.o[0m
[3.843s] [ 40%] [32mBuilding CXX object CMakeFiles/turtlesim__rosidl_typesupport_c.dir/rosidl_typesupport_c/turtlesim/srv/spawn__type_support.cpp.o[0m
[3.859s] [ 41%] [32mBuilding CXX object CMakeFiles/turtlesim__rosidl_typesupport_c.dir/rosidl_typesupport_c/turtlesim/srv/teleport_absolute__type_support.cpp.o[0m
[3.886s] [ 42%] [32mBuilding CXX object CMakeFiles/turtlesim__rosidl_typesupport_c.dir/rosidl_typesupport_c/turtlesim/srv/teleport_relative__type_support.cpp.o[0m
[3.926s] [ 43%] [32m[1mLinking CXX shared library libturtlesim__rosidl_typesupport_c.so[0m
[3.968s] [ 44%] [32mBuilding CXX object CMakeFiles/turtlesim__rosidl_typesupport_fastrtps_cpp.dir/rosidl_typesupport_fastrtps_cpp/turtlesim/msg/detail/dds_fastrtps/color__type_support.cpp.o[0m
[3.971s] [ 45%] [32mBuilding CXX object CMakeFiles/turtlesim__rosidl_typesupport_fastrtps_cpp.dir/rosidl_typesupport_fastrtps_cpp/turtlesim/msg/detail/dds_fastrtps/pose__type_support.cpp.o[0m
[3.971s] [ 46%] [32mBuilding CXX object CMakeFiles/turtlesim__rosidl_typesupport_fastrtps_cpp.dir/rosidl_typesupport_fastrtps_cpp/turtlesim/srv/detail/dds_fastrtps/kill__type_support.cpp.o[0m
[3.976s] [35m[1mScanning dependencies of target turtlesim__rosidl_typesupport_introspection_c[0m
[3.981s] [ 47%] [32mBuilding CXX object CMakeFiles/turtlesim__rosidl_typesupport_fastrtps_cpp.dir/rosidl_typesupport_fastrtps_cpp/turtlesim/srv/detail/dds_fastrtps/set_pen__type_support.cpp.o[0m
[3.984s] [ 47%] Built target turtlesim__rosidl_typesupport_c
[3.995s] [ 49%] [32mBuilding CXX object CMakeFiles/turtlesim__rosidl_typesupport_fastrtps_cpp.dir/rosidl_typesupport_fastrtps_cpp/turtlesim/srv/detail/dds_fastrtps/teleport_absolute__type_support.cpp.o[0m
[3.995s] [ 49%] [32mBuilding CXX object CMakeFiles/turtlesim__rosidl_typesupport_fastrtps_cpp.dir/rosidl_typesupport_fastrtps_cpp/turtlesim/srv/detail/dds_fastrtps/spawn__type_support.cpp.o[0m
[3.996s] [ 50%] [32mBuilding CXX object CMakeFiles/turtlesim__rosidl_typesupport_fastrtps_cpp.dir/rosidl_typesupport_fastrtps_cpp/turtlesim/srv/detail/dds_fastrtps/teleport_relative__type_support.cpp.o[0m
[4.010s] [ 52%] [32mBuilding C object CMakeFiles/turtlesim__rosidl_typesupport_introspection_c.dir/rosidl_typesupport_introspection_c/turtlesim/msg/detail/color__type_support.c.o[0m
[4.010s] [ 52%] [32mBuilding C object CMakeFiles/turtlesim__rosidl_typesupport_introspection_c.dir/rosidl_typesupport_introspection_c/turtlesim/action/detail/rotate_absolute__type_support.c.o[0m
[4.057s] [ 53%] [32mBuilding C object CMakeFiles/turtlesim__rosidl_typesupport_introspection_c.dir/rosidl_typesupport_introspection_c/turtlesim/msg/detail/pose__type_support.c.o[0m
[4.067s] [ 54%] [32mBuilding C object CMakeFiles/turtlesim__rosidl_typesupport_introspection_c.dir/rosidl_typesupport_introspection_c/turtlesim/srv/detail/kill__type_support.c.o[0m
[4.071s] [ 55%] [32mBuilding C object CMakeFiles/turtlesim__rosidl_typesupport_introspection_c.dir/rosidl_typesupport_introspection_c/turtlesim/srv/detail/set_pen__type_support.c.o[0m
[4.087s] [ 56%] [32m[1mLinking CXX shared library libturtlesim__rosidl_typesupport_introspection_cpp.so[0m
[4.099s] [ 57%] [32mBuilding C object CMakeFiles/turtlesim__rosidl_typesupport_introspection_c.dir/rosidl_typesupport_introspection_c/turtlesim/srv/detail/spawn__type_support.c.o[0m
[4.118s] [ 58%] [32mBuilding C object CMakeFiles/turtlesim__rosidl_typesupport_introspection_c.dir/rosidl_typesupport_introspection_c/turtlesim/srv/detail/teleport_absolute__type_support.c.o[0m
[4.123s] [ 59%] [32mBuilding C object CMakeFiles/turtlesim__rosidl_typesupport_introspection_c.dir/rosidl_typesupport_introspection_c/turtlesim/srv/detail/teleport_relative__type_support.c.o[0m
[4.170s] [ 60%] [32m[1mLinking C shared library libturtlesim__rosidl_typesupport_introspection_c.so[0m
[4.199s] [ 60%] Built target turtlesim__rosidl_typesupport_introspection_cpp
[4.215s] [ 60%] Built target turtlesim__rosidl_typesupport_introspection_c
[4.514s] [ 61%] [32m[1mLinking CXX shared library libturtlesim__rosidl_typesupport_fastrtps_cpp.so[0m
[4.585s] [ 61%] Built target turtlesim__rosidl_typesupport_fastrtps_cpp
[4.593s] [ 62%] [34m[1mGenerating C type support for eProsima Fast-RTPS[0m
[5.123s] [35m[1mScanning dependencies of target turtlesim__rosidl_typesupport_fastrtps_c[0m
[5.151s] [ 64%] [32mBuilding CXX object CMakeFiles/turtlesim__rosidl_typesupport_fastrtps_c.dir/rosidl_typesupport_fastrtps_c/turtlesim/msg/detail/color__type_support_c.cpp.o[0m
[5.151s] [ 64%] [32mBuilding CXX object CMakeFiles/turtlesim__rosidl_typesupport_fastrtps_c.dir/rosidl_typesupport_fastrtps_c/turtlesim/srv/detail/kill__type_support_c.cpp.o[0m
[5.152s] [ 65%] [32mBuilding CXX object CMakeFiles/turtlesim__rosidl_typesupport_fastrtps_c.dir/rosidl_typesupport_fastrtps_c/turtlesim/srv/detail/spawn__type_support_c.cpp.o[0m
[5.153s] [ 66%] [32mBuilding CXX object CMakeFiles/turtlesim__rosidl_typesupport_fastrtps_c.dir/rosidl_typesupport_fastrtps_c/turtlesim/srv/detail/set_pen__type_support_c.cpp.o[0m
[5.153s] [ 67%] [32mBuilding CXX object CMakeFiles/turtlesim__rosidl_typesupport_fastrtps_c.dir/rosidl_typesupport_fastrtps_c/turtlesim/action/detail/rotate_absolute__type_support_c.cpp.o[0m
[5.153s] [ 68%] [32mBuilding CXX object CMakeFiles/turtlesim__rosidl_typesupport_fastrtps_c.dir/rosidl_typesupport_fastrtps_c/turtlesim/msg/detail/pose__type_support_c.cpp.o[0m
[5.154s] [ 69%] [32mBuilding CXX object CMakeFiles/turtlesim__rosidl_typesupport_fastrtps_c.dir/rosidl_typesupport_fastrtps_c/turtlesim/srv/detail/teleport_relative__type_support_c.cpp.o[0m
[5.154s] [ 70%] [32mBuilding CXX object CMakeFiles/turtlesim__rosidl_typesupport_fastrtps_c.dir/rosidl_typesupport_fastrtps_c/turtlesim/srv/detail/teleport_absolute__type_support_c.cpp.o[0m
[5.594s] [ 71%] [32m[1mLinking CXX shared library libturtlesim__rosidl_typesupport_fastrtps_c.so[0m
[5.665s] [ 71%] Built target turtlesim__rosidl_typesupport_fastrtps_c
[5.673s] [35m[1mScanning dependencies of target turtlesim[0m
[5.682s] [ 71%] Built target turtlesim
[5.690s] [35m[1mScanning dependencies of target mimic[0m
[5.690s] [35m[1mScanning dependencies of target draw_square[0m
[5.690s] [35m[1mScanning dependencies of target turtle_teleop_key[0m
[5.690s] [ 72%] [34m[1mGenerating include/turtlesim/moc_turtle_frame.cpp[0m
[5.690s] [35m[1mScanning dependencies of target turtlesim__py[0m
[5.699s] [ 73%] [34m[1mGenerating Python code for ROS interfaces[0m
[5.758s] [35m[1mScanning dependencies of target turtlesim_node[0m
[5.767s] [ 75%] [32mBuilding CXX object CMakeFiles/draw_square.dir/tutorials/draw_square.cpp.o[0m
[5.767s] [ 75%] [32mBuilding CXX object CMakeFiles/mimic.dir/tutorials/mimic.cpp.o[0m
[5.770s] [ 76%] [32mBuilding CXX object CMakeFiles/turtle_teleop_key.dir/tutorials/teleop_turtle_key.cpp.o[0m
[5.837s] [ 77%] [32mBuilding CXX object CMakeFiles/turtlesim_node.dir/src/turtle.cpp.o[0m
[5.838s] [ 78%] [32mBuilding CXX object CMakeFiles/turtlesim_node.dir/src/turtlesim.cpp.o[0m
[5.839s] [ 79%] [32mBuilding CXX object CMakeFiles/turtlesim_node.dir/src/turtle_frame.cpp.o[0m
[5.840s] [ 80%] [32mBuilding CXX object CMakeFiles/turtlesim_node.dir/include/turtlesim/moc_turtle_frame.cpp.o[0m
[8.123s] [ 80%] Built target turtlesim__py
[8.132s] [35m[1mScanning dependencies of target turtlesim__python[0m
[8.192s] [ 84%] [32mBuilding C object CMakeFiles/turtlesim__python.dir/rosidl_generator_py/turtlesim/srv/_set_pen_s.c.o[0m
[8.192s] [ 84%] [32mBuilding C object CMakeFiles/turtlesim__python.dir/rosidl_generator_py/turtlesim/msg/_pose_s.c.o[0m
[8.192s] [ 84%] [32mBuilding C object CMakeFiles/turtlesim__python.dir/rosidl_generator_py/turtlesim/action/_rotate_absolute_s.c.o[0m
[8.192s] [ 85%] [32mBuilding C object CMakeFiles/turtlesim__python.dir/rosidl_generator_py/turtlesim/srv/_kill_s.c.o[0m
[8.193s] [ 86%] [32mBuilding C object CMakeFiles/turtlesim__python.dir/rosidl_generator_py/turtlesim/srv/_spawn_s.c.o[0m
[8.193s] [ 84%] [32mBuilding C object CMakeFiles/turtlesim__python.dir/rosidl_generator_py/turtlesim/msg/_color_s.c.o[0m
[8.311s] [ 87%] [32mBuilding C object CMakeFiles/turtlesim__python.dir/rosidl_generator_py/turtlesim/srv/_teleport_absolute_s.c.o[0m
[8.320s] [ 88%] [32mBuilding C object CMakeFiles/turtlesim__python.dir/rosidl_generator_py/turtlesim/srv/_teleport_relative_s.c.o[0m
[8.433s] [ 89%] [32m[1mLinking C shared library rosidl_generator_py/turtlesim/libturtlesim__python.so[0m
[8.476s] [ 89%] Built target turtlesim__python
[8.488s] [35m[1mScanning dependencies of target turtlesim__rosidl_typesupport_c__pyext[0m
[8.488s] [35m[1mScanning dependencies of target turtlesim__rosidl_typesupport_introspection_c__pyext[0m
[8.488s] [35m[1mScanning dependencies of target turtlesim__rosidl_typesupport_fastrtps_c__pyext[0m
[8.514s] [ 90%] [32mBuilding C object CMakeFiles/turtlesim__rosidl_typesupport_c__pyext.dir/rosidl_generator_py/turtlesim/_turtlesim_s.ep.rosidl_typesupport_c.c.o[0m
[8.516s] [ 91%] [32mBuilding C object CMakeFiles/turtlesim__rosidl_typesupport_introspection_c__pyext.dir/rosidl_generator_py/turtlesim/_turtlesim_s.ep.rosidl_typesupport_introspection_c.c.o[0m
[8.520s] [ 92%] [32mBuilding C object CMakeFiles/turtlesim__rosidl_typesupport_fastrtps_c__pyext.dir/rosidl_generator_py/turtlesim/_turtlesim_s.ep.rosidl_typesupport_fastrtps_c.c.o[0m
[8.644s] [ 93%] [32m[1mLinking C shared library rosidl_generator_py/turtlesim/turtlesim_s__rosidl_typesupport_introspection_c.cpython-38-x86_64-linux-gnu.so[0m
[8.681s] [ 93%] Built target turtlesim__rosidl_typesupport_introspection_c__pyext
[8.700s] [ 94%] [32m[1mLinking C shared library rosidl_generator_py/turtlesim/turtlesim_s__rosidl_typesupport_c.cpython-38-x86_64-linux-gnu.so[0m
[8.717s] [ 95%] [32m[1mLinking CXX shared library rosidl_generator_py/turtlesim/turtlesim_s__rosidl_typesupport_fastrtps_c.cpython-38-x86_64-linux-gnu.so[0m
[8.740s] [ 95%] Built target turtlesim__rosidl_typesupport_c__pyext
[8.786s] [ 95%] Built target turtlesim__rosidl_typesupport_fastrtps_c__pyext
[9.325s] [ 96%] [32m[1mLinking CXX executable turtle_teleop_key[0m
[9.539s] [ 96%] Built target turtle_teleop_key
[10.003s] [ 97%] [32m[1mLinking CXX executable mimic[0m
[10.233s] [ 97%] Built target mimic
[11.696s] [ 98%] [32m[1mLinking CXX executable draw_square[0m
[11.938s] [ 98%] Built target draw_square
[12.671s] [100%] [32m[1mLinking CXX executable turtlesim_node[0m
[13.819s] [100%] Built target turtlesim_node
[13.828s] Invoked command in '/home/cyn/ros2/ros2_ws/build/turtlesim' returned '0': CMAKE_PREFIX_PATH=/opt/ros/foxy /usr/bin/cmake --build /home/cyn/ros2/ros2_ws/build/turtlesim -- -j12 -l12
[14.265s] Invoking command in '/home/cyn/ros2/ros2_ws/build/turtlesim': CMAKE_PREFIX_PATH=/opt/ros/foxy /usr/bin/cmake --install /home/cyn/ros2/ros2_ws/build/turtlesim
[14.277s] -- Install configuration: ""
[14.277s] -- Installing: /home/cyn/ros2/ros2_ws/install/turtlesim/share/ament_index/resource_index/rosidl_interfaces/turtlesim
[14.277s] -- Installing: /home/cyn/ros2/ros2_ws/install/turtlesim/include/turtlesim
[14.277s] -- Installing: /home/cyn/ros2/ros2_ws/install/turtlesim/include/turtlesim/srv
[14.277s] -- Installing: /home/cyn/ros2/ros2_ws/install/turtlesim/include/turtlesim/srv/detail
[14.278s] -- Installing: /home/cyn/ros2/ros2_ws/install/turtlesim/include/turtlesim/srv/detail/kill__functions.h
[14.278s] -- Installing: /home/cyn/ros2/ros2_ws/install/turtlesim/include/turtlesim/srv/detail/teleport_absolute__functions.c
[14.278s] -- Installing: /home/cyn/ros2/ros2_ws/install/turtlesim/include/turtlesim/srv/detail/teleport_absolute__type_support.h
[14.278s] -- Installing: /home/cyn/ros2/ros2_ws/install/turtlesim/include/turtlesim/srv/detail/teleport_absolute__struct.h
[14.278s] -- Installing: /home/cyn/ros2/ros2_ws/install/turtlesim/include/turtlesim/srv/detail/teleport_relative__functions.c
[14.278s] -- Installing: /home/cyn/ros2/ros2_ws/install/turtlesim/include/turtlesim/srv/detail/spawn__struct.h
[14.278s] -- Installing: /home/cyn/ros2/ros2_ws/install/turtlesim/include/turtlesim/srv/detail/set_pen__struct.h
[14.278s] -- Installing: /home/cyn/ros2/ros2_ws/install/turtlesim/include/turtlesim/srv/detail/kill__struct.h
[14.278s] -- Installing: /home/cyn/ros2/ros2_ws/install/turtlesim/include/turtlesim/srv/detail/teleport_relative__type_support.h
[14.278s] -- Installing: /home/cyn/ros2/ros2_ws/install/turtlesim/include/turtlesim/srv/detail/teleport_relative__functions.h
[14.278s] -- Installing: /home/cyn/ros2/ros2_ws/install/turtlesim/include/turtlesim/srv/detail/teleport_absolute__functions.h
[14.279s] -- Installing: /home/cyn/ros2/ros2_ws/install/turtlesim/include/turtlesim/srv/detail/spawn__functions.c
[14.279s] -- Installing: /home/cyn/ros2/ros2_ws/install/turtlesim/include/turtlesim/srv/detail/spawn__type_support.h
[14.279s] -- Installing: /home/cyn/ros2/ros2_ws/install/turtlesim/include/turtlesim/srv/detail/kill__functions.c
[14.279s] -- Installing: /home/cyn/ros2/ros2_ws/install/turtlesim/include/turtlesim/srv/detail/set_pen__functions.c
[14.279s] -- Installing: /home/cyn/ros2/ros2_ws/install/turtlesim/include/turtlesim/srv/detail/kill__type_support.h
[14.279s] -- Installing: /home/cyn/ros2/ros2_ws/install/turtlesim/include/turtlesim/srv/detail/spawn__functions.h
[14.279s] -- Installing: /home/cyn/ros2/ros2_ws/install/turtlesim/include/turtlesim/srv/detail/teleport_relative__struct.h
[14.279s] -- Installing: /home/cyn/ros2/ros2_ws/install/turtlesim/include/turtlesim/srv/detail/set_pen__functions.h
[14.280s] -- Installing: /home/cyn/ros2/ros2_ws/install/turtlesim/include/turtlesim/srv/detail/set_pen__type_support.h
[14.280s] -- Installing: /home/cyn/ros2/ros2_ws/install/turtlesim/include/turtlesim/srv/teleport_relative.h
[14.280s] -- Installing: /home/cyn/ros2/ros2_ws/install/turtlesim/include/turtlesim/srv/set_pen.h
[14.280s] -- Installing: /home/cyn/ros2/ros2_ws/install/turtlesim/include/turtlesim/srv/teleport_absolute.h
[14.280s] -- Installing: /home/cyn/ros2/ros2_ws/install/turtlesim/include/turtlesim/srv/spawn.h
[14.280s] -- Installing: /home/cyn/ros2/ros2_ws/install/turtlesim/include/turtlesim/srv/kill.h
[14.280s] -- Installing: /home/cyn/ros2/ros2_ws/install/turtlesim/include/turtlesim/action
[14.280s] -- Installing: /home/cyn/ros2/ros2_ws/install/turtlesim/include/turtlesim/action/detail
[14.280s] -- Installing: /home/cyn/ros2/ros2_ws/install/turtlesim/include/turtlesim/action/detail/rotate_absolute__struct.h
[14.281s] -- Installing: /home/cyn/ros2/ros2_ws/install/turtlesim/include/turtlesim/action/detail/rotate_absolute__type_support.h
[14.281s] -- Installing: /home/cyn/ros2/ros2_ws/install/turtlesim/include/turtlesim/action/detail/rotate_absolute__functions.c
[14.281s] -- Installing: /home/cyn/ros2/ros2_ws/install/turtlesim/include/turtlesim/action/detail/rotate_absolute__functions.h
[14.281s] -- Installing: /home/cyn/ros2/ros2_ws/install/turtlesim/include/turtlesim/action/rotate_absolute.h
[14.281s] -- Installing: /home/cyn/ros2/ros2_ws/install/turtlesim/include/turtlesim/msg
[14.281s] -- Installing: /home/cyn/ros2/ros2_ws/install/turtlesim/include/turtlesim/msg/color.h
[14.281s] -- Installing: /home/cyn/ros2/ros2_ws/install/turtlesim/include/turtlesim/msg/detail
[14.281s] -- Installing: /home/cyn/ros2/ros2_ws/install/turtlesim/include/turtlesim/msg/detail/color__type_support.h
[14.282s] -- Installing: /home/cyn/ros2/ros2_ws/install/turtlesim/include/turtlesim/msg/detail/color__functions.h
[14.282s] -- Installing: /home/cyn/ros2/ros2_ws/install/turtlesim/include/turtlesim/msg/detail/pose__type_support.h
[14.282s] -- Installing: /home/cyn/ros2/ros2_ws/install/turtlesim/include/turtlesim/msg/detail/color__functions.c
[14.282s] -- Installing: /home/cyn/ros2/ros2_ws/install/turtlesim/include/turtlesim/msg/detail/pose__functions.c
[14.282s] -- Installing: /home/cyn/ros2/ros2_ws/install/turtlesim/include/turtlesim/msg/detail/pose__struct.h
[14.282s] -- Installing: /home/cyn/ros2/ros2_ws/install/turtlesim/include/turtlesim/msg/detail/pose__functions.h
[14.282s] -- Installing: /home/cyn/ros2/ros2_ws/install/turtlesim/include/turtlesim/msg/detail/color__struct.h
[14.282s] -- Installing: /home/cyn/ros2/ros2_ws/install/turtlesim/include/turtlesim/msg/rosidl_generator_c__visibility_control.h
[14.282s] -- Installing: /home/cyn/ros2/ros2_ws/install/turtlesim/include/turtlesim/msg/pose.h
[14.283s] -- Installing: /home/cyn/ros2/ros2_ws/install/turtlesim/share/turtlesim/environment/library_path.sh
[14.283s] -- Installing: /home/cyn/ros2/ros2_ws/install/turtlesim/share/turtlesim/environment/library_path.dsv
[14.283s] -- Installing: /home/cyn/ros2/ros2_ws/install/turtlesim/lib/libturtlesim__rosidl_generator_c.so
[14.284s] -- Set runtime path of "/home/cyn/ros2/ros2_ws/install/turtlesim/lib/libturtlesim__rosidl_generator_c.so" to ""
[14.284s] -- Up-to-date: /home/cyn/ros2/ros2_ws/install/turtlesim/include/turtlesim
[14.284s] -- Up-to-date: /home/cyn/ros2/ros2_ws/install/turtlesim/include/turtlesim/srv
[14.284s] -- Up-to-date: /home/cyn/ros2/ros2_ws/install/turtlesim/include/turtlesim/srv/detail
[14.284s] -- Installing: /home/cyn/ros2/ros2_ws/install/turtlesim/include/turtlesim/srv/detail/spawn__rosidl_typesupport_fastrtps_c.h
[14.284s] -- Installing: /home/cyn/ros2/ros2_ws/install/turtlesim/include/turtlesim/srv/detail/teleport_relative__rosidl_typesupport_fastrtps_c.h
[14.284s] -- Installing: /home/cyn/ros2/ros2_ws/install/turtlesim/include/turtlesim/srv/detail/teleport_absolute__rosidl_typesupport_fastrtps_c.h
[14.284s] -- Installing: /home/cyn/ros2/ros2_ws/install/turtlesim/include/turtlesim/srv/detail/set_pen__rosidl_typesupport_fastrtps_c.h
[14.284s] -- Installing: /home/cyn/ros2/ros2_ws/install/turtlesim/include/turtlesim/srv/detail/kill__rosidl_typesupport_fastrtps_c.h
[14.284s] -- Up-to-date: /home/cyn/ros2/ros2_ws/install/turtlesim/include/turtlesim/action
[14.284s] -- Up-to-date: /home/cyn/ros2/ros2_ws/install/turtlesim/include/turtlesim/action/detail
[14.284s] -- Installing: /home/cyn/ros2/ros2_ws/install/turtlesim/include/turtlesim/action/detail/rotate_absolute__rosidl_typesupport_fastrtps_c.h
[14.285s] -- Up-to-date: /home/cyn/ros2/ros2_ws/install/turtlesim/include/turtlesim/msg
[14.285s] -- Installing: /home/cyn/ros2/ros2_ws/install/turtlesim/include/turtlesim/msg/rosidl_typesupport_fastrtps_c__visibility_control.h
[14.285s] -- Up-to-date: /home/cyn/ros2/ros2_ws/install/turtlesim/include/turtlesim/msg/detail
[14.285s] -- Installing: /home/cyn/ros2/ros2_ws/install/turtlesim/include/turtlesim/msg/detail/color__rosidl_typesupport_fastrtps_c.h
[14.285s] -- Installing: /home/cyn/ros2/ros2_ws/install/turtlesim/include/turtlesim/msg/detail/pose__rosidl_typesupport_fastrtps_c.h
[14.285s] -- Installing: /home/cyn/ros2/ros2_ws/install/turtlesim/lib/libturtlesim__rosidl_typesupport_fastrtps_c.so
[14.286s] -- Set runtime path of "/home/cyn/ros2/ros2_ws/install/turtlesim/lib/libturtlesim__rosidl_typesupport_fastrtps_c.so" to ""
[14.286s] -- Up-to-date: /home/cyn/ros2/ros2_ws/install/turtlesim/include/turtlesim
[14.286s] -- Up-to-date: /home/cyn/ros2/ros2_ws/install/turtlesim/include/turtlesim/srv
[14.286s] -- Up-to-date: /home/cyn/ros2/ros2_ws/install/turtlesim/include/turtlesim/srv/detail
[14.286s] -- Installing: /home/cyn/ros2/ros2_ws/install/turtlesim/include/turtlesim/srv/detail/spawn__rosidl_typesupport_fastrtps_cpp.hpp
[14.286s] -- Installing: /home/cyn/ros2/ros2_ws/install/turtlesim/include/turtlesim/srv/detail/dds_fastrtps
[14.286s] -- Installing: /home/cyn/ros2/ros2_ws/install/turtlesim/include/turtlesim/srv/detail/kill__rosidl_typesupport_fastrtps_cpp.hpp
[14.286s] -- Installing: /home/cyn/ros2/ros2_ws/install/turtlesim/include/turtlesim/srv/detail/set_pen__rosidl_typesupport_fastrtps_cpp.hpp
[14.286s] -- Installing: /home/cyn/ros2/ros2_ws/install/turtlesim/include/turtlesim/srv/detail/teleport_absolute__rosidl_typesupport_fastrtps_cpp.hpp
[14.287s] -- Installing: /home/cyn/ros2/ros2_ws/install/turtlesim/include/turtlesim/srv/detail/teleport_relative__rosidl_typesupport_fastrtps_cpp.hpp
[14.287s] -- Up-to-date: /home/cyn/ros2/ros2_ws/install/turtlesim/include/turtlesim/action
[14.287s] -- Up-to-date: /home/cyn/ros2/ros2_ws/install/turtlesim/include/turtlesim/action/detail
[14.287s] -- Installing: /home/cyn/ros2/ros2_ws/install/turtlesim/include/turtlesim/action/detail/dds_fastrtps
[14.287s] -- Installing: /home/cyn/ros2/ros2_ws/install/turtlesim/include/turtlesim/action/detail/rotate_absolute__rosidl_typesupport_fastrtps_cpp.hpp
[14.287s] -- Up-to-date: /home/cyn/ros2/ros2_ws/install/turtlesim/include/turtlesim/msg
[14.287s] -- Up-to-date: /home/cyn/ros2/ros2_ws/install/turtlesim/include/turtlesim/msg/detail
[14.287s] -- Installing: /home/cyn/ros2/ros2_ws/install/turtlesim/include/turtlesim/msg/detail/pose__rosidl_typesupport_fastrtps_cpp.hpp
[14.287s] -- Installing: /home/cyn/ros2/ros2_ws/install/turtlesim/include/turtlesim/msg/detail/dds_fastrtps
[14.287s] -- Installing: /home/cyn/ros2/ros2_ws/install/turtlesim/include/turtlesim/msg/detail/color__rosidl_typesupport_fastrtps_cpp.hpp
[14.287s] -- Installing: /home/cyn/ros2/ros2_ws/install/turtlesim/include/turtlesim/msg/rosidl_typesupport_fastrtps_cpp__visibility_control.h
[14.287s] -- Installing: /home/cyn/ros2/ros2_ws/install/turtlesim/lib/libturtlesim__rosidl_typesupport_fastrtps_cpp.so
[14.288s] -- Set runtime path of "/home/cyn/ros2/ros2_ws/install/turtlesim/lib/libturtlesim__rosidl_typesupport_fastrtps_cpp.so" to ""
[14.288s] -- Up-to-date: /home/cyn/ros2/ros2_ws/install/turtlesim/include/turtlesim
[14.288s] -- Up-to-date: /home/cyn/ros2/ros2_ws/install/turtlesim/include/turtlesim/srv
[14.288s] -- Up-to-date: /home/cyn/ros2/ros2_ws/install/turtlesim/include/turtlesim/srv/detail
[14.288s] -- Installing: /home/cyn/ros2/ros2_ws/install/turtlesim/include/turtlesim/srv/detail/kill__type_support.c
[14.288s] -- Installing: /home/cyn/ros2/ros2_ws/install/turtlesim/include/turtlesim/srv/detail/teleport_relative__type_support.c
[14.288s] -- Installing: /home/cyn/ros2/ros2_ws/install/turtlesim/include/turtlesim/srv/detail/teleport_absolute__type_support.c
[14.288s] -- Installing: /home/cyn/ros2/ros2_ws/install/turtlesim/include/turtlesim/srv/detail/teleport_absolute__rosidl_typesupport_introspection_c.h
[14.288s] -- Installing: /home/cyn/ros2/ros2_ws/install/turtlesim/include/turtlesim/srv/detail/teleport_relative__rosidl_typesupport_introspection_c.h
[14.289s] -- Installing: /home/cyn/ros2/ros2_ws/install/turtlesim/include/turtlesim/srv/detail/spawn__rosidl_typesupport_introspection_c.h
[14.289s] -- Installing: /home/cyn/ros2/ros2_ws/install/turtlesim/include/turtlesim/srv/detail/set_pen__type_support.c
[14.289s] -- Installing: /home/cyn/ros2/ros2_ws/install/turtlesim/include/turtlesim/srv/detail/spawn__type_support.c
[14.289s] -- Installing: /home/cyn/ros2/ros2_ws/install/turtlesim/include/turtlesim/srv/detail/kill__rosidl_typesupport_introspection_c.h
[14.289s] -- Installing: /home/cyn/ros2/ros2_ws/install/turtlesim/include/turtlesim/srv/detail/set_pen__rosidl_typesupport_introspection_c.h
[14.289s] -- Up-to-date: /home/cyn/ros2/ros2_ws/install/turtlesim/include/turtlesim/action
[14.289s] -- Up-to-date: /home/cyn/ros2/ros2_ws/install/turtlesim/include/turtlesim/action/detail
[14.289s] -- Installing: /home/cyn/ros2/ros2_ws/install/turtlesim/include/turtlesim/action/detail/rotate_absolute__type_support.c
[14.289s] -- Installing: /home/cyn/ros2/ros2_ws/install/turtlesim/include/turtlesim/action/detail/rotate_absolute__rosidl_typesupport_introspection_c.h
[14.289s] -- Up-to-date: /home/cyn/ros2/ros2_ws/install/turtlesim/include/turtlesim/msg
[14.289s] -- Up-to-date: /home/cyn/ros2/ros2_ws/install/turtlesim/include/turtlesim/msg/detail
[14.289s] -- Installing: /home/cyn/ros2/ros2_ws/install/turtlesim/include/turtlesim/msg/detail/color__rosidl_typesupport_introspection_c.h
[14.290s] -- Installing: /home/cyn/ros2/ros2_ws/install/turtlesim/include/turtlesim/msg/detail/pose__rosidl_typesupport_introspection_c.h
[14.290s] -- Installing: /home/cyn/ros2/ros2_ws/install/turtlesim/include/turtlesim/msg/detail/color__type_support.c
[14.290s] -- Installing: /home/cyn/ros2/ros2_ws/install/turtlesim/include/turtlesim/msg/detail/pose__type_support.c
[14.290s] -- Installing: /home/cyn/ros2/ros2_ws/install/turtlesim/include/turtlesim/msg/rosidl_typesupport_introspection_c__visibility_control.h
[14.290s] -- Installing: /home/cyn/ros2/ros2_ws/install/turtlesim/lib/libturtlesim__rosidl_typesupport_introspection_c.so
[14.290s] -- Set runtime path of "/home/cyn/ros2/ros2_ws/install/turtlesim/lib/libturtlesim__rosidl_typesupport_introspection_c.so" to ""
[14.291s] -- Installing: /home/cyn/ros2/ros2_ws/install/turtlesim/lib/libturtlesim__rosidl_typesupport_c.so
[14.291s] -- Set runtime path of "/home/cyn/ros2/ros2_ws/install/turtlesim/lib/libturtlesim__rosidl_typesupport_c.so" to ""
[14.291s] -- Up-to-date: /home/cyn/ros2/ros2_ws/install/turtlesim/include/turtlesim
[14.291s] -- Up-to-date: /home/cyn/ros2/ros2_ws/install/turtlesim/include/turtlesim/srv
[14.291s] -- Installing: /home/cyn/ros2/ros2_ws/install/turtlesim/include/turtlesim/srv/teleport_relative.hpp
[14.291s] -- Installing: /home/cyn/ros2/ros2_ws/install/turtlesim/include/turtlesim/srv/set_pen.hpp
[14.291s] -- Up-to-date: /home/cyn/ros2/ros2_ws/install/turtlesim/include/turtlesim/srv/detail
[14.291s] -- Installing: /home/cyn/ros2/ros2_ws/install/turtlesim/include/turtlesim/srv/detail/spawn__struct.hpp
[14.292s] -- Installing: /home/cyn/ros2/ros2_ws/install/turtlesim/include/turtlesim/srv/detail/teleport_absolute__traits.hpp
[14.292s] -- Installing: /home/cyn/ros2/ros2_ws/install/turtlesim/include/turtlesim/srv/detail/set_pen__struct.hpp
[14.292s] -- Installing: /home/cyn/ros2/ros2_ws/install/turtlesim/include/turtlesim/srv/detail/kill__struct.hpp
[14.292s] -- Installing: /home/cyn/ros2/ros2_ws/install/turtlesim/include/turtlesim/srv/detail/teleport_relative__builder.hpp
[14.292s] -- Installing: /home/cyn/ros2/ros2_ws/install/turtlesim/include/turtlesim/srv/detail/spawn__traits.hpp
[14.292s] -- Installing: /home/cyn/ros2/ros2_ws/install/turtlesim/include/turtlesim/srv/detail/spawn__builder.hpp
[14.292s] -- Installing: /home/cyn/ros2/ros2_ws/install/turtlesim/include/turtlesim/srv/detail/teleport_absolute__builder.hpp
[14.292s] -- Installing: /home/cyn/ros2/ros2_ws/install/turtlesim/include/turtlesim/srv/detail/kill__builder.hpp
[14.292s] -- Installing: /home/cyn/ros2/ros2_ws/install/turtlesim/include/turtlesim/srv/detail/teleport_relative__traits.hpp
[14.292s] -- Installing: /home/cyn/ros2/ros2_ws/install/turtlesim/include/turtlesim/srv/detail/teleport_absolute__struct.hpp
[14.292s] -- Installing: /home/cyn/ros2/ros2_ws/install/turtlesim/include/turtlesim/srv/detail/set_pen__builder.hpp
[14.293s] -- Installing: /home/cyn/ros2/ros2_ws/install/turtlesim/include/turtlesim/srv/detail/teleport_relative__struct.hpp
[14.293s] -- Installing: /home/cyn/ros2/ros2_ws/install/turtlesim/include/turtlesim/srv/detail/kill__traits.hpp
[14.293s] -- Installing: /home/cyn/ros2/ros2_ws/install/turtlesim/include/turtlesim/srv/detail/set_pen__traits.hpp
[14.293s] -- Installing: /home/cyn/ros2/ros2_ws/install/turtlesim/include/turtlesim/srv/kill.hpp
[14.293s] -- Installing: /home/cyn/ros2/ros2_ws/install/turtlesim/include/turtlesim/srv/spawn.hpp
[14.293s] -- Installing: /home/cyn/ros2/ros2_ws/install/turtlesim/include/turtlesim/srv/teleport_absolute.hpp
[14.293s] -- Up-to-date: /home/cyn/ros2/ros2_ws/install/turtlesim/include/turtlesim/action
[14.293s] -- Up-to-date: /home/cyn/ros2/ros2_ws/install/turtlesim/include/turtlesim/action/detail
[14.293s] -- Installing: /home/cyn/ros2/ros2_ws/install/turtlesim/include/turtlesim/action/detail/rotate_absolute__traits.hpp
[14.293s] -- Installing: /home/cyn/ros2/ros2_ws/install/turtlesim/include/turtlesim/action/detail/rotate_absolute__struct.hpp
[14.293s] -- Installing: /home/cyn/ros2/ros2_ws/install/turtlesim/include/turtlesim/action/detail/rotate_absolute__builder.hpp
[14.293s] -- Installing: /home/cyn/ros2/ros2_ws/install/turtlesim/include/turtlesim/action/rotate_absolute.hpp
[14.294s] -- Up-to-date: /home/cyn/ros2/ros2_ws/install/turtlesim/include/turtlesim/msg
[14.294s] -- Up-to-date: /home/cyn/ros2/ros2_ws/install/turtlesim/include/turtlesim/msg/detail
[14.294s] -- Installing: /home/cyn/ros2/ros2_ws/install/turtlesim/include/turtlesim/msg/detail/pose__builder.hpp
[14.294s] -- Installing: /home/cyn/ros2/ros2_ws/install/turtlesim/include/turtlesim/msg/detail/color__builder.hpp
[14.294s] -- Installing: /home/cyn/ros2/ros2_ws/install/turtlesim/include/turtlesim/msg/detail/color__struct.hpp
[14.294s] -- Installing: /home/cyn/ros2/ros2_ws/install/turtlesim/include/turtlesim/msg/detail/color__traits.hpp
[14.294s] -- Installing: /home/cyn/ros2/ros2_ws/install/turtlesim/include/turtlesim/msg/detail/pose__struct.hpp
[14.294s] -- Installing: /home/cyn/ros2/ros2_ws/install/turtlesim/include/turtlesim/msg/detail/pose__traits.hpp
[14.294s] -- Installing: /home/cyn/ros2/ros2_ws/install/turtlesim/include/turtlesim/msg/color.hpp
[14.294s] -- Installing: /home/cyn/ros2/ros2_ws/install/turtlesim/include/turtlesim/msg/pose.hpp
[14.294s] -- Up-to-date: /home/cyn/ros2/ros2_ws/install/turtlesim/include/turtlesim
[14.294s] -- Up-to-date: /home/cyn/ros2/ros2_ws/install/turtlesim/include/turtlesim/srv
[14.294s] -- Up-to-date: /home/cyn/ros2/ros2_ws/install/turtlesim/include/turtlesim/srv/detail
[14.295s] -- Installing: /home/cyn/ros2/ros2_ws/install/turtlesim/include/turtlesim/srv/detail/teleport_relative__type_support.cpp
[14.295s] -- Installing: /home/cyn/ros2/ros2_ws/install/turtlesim/include/turtlesim/srv/detail/spawn__rosidl_typesupport_introspection_cpp.hpp
[14.295s] -- Installing: /home/cyn/ros2/ros2_ws/install/turtlesim/include/turtlesim/srv/detail/spawn__type_support.cpp
[14.295s] -- Installing: /home/cyn/ros2/ros2_ws/install/turtlesim/include/turtlesim/srv/detail/set_pen__rosidl_typesupport_introspection_cpp.hpp
[14.295s] -- Installing: /home/cyn/ros2/ros2_ws/install/turtlesim/include/turtlesim/srv/detail/kill__type_support.cpp
[14.295s] -- Installing: /home/cyn/ros2/ros2_ws/install/turtlesim/include/turtlesim/srv/detail/teleport_absolute__rosidl_typesupport_introspection_cpp.hpp
[14.295s] -- Installing: /home/cyn/ros2/ros2_ws/install/turtlesim/include/turtlesim/srv/detail/teleport_relative__rosidl_typesupport_introspection_cpp.hpp
[14.295s] -- Installing: /home/cyn/ros2/ros2_ws/install/turtlesim/include/turtlesim/srv/detail/kill__rosidl_typesupport_introspection_cpp.hpp
[14.295s] -- Installing: /home/cyn/ros2/ros2_ws/install/turtlesim/include/turtlesim/srv/detail/set_pen__type_support.cpp
[14.295s] -- Installing: /home/cyn/ros2/ros2_ws/install/turtlesim/include/turtlesim/srv/detail/teleport_absolute__type_support.cpp
[14.295s] -- Up-to-date: /home/cyn/ros2/ros2_ws/install/turtlesim/include/turtlesim/action
[14.295s] -- Up-to-date: /home/cyn/ros2/ros2_ws/install/turtlesim/include/turtlesim/action/detail
[14.296s] -- Installing: /home/cyn/ros2/ros2_ws/install/turtlesim/include/turtlesim/action/detail/rotate_absolute__rosidl_typesupport_introspection_cpp.hpp
[14.296s] -- Installing: /home/cyn/ros2/ros2_ws/install/turtlesim/include/turtlesim/action/detail/rotate_absolute__type_support.cpp
[14.296s] -- Up-to-date: /home/cyn/ros2/ros2_ws/install/turtlesim/include/turtlesim/msg
[14.296s] -- Up-to-date: /home/cyn/ros2/ros2_ws/install/turtlesim/include/turtlesim/msg/detail
[14.296s] -- Installing: /home/cyn/ros2/ros2_ws/install/turtlesim/include/turtlesim/msg/detail/color__rosidl_typesupport_introspection_cpp.hpp
[14.296s] -- Installing: /home/cyn/ros2/ros2_ws/install/turtlesim/include/turtlesim/msg/detail/pose__rosidl_typesupport_introspection_cpp.hpp
[14.296s] -- Installing: /home/cyn/ros2/ros2_ws/install/turtlesim/include/turtlesim/msg/detail/pose__type_support.cpp
[14.296s] -- Installing: /home/cyn/ros2/ros2_ws/install/turtlesim/include/turtlesim/msg/detail/color__type_support.cpp
[14.296s] -- Installing: /home/cyn/ros2/ros2_ws/install/turtlesim/lib/libturtlesim__rosidl_typesupport_introspection_cpp.so
[14.297s] -- Set runtime path of "/home/cyn/ros2/ros2_ws/install/turtlesim/lib/libturtlesim__rosidl_typesupport_introspection_cpp.so" to ""
[14.297s] -- Installing: /home/cyn/ros2/ros2_ws/install/turtlesim/lib/libturtlesim__rosidl_typesupport_cpp.so
[14.297s] -- Set runtime path of "/home/cyn/ros2/ros2_ws/install/turtlesim/lib/libturtlesim__rosidl_typesupport_cpp.so" to ""
[14.297s] -- Installing: /home/cyn/ros2/ros2_ws/install/turtlesim/share/turtlesim/environment/pythonpath.sh
[14.298s] -- Installing: /home/cyn/ros2/ros2_ws/install/turtlesim/share/turtlesim/environment/pythonpath.dsv
[14.298s] -- Installing: /home/cyn/ros2/ros2_ws/install/turtlesim/lib/python3.8/site-packages/turtlesim/__init__.py
[14.324s] Compiling '/home/cyn/ros2/ros2_ws/install/turtlesim/lib/python3.8/site-packages/turtlesim/__init__.py'...
[14.327s] -- Installing: /home/cyn/ros2/ros2_ws/install/turtlesim/lib/python3.8/site-packages/turtlesim/action
[14.327s] -- Installing: /home/cyn/ros2/ros2_ws/install/turtlesim/lib/python3.8/site-packages/turtlesim/action/__init__.py
[14.327s] -- Installing: /home/cyn/ros2/ros2_ws/install/turtlesim/lib/python3.8/site-packages/turtlesim/action/_rotate_absolute.py
[14.327s] -- Installing: /home/cyn/ros2/ros2_ws/install/turtlesim/lib/python3.8/site-packages/turtlesim/action/_rotate_absolute_s.c
[14.327s] -- Installing: /home/cyn/ros2/ros2_ws/install/turtlesim/lib/python3.8/site-packages/turtlesim/msg
[14.327s] -- Installing: /home/cyn/ros2/ros2_ws/install/turtlesim/lib/python3.8/site-packages/turtlesim/msg/__init__.py
[14.327s] -- Installing: /home/cyn/ros2/ros2_ws/install/turtlesim/lib/python3.8/site-packages/turtlesim/msg/_color_s.c
[14.327s] -- Installing: /home/cyn/ros2/ros2_ws/install/turtlesim/lib/python3.8/site-packages/turtlesim/msg/_color.py
[14.328s] -- Installing: /home/cyn/ros2/ros2_ws/install/turtlesim/lib/python3.8/site-packages/turtlesim/msg/_pose.py
[14.328s] -- Installing: /home/cyn/ros2/ros2_ws/install/turtlesim/lib/python3.8/site-packages/turtlesim/msg/_pose_s.c
[14.328s] -- Installing: /home/cyn/ros2/ros2_ws/install/turtlesim/lib/python3.8/site-packages/turtlesim/srv
[14.328s] -- Installing: /home/cyn/ros2/ros2_ws/install/turtlesim/lib/python3.8/site-packages/turtlesim/srv/__init__.py
[14.328s] -- Installing: /home/cyn/ros2/ros2_ws/install/turtlesim/lib/python3.8/site-packages/turtlesim/srv/_kill_s.c
[14.328s] -- Installing: /home/cyn/ros2/ros2_ws/install/turtlesim/lib/python3.8/site-packages/turtlesim/srv/_spawn.py
[14.328s] -- Installing: /home/cyn/ros2/ros2_ws/install/turtlesim/lib/python3.8/site-packages/turtlesim/srv/_kill.py
[14.328s] -- Installing: /home/cyn/ros2/ros2_ws/install/turtlesim/lib/python3.8/site-packages/turtlesim/srv/_set_pen_s.c
[14.328s] -- Installing: /home/cyn/ros2/ros2_ws/install/turtlesim/lib/python3.8/site-packages/turtlesim/srv/_teleport_absolute.py
[14.328s] -- Installing: /home/cyn/ros2/ros2_ws/install/turtlesim/lib/python3.8/site-packages/turtlesim/srv/_set_pen.py
[14.328s] -- Installing: /home/cyn/ros2/ros2_ws/install/turtlesim/lib/python3.8/site-packages/turtlesim/srv/_teleport_relative.py
[14.329s] -- Installing: /home/cyn/ros2/ros2_ws/install/turtlesim/lib/python3.8/site-packages/turtlesim/srv/_teleport_absolute_s.c
[14.329s] -- Installing: /home/cyn/ros2/ros2_ws/install/turtlesim/lib/python3.8/site-packages/turtlesim/srv/_teleport_relative_s.c
[14.329s] -- Installing: /home/cyn/ros2/ros2_ws/install/turtlesim/lib/python3.8/site-packages/turtlesim/srv/_spawn_s.c
[14.329s] -- Installing: /home/cyn/ros2/ros2_ws/install/turtlesim/lib/python3.8/site-packages/turtlesim/turtlesim_s__rosidl_typesupport_fastrtps_c.cpython-38-x86_64-linux-gnu.so
[14.330s] -- Set runtime path of "/home/cyn/ros2/ros2_ws/install/turtlesim/lib/python3.8/site-packages/turtlesim/turtlesim_s__rosidl_typesupport_fastrtps_c.cpython-38-x86_64-linux-gnu.so" to ""
[14.330s] -- Installing: /home/cyn/ros2/ros2_ws/install/turtlesim/lib/python3.8/site-packages/turtlesim/turtlesim_s__rosidl_typesupport_introspection_c.cpython-38-x86_64-linux-gnu.so
[14.330s] -- Set runtime path of "/home/cyn/ros2/ros2_ws/install/turtlesim/lib/python3.8/site-packages/turtlesim/turtlesim_s__rosidl_typesupport_introspection_c.cpython-38-x86_64-linux-gnu.so" to ""
[14.330s] -- Installing: /home/cyn/ros2/ros2_ws/install/turtlesim/lib/python3.8/site-packages/turtlesim/turtlesim_s__rosidl_typesupport_c.cpython-38-x86_64-linux-gnu.so
[14.331s] -- Set runtime path of "/home/cyn/ros2/ros2_ws/install/turtlesim/lib/python3.8/site-packages/turtlesim/turtlesim_s__rosidl_typesupport_c.cpython-38-x86_64-linux-gnu.so" to ""
[14.331s] -- Installing: /home/cyn/ros2/ros2_ws/install/turtlesim/lib/libturtlesim__python.so
[14.331s] -- Set runtime path of "/home/cyn/ros2/ros2_ws/install/turtlesim/lib/libturtlesim__python.so" to ""
[14.331s] -- Installing: /home/cyn/ros2/ros2_ws/install/turtlesim/share/turtlesim/action/RotateAbsolute.idl
[14.332s] -- Installing: /home/cyn/ros2/ros2_ws/install/turtlesim/share/turtlesim/msg/Color.idl
[14.332s] -- Installing: /home/cyn/ros2/ros2_ws/install/turtlesim/share/turtlesim/msg/Pose.idl
[14.332s] -- Installing: /home/cyn/ros2/ros2_ws/install/turtlesim/share/turtlesim/srv/Kill.idl
[14.332s] -- Installing: /home/cyn/ros2/ros2_ws/install/turtlesim/share/turtlesim/srv/SetPen.idl
[14.332s] -- Installing: /home/cyn/ros2/ros2_ws/install/turtlesim/share/turtlesim/srv/Spawn.idl
[14.332s] -- Installing: /home/cyn/ros2/ros2_ws/install/turtlesim/share/turtlesim/srv/TeleportAbsolute.idl
[14.332s] -- Installing: /home/cyn/ros2/ros2_ws/install/turtlesim/share/turtlesim/srv/TeleportRelative.idl
[14.332s] -- Installing: /home/cyn/ros2/ros2_ws/install/turtlesim/share/turtlesim/action/RotateAbsolute.action
[14.332s] -- Installing: /home/cyn/ros2/ros2_ws/install/turtlesim/share/turtlesim/msg/Color.msg
[14.333s] -- Installing: /home/cyn/ros2/ros2_ws/install/turtlesim/share/turtlesim/msg/Pose.msg
[14.333s] -- Installing: /home/cyn/ros2/ros2_ws/install/turtlesim/share/turtlesim/srv/Kill.srv
[14.333s] -- Installing: /home/cyn/ros2/ros2_ws/install/turtlesim/share/turtlesim/srv/Kill_Request.msg
[14.333s] -- Installing: /home/cyn/ros2/ros2_ws/install/turtlesim/share/turtlesim/srv/Kill_Response.msg
[14.333s] -- Installing: /home/cyn/ros2/ros2_ws/install/turtlesim/share/turtlesim/srv/SetPen.srv
[14.333s] -- Installing: /home/cyn/ros2/ros2_ws/install/turtlesim/share/turtlesim/srv/SetPen_Request.msg
[14.333s] -- Installing: /home/cyn/ros2/ros2_ws/install/turtlesim/share/turtlesim/srv/SetPen_Response.msg
[14.333s] -- Installing: /home/cyn/ros2/ros2_ws/install/turtlesim/share/turtlesim/srv/Spawn.srv
[14.334s] -- Installing: /home/cyn/ros2/ros2_ws/install/turtlesim/share/turtlesim/srv/Spawn_Request.msg
[14.334s] -- Installing: /home/cyn/ros2/ros2_ws/install/turtlesim/share/turtlesim/srv/Spawn_Response.msg
[14.334s] -- Installing: /home/cyn/ros2/ros2_ws/install/turtlesim/share/turtlesim/srv/TeleportAbsolute.srv
[14.334s] -- Installing: /home/cyn/ros2/ros2_ws/install/turtlesim/share/turtlesim/srv/TeleportAbsolute_Request.msg
[14.334s] -- Installing: /home/cyn/ros2/ros2_ws/install/turtlesim/share/turtlesim/srv/TeleportAbsolute_Response.msg
[14.334s] -- Installing: /home/cyn/ros2/ros2_ws/install/turtlesim/share/turtlesim/srv/TeleportRelative.srv
[14.334s] -- Installing: /home/cyn/ros2/ros2_ws/install/turtlesim/share/turtlesim/srv/TeleportRelative_Request.msg
[14.334s] -- Installing: /home/cyn/ros2/ros2_ws/install/turtlesim/share/turtlesim/srv/TeleportRelative_Response.msg
[14.334s] -- Installing: /home/cyn/ros2/ros2_ws/install/turtlesim/lib/turtlesim/turtlesim_node
[14.338s] -- Set runtime path of "/home/cyn/ros2/ros2_ws/install/turtlesim/lib/turtlesim/turtlesim_node" to ""
[14.338s] -- Installing: /home/cyn/ros2/ros2_ws/install/turtlesim/lib/turtlesim/turtle_teleop_key
[14.340s] -- Set runtime path of "/home/cyn/ros2/ros2_ws/install/turtlesim/lib/turtlesim/turtle_teleop_key" to ""
[14.340s] -- Installing: /home/cyn/ros2/ros2_ws/install/turtlesim/lib/turtlesim/draw_square
[14.342s] -- Set runtime path of "/home/cyn/ros2/ros2_ws/install/turtlesim/lib/turtlesim/draw_square" to ""
[14.342s] -- Installing: /home/cyn/ros2/ros2_ws/install/turtlesim/lib/turtlesim/mimic
[14.344s] -- Set runtime path of "/home/cyn/ros2/ros2_ws/install/turtlesim/lib/turtlesim/mimic" to ""
[14.344s] -- Installing: /home/cyn/ros2/ros2_ws/install/turtlesim/share/turtlesim/images
[14.344s] -- Installing: /home/cyn/ros2/ros2_ws/install/turtlesim/share/turtlesim/images/ardent.png
[14.344s] -- Installing: /home/cyn/ros2/ros2_ws/install/turtlesim/share/turtlesim/images/eloquent.png
[14.344s] -- Installing: /home/cyn/ros2/ros2_ws/install/turtlesim/share/turtlesim/images/bouncy.png
[14.344s] -- Installing: /home/cyn/ros2/ros2_ws/install/turtlesim/share/turtlesim/images/dashing.png
[14.344s] -- Installing: /home/cyn/ros2/ros2_ws/install/turtlesim/share/turtlesim/images/foxy.png
[14.344s] -- Installing: /home/cyn/ros2/ros2_ws/install/turtlesim/share/turtlesim/images/crystal.png
[14.344s] -- Installing: /home/cyn/ros2/ros2_ws/install/turtlesim/share/turtlesim/launch
[14.344s] -- Installing: /home/cyn/ros2/ros2_ws/install/turtlesim/share/turtlesim/launch/multisim.launch.py
[14.344s] -- Installing: /home/cyn/ros2/ros2_ws/install/turtlesim/share/ament_index/resource_index/package_run_dependencies/turtlesim
[14.345s] -- Installing: /home/cyn/ros2/ros2_ws/install/turtlesim/share/ament_index/resource_index/parent_prefix_path/turtlesim
[14.345s] -- Installing: /home/cyn/ros2/ros2_ws/install/turtlesim/share/turtlesim/environment/ament_prefix_path.sh
[14.345s] -- Installing: /home/cyn/ros2/ros2_ws/install/turtlesim/share/turtlesim/environment/ament_prefix_path.dsv
[14.345s] -- Installing: /home/cyn/ros2/ros2_ws/install/turtlesim/share/turtlesim/environment/path.sh
[14.345s] -- Installing: /home/cyn/ros2/ros2_ws/install/turtlesim/share/turtlesim/environment/path.dsv
[14.345s] -- Installing: /home/cyn/ros2/ros2_ws/install/turtlesim/share/turtlesim/local_setup.bash
[14.345s] -- Installing: /home/cyn/ros2/ros2_ws/install/turtlesim/share/turtlesim/local_setup.sh
[14.345s] -- Installing: /home/cyn/ros2/ros2_ws/install/turtlesim/share/turtlesim/local_setup.zsh
[14.345s] -- Installing: /home/cyn/ros2/ros2_ws/install/turtlesim/share/turtlesim/local_setup.dsv
[14.346s] -- Installing: /home/cyn/ros2/ros2_ws/install/turtlesim/share/turtlesim/package.dsv
[14.346s] -- Installing: /home/cyn/ros2/ros2_ws/install/turtlesim/share/ament_index/resource_index/packages/turtlesim
[14.346s] -- Installing: /home/cyn/ros2/ros2_ws/install/turtlesim/share/turtlesim/cmake/turtlesim__rosidl_generator_cExport.cmake
[14.346s] -- Installing: /home/cyn/ros2/ros2_ws/install/turtlesim/share/turtlesim/cmake/turtlesim__rosidl_generator_cExport-noconfig.cmake
[14.346s] -- Installing: /home/cyn/ros2/ros2_ws/install/turtlesim/share/turtlesim/cmake/turtlesim__rosidl_typesupport_introspection_cExport.cmake
[14.346s] -- Installing: /home/cyn/ros2/ros2_ws/install/turtlesim/share/turtlesim/cmake/turtlesim__rosidl_typesupport_introspection_cExport-noconfig.cmake
[14.346s] -- Installing: /home/cyn/ros2/ros2_ws/install/turtlesim/share/turtlesim/cmake/turtlesim__rosidl_typesupport_cExport.cmake
[14.347s] -- Installing: /home/cyn/ros2/ros2_ws/install/turtlesim/share/turtlesim/cmake/turtlesim__rosidl_typesupport_cExport-noconfig.cmake
[14.347s] -- Installing: /home/cyn/ros2/ros2_ws/install/turtlesim/share/turtlesim/cmake/turtlesim__rosidl_generator_cppExport.cmake
[14.347s] -- Installing: /home/cyn/ros2/ros2_ws/install/turtlesim/share/turtlesim/cmake/turtlesim__rosidl_typesupport_introspection_cppExport.cmake
[14.347s] -- Installing: /home/cyn/ros2/ros2_ws/install/turtlesim/share/turtlesim/cmake/turtlesim__rosidl_typesupport_introspection_cppExport-noconfig.cmake
[14.347s] -- Installing: /home/cyn/ros2/ros2_ws/install/turtlesim/share/turtlesim/cmake/turtlesim__rosidl_typesupport_cppExport.cmake
[14.347s] -- Installing: /home/cyn/ros2/ros2_ws/install/turtlesim/share/turtlesim/cmake/turtlesim__rosidl_typesupport_cppExport-noconfig.cmake
[14.347s] -- Installing: /home/cyn/ros2/ros2_ws/install/turtlesim/share/turtlesim/cmake/rosidl_cmake-extras.cmake
[14.347s] -- Installing: /home/cyn/ros2/ros2_ws/install/turtlesim/share/turtlesim/cmake/ament_cmake_export_dependencies-extras.cmake
[14.348s] -- Installing: /home/cyn/ros2/ros2_ws/install/turtlesim/share/turtlesim/cmake/ament_cmake_export_libraries-extras.cmake
[14.348s] -- Installing: /home/cyn/ros2/ros2_ws/install/turtlesim/share/turtlesim/cmake/ament_cmake_export_targets-extras.cmake
[14.348s] -- Installing: /home/cyn/ros2/ros2_ws/install/turtlesim/share/turtlesim/cmake/ament_cmake_export_include_directories-extras.cmake
[14.348s] -- Installing: /home/cyn/ros2/ros2_ws/install/turtlesim/share/turtlesim/cmake/rosidl_cmake_export_typesupport_libraries-extras.cmake
[14.348s] -- Installing: /home/cyn/ros2/ros2_ws/install/turtlesim/share/turtlesim/cmake/rosidl_cmake_export_typesupport_targets-extras.cmake
[14.348s] -- Installing: /home/cyn/ros2/ros2_ws/install/turtlesim/share/turtlesim/cmake/turtlesimConfig.cmake
[14.348s] -- Installing: /home/cyn/ros2/ros2_ws/install/turtlesim/share/turtlesim/cmake/turtlesimConfig-version.cmake
[14.348s] -- Installing: /home/cyn/ros2/ros2_ws/install/turtlesim/share/turtlesim/package.xml
[14.351s] Invoked command in '/home/cyn/ros2/ros2_ws/build/turtlesim' returned '0': CMAKE_PREFIX_PATH=/opt/ros/foxy /usr/bin/cmake --install /home/cyn/ros2/ros2_ws/build/turtlesim
