[100%] Built target area_node
-- Install configuration: ""
-- Installing: /home/cyn/ros2/ros2_ws/src/install/polygon_base/include
-- Installing: /home/cyn/ros2/ros2_ws/src/install/polygon_base/include/polygon_base
-- Installing: /home/cyn/ros2/ros2_ws/src/install/polygon_base/include/polygon_base/regular_polygon.hpp
-- Installing: /home/cyn/ros2/ros2_ws/src/install/polygon_base/lib/polygon_base/area_node
-- Set runtime path of "/home/cyn/ros2/ros2_ws/src/install/polygon_base/lib/polygon_base/area_node" to ""
-- Installing: /home/cyn/ros2/ros2_ws/src/install/polygon_base/share/ament_index/resource_index/package_run_dependencies/polygon_base
-- Installing: /home/cyn/ros2/ros2_ws/src/install/polygon_base/share/ament_index/resource_index/parent_prefix_path/polygon_base
-- Installing: /home/cyn/ros2/ros2_ws/src/install/polygon_base/share/polygon_base/environment/ament_prefix_path.sh
-- Installing: /home/cyn/ros2/ros2_ws/src/install/polygon_base/share/polygon_base/environment/ament_prefix_path.dsv
-- Installing: /home/cyn/ros2/ros2_ws/src/install/polygon_base/share/polygon_base/environment/path.sh
-- Installing: /home/cyn/ros2/ros2_ws/src/install/polygon_base/share/polygon_base/environment/path.dsv
-- Installing: /home/cyn/ros2/ros2_ws/src/install/polygon_base/share/polygon_base/local_setup.bash
-- Installing: /home/cyn/ros2/ros2_ws/src/install/polygon_base/share/polygon_base/local_setup.sh
-- Installing: /home/cyn/ros2/ros2_ws/src/install/polygon_base/share/polygon_base/local_setup.zsh
-- Installing: /home/cyn/ros2/ros2_ws/src/install/polygon_base/share/polygon_base/local_setup.dsv
-- Installing: /home/cyn/ros2/ros2_ws/src/install/polygon_base/share/polygon_base/package.dsv
-- Installing: /home/cyn/ros2/ros2_ws/src/install/polygon_base/share/ament_index/resource_index/packages/polygon_base
-- Installing: /home/cyn/ros2/ros2_ws/src/install/polygon_base/share/polygon_base/cmake/ament_cmake_export_include_directories-extras.cmake
-- Installing: /home/cyn/ros2/ros2_ws/src/install/polygon_base/share/polygon_base/cmake/polygon_baseConfig.cmake
-- Installing: /home/cyn/ros2/ros2_ws/src/install/polygon_base/share/polygon_base/cmake/polygon_baseConfig-version.cmake
-- Installing: /home/cyn/ros2/ros2_ws/src/install/polygon_base/share/polygon_base/package.xml
