[0.016s] Invoking command in '/home/cyn/ros2/ros2_ws/src/build/polygon_base': CMAKE_PREFIX_PATH=/opt/ros/foxy /usr/bin/cmake --build /home/cyn/ros2/ros2_ws/src/build/polygon_base -- -j12 -l12
[0.061s] [100%] Built target area_node
[0.069s] Invoked command in '/home/cyn/ros2/ros2_ws/src/build/polygon_base' returned '0': CMAKE_PREFIX_PATH=/opt/ros/foxy /usr/bin/cmake --build /home/cyn/ros2/ros2_ws/src/build/polygon_base -- -j12 -l12
[0.098s] Invoking command in '/home/cyn/ros2/ros2_ws/src/build/polygon_base': CMAKE_PREFIX_PATH=/opt/ros/foxy /usr/bin/cmake --install /home/cyn/ros2/ros2_ws/src/build/polygon_base
[0.108s] -- Install configuration: ""
[0.108s] -- Installing: /home/cyn/ros2/ros2_ws/src/install/polygon_base/include
[0.108s] -- Installing: /home/cyn/ros2/ros2_ws/src/install/polygon_base/include/polygon_base
[0.108s] -- Installing: /home/cyn/ros2/ros2_ws/src/install/polygon_base/include/polygon_base/regular_polygon.hpp
[0.108s] -- Installing: /home/cyn/ros2/ros2_ws/src/install/polygon_base/lib/polygon_base/area_node
[0.110s] -- Set runtime path of "/home/cyn/ros2/ros2_ws/src/install/polygon_base/lib/polygon_base/area_node" to ""
[0.110s] -- Installing: /home/cyn/ros2/ros2_ws/src/install/polygon_base/share/ament_index/resource_index/package_run_dependencies/polygon_base
[0.110s] -- Installing: /home/cyn/ros2/ros2_ws/src/install/polygon_base/share/ament_index/resource_index/parent_prefix_path/polygon_base
[0.110s] -- Installing: /home/cyn/ros2/ros2_ws/src/install/polygon_base/share/polygon_base/environment/ament_prefix_path.sh
[0.110s] -- Installing: /home/cyn/ros2/ros2_ws/src/install/polygon_base/share/polygon_base/environment/ament_prefix_path.dsv
[0.111s] -- Installing: /home/cyn/ros2/ros2_ws/src/install/polygon_base/share/polygon_base/environment/path.sh
[0.111s] -- Installing: /home/cyn/ros2/ros2_ws/src/install/polygon_base/share/polygon_base/environment/path.dsv
[0.111s] -- Installing: /home/cyn/ros2/ros2_ws/src/install/polygon_base/share/polygon_base/local_setup.bash
[0.111s] -- Installing: /home/cyn/ros2/ros2_ws/src/install/polygon_base/share/polygon_base/local_setup.sh
[0.111s] -- Installing: /home/cyn/ros2/ros2_ws/src/install/polygon_base/share/polygon_base/local_setup.zsh
[0.111s] -- Installing: /home/cyn/ros2/ros2_ws/src/install/polygon_base/share/polygon_base/local_setup.dsv
[0.111s] -- Installing: /home/cyn/ros2/ros2_ws/src/install/polygon_base/share/polygon_base/package.dsv
[0.112s] -- Installing: /home/cyn/ros2/ros2_ws/src/install/polygon_base/share/ament_index/resource_index/packages/polygon_base
[0.112s] -- Installing: /home/cyn/ros2/ros2_ws/src/install/polygon_base/share/polygon_base/cmake/ament_cmake_export_include_directories-extras.cmake
[0.112s] -- Installing: /home/cyn/ros2/ros2_ws/src/install/polygon_base/share/polygon_base/cmake/polygon_baseConfig.cmake
[0.112s] -- Installing: /home/cyn/ros2/ros2_ws/src/install/polygon_base/share/polygon_base/cmake/polygon_baseConfig-version.cmake
[0.112s] -- Installing: /home/cyn/ros2/ros2_ws/src/install/polygon_base/share/polygon_base/package.xml
[0.115s] Invoked command in '/home/cyn/ros2/ros2_ws/src/build/polygon_base' returned '0': CMAKE_PREFIX_PATH=/opt/ros/foxy /usr/bin/cmake --install /home/cyn/ros2/ros2_ws/src/build/polygon_base
