[0.273s] DEBUG:colcon:Command line arguments: ['/usr/bin/colcon', 'build', '--packages-select', 'polygon_base', 'polygon_plugins']
[0.273s] DEBUG:colcon:Parsed command line arguments: Namespace(allow_overriding=[], ament_cmake_args=None, base_paths=['.'], build_base='build', catkin_cmake_args=None, catkin_skip_building_tests=False, cmake_args=None, cmake_clean_cache=False, cmake_clean_first=False, cmake_force_configure=False, cmake_target=None, cmake_target_skip_unavailable=False, continue_on_error=False, event_handlers=None, executor='parallel', ignore_user_meta=False, install_base='install', log_base=None, log_level=None, main=<bound method BuildVerb.main of <colcon_core.verb.build.BuildVerb object at 0x7fdb90cfd1f0>>, merge_install=False, metas=['./colcon.meta'], packages_above=None, packages_above_and_dependencies=None, packages_above_depth=None, packages_end=None, packages_ignore=None, packages_ignore_regex=None, packages_select=['polygon_base', 'polygon_plugins'], packages_select_build_failed=False, packages_select_by_dep=None, packages_select_regex=None, packages_select_test_failures=False, packages_skip=None, packages_skip_build_finished=False, packages_skip_by_dep=None, packages_skip_regex=None, packages_skip_test_passed=False, packages_skip_up_to=None, packages_start=None, packages_up_to=None, packages_up_to_regex=None, parallel_workers=12, paths=None, symlink_install=False, test_result_base=None, verb_extension=<colcon_core.verb.build.BuildVerb object at 0x7fdb90cfd1f0>, verb_name='build', verb_parser=<colcon_defaults.argument_parser.defaults.DefaultArgumentsDecorator object at 0x7fdb90cd1f40>)
[0.324s] Level 1:colcon.colcon_core.package_discovery:discover_packages(colcon_meta) check parameters
[0.324s] Level 1:colcon.colcon_core.package_discovery:discover_packages(recursive) check parameters
[0.324s] Level 1:colcon.colcon_core.package_discovery:discover_packages(ignore) check parameters
[0.324s] Level 1:colcon.colcon_core.package_discovery:discover_packages(path) check parameters
[0.324s] Level 1:colcon.colcon_core.package_discovery:discover_packages(colcon_meta) discover
[0.324s] Level 1:colcon.colcon_core.package_discovery:discover_packages(recursive) discover
[0.324s] INFO:colcon.colcon_core.package_discovery:Crawling recursively for packages in '/home/cyn/ros2/ros2_ws/src'
[0.324s] Level 1:colcon.colcon_core.package_identification:_identify(.) by extensions ['ignore', 'ignore_ament_install']
[0.324s] Level 1:colcon.colcon_core.package_identification:_identify(.) by extension 'ignore'
[0.324s] Level 1:colcon.colcon_core.package_identification:_identify(.) by extension 'ignore_ament_install'
[0.324s] Level 1:colcon.colcon_core.package_identification:_identify(.) by extensions ['colcon_pkg']
[0.324s] Level 1:colcon.colcon_core.package_identification:_identify(.) by extension 'colcon_pkg'
[0.324s] Level 1:colcon.colcon_core.package_identification:_identify(.) by extensions ['colcon_meta']
[0.324s] Level 1:colcon.colcon_core.package_identification:_identify(.) by extension 'colcon_meta'
[0.324s] Level 1:colcon.colcon_core.package_identification:_identify(.) by extensions ['ros']
[0.324s] Level 1:colcon.colcon_core.package_identification:_identify(.) by extension 'ros'
[0.344s] Level 1:colcon.colcon_core.package_identification:_identify(.) by extensions ['cmake', 'python']
[0.344s] Level 1:colcon.colcon_core.package_identification:_identify(.) by extension 'cmake'
[0.344s] Level 1:colcon.colcon_core.package_identification:_identify(.) by extension 'python'
[0.344s] Level 1:colcon.colcon_core.package_identification:_identify(.) by extensions ['python_setup_py']
[0.344s] Level 1:colcon.colcon_core.package_identification:_identify(.) by extension 'python_setup_py'
[0.344s] Level 1:colcon.colcon_core.package_identification:_identify(build) by extensions ['ignore', 'ignore_ament_install']
[0.344s] Level 1:colcon.colcon_core.package_identification:_identify(build) by extension 'ignore'
[0.344s] Level 1:colcon.colcon_core.package_identification:_identify(build) ignored
[0.344s] Level 1:colcon.colcon_core.package_identification:_identify(cpp_parameters) by extensions ['ignore', 'ignore_ament_install']
[0.344s] Level 1:colcon.colcon_core.package_identification:_identify(cpp_parameters) by extension 'ignore'
[0.344s] Level 1:colcon.colcon_core.package_identification:_identify(cpp_parameters) by extension 'ignore_ament_install'
[0.344s] Level 1:colcon.colcon_core.package_identification:_identify(cpp_parameters) by extensions ['colcon_pkg']
[0.344s] Level 1:colcon.colcon_core.package_identification:_identify(cpp_parameters) by extension 'colcon_pkg'
[0.345s] Level 1:colcon.colcon_core.package_identification:_identify(cpp_parameters) by extensions ['colcon_meta']
[0.345s] Level 1:colcon.colcon_core.package_identification:_identify(cpp_parameters) by extension 'colcon_meta'
[0.345s] Level 1:colcon.colcon_core.package_identification:_identify(cpp_parameters) by extensions ['ros']
[0.345s] Level 1:colcon.colcon_core.package_identification:_identify(cpp_parameters) by extension 'ros'
[0.348s] DEBUG:colcon.colcon_core.package_identification:Package 'cpp_parameters' with type 'ros.ament_cmake' and name 'cpp_parameters'
[0.348s] Level 1:colcon.colcon_core.package_identification:_identify(cpp_pubsub) by extensions ['ignore', 'ignore_ament_install']
[0.348s] Level 1:colcon.colcon_core.package_identification:_identify(cpp_pubsub) by extension 'ignore'
[0.348s] Level 1:colcon.colcon_core.package_identification:_identify(cpp_pubsub) by extension 'ignore_ament_install'
[0.348s] Level 1:colcon.colcon_core.package_identification:_identify(cpp_pubsub) by extensions ['colcon_pkg']
[0.348s] Level 1:colcon.colcon_core.package_identification:_identify(cpp_pubsub) by extension 'colcon_pkg'
[0.348s] Level 1:colcon.colcon_core.package_identification:_identify(cpp_pubsub) by extensions ['colcon_meta']
[0.348s] Level 1:colcon.colcon_core.package_identification:_identify(cpp_pubsub) by extension 'colcon_meta'
[0.348s] Level 1:colcon.colcon_core.package_identification:_identify(cpp_pubsub) by extensions ['ros']
[0.348s] Level 1:colcon.colcon_core.package_identification:_identify(cpp_pubsub) by extension 'ros'
[0.349s] DEBUG:colcon.colcon_core.package_identification:Package 'cpp_pubsub' with type 'ros.ament_cmake' and name 'cpp_pubsub'
[0.349s] Level 1:colcon.colcon_core.package_identification:_identify(cpp_srvcli) by extensions ['ignore', 'ignore_ament_install']
[0.349s] Level 1:colcon.colcon_core.package_identification:_identify(cpp_srvcli) by extension 'ignore'
[0.349s] Level 1:colcon.colcon_core.package_identification:_identify(cpp_srvcli) by extension 'ignore_ament_install'
[0.350s] Level 1:colcon.colcon_core.package_identification:_identify(cpp_srvcli) by extensions ['colcon_pkg']
[0.350s] Level 1:colcon.colcon_core.package_identification:_identify(cpp_srvcli) by extension 'colcon_pkg'
[0.350s] Level 1:colcon.colcon_core.package_identification:_identify(cpp_srvcli) by extensions ['colcon_meta']
[0.350s] Level 1:colcon.colcon_core.package_identification:_identify(cpp_srvcli) by extension 'colcon_meta'
[0.350s] Level 1:colcon.colcon_core.package_identification:_identify(cpp_srvcli) by extensions ['ros']
[0.350s] Level 1:colcon.colcon_core.package_identification:_identify(cpp_srvcli) by extension 'ros'
[0.351s] DEBUG:colcon.colcon_core.package_identification:Package 'cpp_srvcli' with type 'ros.ament_cmake' and name 'cpp_srvcli'
[0.351s] Level 1:colcon.colcon_core.package_identification:_identify(install) by extensions ['ignore', 'ignore_ament_install']
[0.351s] Level 1:colcon.colcon_core.package_identification:_identify(install) by extension 'ignore'
[0.351s] Level 1:colcon.colcon_core.package_identification:_identify(install) ignored
[0.351s] Level 1:colcon.colcon_core.package_identification:_identify(log) by extensions ['ignore', 'ignore_ament_install']
[0.351s] Level 1:colcon.colcon_core.package_identification:_identify(log) by extension 'ignore'
[0.351s] Level 1:colcon.colcon_core.package_identification:_identify(log) ignored
[0.351s] Level 1:colcon.colcon_core.package_identification:_identify(more_interfaces) by extensions ['ignore', 'ignore_ament_install']
[0.352s] Level 1:colcon.colcon_core.package_identification:_identify(more_interfaces) by extension 'ignore'
[0.352s] Level 1:colcon.colcon_core.package_identification:_identify(more_interfaces) by extension 'ignore_ament_install'
[0.352s] Level 1:colcon.colcon_core.package_identification:_identify(more_interfaces) by extensions ['colcon_pkg']
[0.352s] Level 1:colcon.colcon_core.package_identification:_identify(more_interfaces) by extension 'colcon_pkg'
[0.352s] Level 1:colcon.colcon_core.package_identification:_identify(more_interfaces) by extensions ['colcon_meta']
[0.352s] Level 1:colcon.colcon_core.package_identification:_identify(more_interfaces) by extension 'colcon_meta'
[0.352s] Level 1:colcon.colcon_core.package_identification:_identify(more_interfaces) by extensions ['ros']
[0.352s] Level 1:colcon.colcon_core.package_identification:_identify(more_interfaces) by extension 'ros'
[0.353s] DEBUG:colcon.colcon_core.package_identification:Package 'more_interfaces' with type 'ros.ament_cmake' and name 'more_interfaces'
[0.353s] Level 1:colcon.colcon_core.package_identification:_identify(my_package) by extensions ['ignore', 'ignore_ament_install']
[0.353s] Level 1:colcon.colcon_core.package_identification:_identify(my_package) by extension 'ignore'
[0.353s] Level 1:colcon.colcon_core.package_identification:_identify(my_package) by extension 'ignore_ament_install'
[0.353s] Level 1:colcon.colcon_core.package_identification:_identify(my_package) by extensions ['colcon_pkg']
[0.353s] Level 1:colcon.colcon_core.package_identification:_identify(my_package) by extension 'colcon_pkg'
[0.353s] Level 1:colcon.colcon_core.package_identification:_identify(my_package) by extensions ['colcon_meta']
[0.353s] Level 1:colcon.colcon_core.package_identification:_identify(my_package) by extension 'colcon_meta'
[0.353s] Level 1:colcon.colcon_core.package_identification:_identify(my_package) by extensions ['ros']
[0.353s] Level 1:colcon.colcon_core.package_identification:_identify(my_package) by extension 'ros'
[0.354s] DEBUG:colcon.colcon_core.package_identification:Package 'my_package' with type 'ros.ament_cmake' and name 'my_package'
[0.354s] Level 1:colcon.colcon_core.package_identification:_identify(polygon_base) by extensions ['ignore', 'ignore_ament_install']
[0.354s] Level 1:colcon.colcon_core.package_identification:_identify(polygon_base) by extension 'ignore'
[0.354s] Level 1:colcon.colcon_core.package_identification:_identify(polygon_base) by extension 'ignore_ament_install'
[0.354s] Level 1:colcon.colcon_core.package_identification:_identify(polygon_base) by extensions ['colcon_pkg']
[0.354s] Level 1:colcon.colcon_core.package_identification:_identify(polygon_base) by extension 'colcon_pkg'
[0.354s] Level 1:colcon.colcon_core.package_identification:_identify(polygon_base) by extensions ['colcon_meta']
[0.354s] Level 1:colcon.colcon_core.package_identification:_identify(polygon_base) by extension 'colcon_meta'
[0.354s] Level 1:colcon.colcon_core.package_identification:_identify(polygon_base) by extensions ['ros']
[0.354s] Level 1:colcon.colcon_core.package_identification:_identify(polygon_base) by extension 'ros'
[0.355s] DEBUG:colcon.colcon_core.package_identification:Package 'polygon_base' with type 'ros.ament_cmake' and name 'polygon_base'
[0.355s] Level 1:colcon.colcon_core.package_identification:_identify(polygon_plugins) by extensions ['ignore', 'ignore_ament_install']
[0.355s] Level 1:colcon.colcon_core.package_identification:_identify(polygon_plugins) by extension 'ignore'
[0.355s] Level 1:colcon.colcon_core.package_identification:_identify(polygon_plugins) by extension 'ignore_ament_install'
[0.355s] Level 1:colcon.colcon_core.package_identification:_identify(polygon_plugins) by extensions ['colcon_pkg']
[0.355s] Level 1:colcon.colcon_core.package_identification:_identify(polygon_plugins) by extension 'colcon_pkg'
[0.355s] Level 1:colcon.colcon_core.package_identification:_identify(polygon_plugins) by extensions ['colcon_meta']
[0.356s] Level 1:colcon.colcon_core.package_identification:_identify(polygon_plugins) by extension 'colcon_meta'
[0.356s] Level 1:colcon.colcon_core.package_identification:_identify(polygon_plugins) by extensions ['ros']
[0.356s] Level 1:colcon.colcon_core.package_identification:_identify(polygon_plugins) by extension 'ros'
[0.356s] DEBUG:colcon.colcon_core.package_identification:Package 'polygon_plugins' with type 'ros.ament_cmake' and name 'polygon_plugins'
[0.357s] Level 1:colcon.colcon_core.package_identification:_identify(ros_tutorials) by extensions ['ignore', 'ignore_ament_install']
[0.357s] Level 1:colcon.colcon_core.package_identification:_identify(ros_tutorials) by extension 'ignore'
[0.357s] Level 1:colcon.colcon_core.package_identification:_identify(ros_tutorials) by extension 'ignore_ament_install'
[0.357s] Level 1:colcon.colcon_core.package_identification:_identify(ros_tutorials) by extensions ['colcon_pkg']
[0.357s] Level 1:colcon.colcon_core.package_identification:_identify(ros_tutorials) by extension 'colcon_pkg'
[0.357s] Level 1:colcon.colcon_core.package_identification:_identify(ros_tutorials) by extensions ['colcon_meta']
[0.357s] Level 1:colcon.colcon_core.package_identification:_identify(ros_tutorials) by extension 'colcon_meta'
[0.357s] Level 1:colcon.colcon_core.package_identification:_identify(ros_tutorials) by extensions ['ros']
[0.357s] Level 1:colcon.colcon_core.package_identification:_identify(ros_tutorials) by extension 'ros'
[0.357s] Level 1:colcon.colcon_core.package_identification:_identify(ros_tutorials) by extensions ['cmake', 'python']
[0.357s] Level 1:colcon.colcon_core.package_identification:_identify(ros_tutorials) by extension 'cmake'
[0.357s] Level 1:colcon.colcon_core.package_identification:_identify(ros_tutorials) by extension 'python'
[0.357s] Level 1:colcon.colcon_core.package_identification:_identify(ros_tutorials) by extensions ['python_setup_py']
[0.357s] Level 1:colcon.colcon_core.package_identification:_identify(ros_tutorials) by extension 'python_setup_py'
[0.357s] Level 1:colcon.colcon_core.package_identification:_identify(ros_tutorials/ros_tutorials) by extensions ['ignore', 'ignore_ament_install']
[0.357s] Level 1:colcon.colcon_core.package_identification:_identify(ros_tutorials/ros_tutorials) by extension 'ignore'
[0.357s] Level 1:colcon.colcon_core.package_identification:_identify(ros_tutorials/ros_tutorials) ignored
[0.357s] Level 1:colcon.colcon_core.package_identification:_identify(ros_tutorials/roscpp_tutorials) by extensions ['ignore', 'ignore_ament_install']
[0.357s] Level 1:colcon.colcon_core.package_identification:_identify(ros_tutorials/roscpp_tutorials) by extension 'ignore'
[0.357s] Level 1:colcon.colcon_core.package_identification:_identify(ros_tutorials/roscpp_tutorials) ignored
[0.358s] Level 1:colcon.colcon_core.package_identification:_identify(ros_tutorials/rospy_tutorials) by extensions ['ignore', 'ignore_ament_install']
[0.358s] Level 1:colcon.colcon_core.package_identification:_identify(ros_tutorials/rospy_tutorials) by extension 'ignore'
[0.358s] Level 1:colcon.colcon_core.package_identification:_identify(ros_tutorials/rospy_tutorials) ignored
[0.358s] Level 1:colcon.colcon_core.package_identification:_identify(ros_tutorials/turtlesim) by extensions ['ignore', 'ignore_ament_install']
[0.358s] Level 1:colcon.colcon_core.package_identification:_identify(ros_tutorials/turtlesim) by extension 'ignore'
[0.358s] Level 1:colcon.colcon_core.package_identification:_identify(ros_tutorials/turtlesim) by extension 'ignore_ament_install'
[0.358s] Level 1:colcon.colcon_core.package_identification:_identify(ros_tutorials/turtlesim) by extensions ['colcon_pkg']
[0.358s] Level 1:colcon.colcon_core.package_identification:_identify(ros_tutorials/turtlesim) by extension 'colcon_pkg'
[0.358s] Level 1:colcon.colcon_core.package_identification:_identify(ros_tutorials/turtlesim) by extensions ['colcon_meta']
[0.358s] Level 1:colcon.colcon_core.package_identification:_identify(ros_tutorials/turtlesim) by extension 'colcon_meta'
[0.358s] Level 1:colcon.colcon_core.package_identification:_identify(ros_tutorials/turtlesim) by extensions ['ros']
[0.358s] Level 1:colcon.colcon_core.package_identification:_identify(ros_tutorials/turtlesim) by extension 'ros'
[0.359s] DEBUG:colcon.colcon_core.package_identification:Package 'ros_tutorials/turtlesim' with type 'ros.ament_cmake' and name 'turtlesim'
[0.359s] Level 1:colcon.colcon_core.package_identification:_identify(tutorial_interfaces) by extensions ['ignore', 'ignore_ament_install']
[0.359s] Level 1:colcon.colcon_core.package_identification:_identify(tutorial_interfaces) by extension 'ignore'
[0.359s] Level 1:colcon.colcon_core.package_identification:_identify(tutorial_interfaces) by extension 'ignore_ament_install'
[0.359s] Level 1:colcon.colcon_core.package_identification:_identify(tutorial_interfaces) by extensions ['colcon_pkg']
[0.359s] Level 1:colcon.colcon_core.package_identification:_identify(tutorial_interfaces) by extension 'colcon_pkg'
[0.359s] Level 1:colcon.colcon_core.package_identification:_identify(tutorial_interfaces) by extensions ['colcon_meta']
[0.359s] Level 1:colcon.colcon_core.package_identification:_identify(tutorial_interfaces) by extension 'colcon_meta'
[0.359s] Level 1:colcon.colcon_core.package_identification:_identify(tutorial_interfaces) by extensions ['ros']
[0.359s] Level 1:colcon.colcon_core.package_identification:_identify(tutorial_interfaces) by extension 'ros'
[0.360s] DEBUG:colcon.colcon_core.package_identification:Package 'tutorial_interfaces' with type 'ros.ament_cmake' and name 'tutorial_interfaces'
[0.360s] Level 1:colcon.colcon_core.package_discovery:discover_packages(recursive) using defaults
[0.360s] Level 1:colcon.colcon_core.package_discovery:discover_packages(ignore) discover
[0.360s] Level 1:colcon.colcon_core.package_discovery:discover_packages(ignore) using defaults
[0.360s] Level 1:colcon.colcon_core.package_discovery:discover_packages(path) discover
[0.360s] Level 1:colcon.colcon_core.package_discovery:discover_packages(path) using defaults
[0.379s] INFO:colcon.colcon_core.package_selection:Skipping not selected package 'cpp_parameters' in 'cpp_parameters'
[0.379s] INFO:colcon.colcon_core.package_selection:Skipping not selected package 'more_interfaces' in 'more_interfaces'
[0.380s] INFO:colcon.colcon_core.package_selection:Skipping not selected package 'my_package' in 'my_package'
[0.380s] INFO:colcon.colcon_core.package_selection:Skipping not selected package 'turtlesim' in 'ros_tutorials/turtlesim'
[0.380s] INFO:colcon.colcon_core.package_selection:Skipping not selected package 'tutorial_interfaces' in 'tutorial_interfaces'
[0.380s] INFO:colcon.colcon_core.package_selection:Skipping not selected package 'cpp_pubsub' in 'cpp_pubsub'
[0.380s] INFO:colcon.colcon_core.package_selection:Skipping not selected package 'cpp_srvcli' in 'cpp_srvcli'
[0.380s] Level 1:colcon.colcon_core.package_discovery:discover_packages(prefix_path) check parameters
[0.380s] Level 1:colcon.colcon_core.package_discovery:discover_packages(prefix_path) discover
[0.383s] DEBUG:colcon.colcon_installed_package_information.package_discovery:Found 256 installed packages in /opt/ros/foxy
[0.384s] Level 1:colcon.colcon_core.package_discovery:discover_packages(prefix_path) using defaults
[0.428s] Level 5:colcon.colcon_core.verb:set package 'polygon_base' build argument 'cmake_args' from command line to 'None'
[0.429s] Level 5:colcon.colcon_core.verb:set package 'polygon_base' build argument 'cmake_target' from command line to 'None'
[0.429s] Level 5:colcon.colcon_core.verb:set package 'polygon_base' build argument 'cmake_target_skip_unavailable' from command line to 'False'
[0.429s] Level 5:colcon.colcon_core.verb:set package 'polygon_base' build argument 'cmake_clean_cache' from command line to 'False'
[0.429s] Level 5:colcon.colcon_core.verb:set package 'polygon_base' build argument 'cmake_clean_first' from command line to 'False'
[0.429s] Level 5:colcon.colcon_core.verb:set package 'polygon_base' build argument 'cmake_force_configure' from command line to 'False'
[0.429s] Level 5:colcon.colcon_core.verb:set package 'polygon_base' build argument 'ament_cmake_args' from command line to 'None'
[0.429s] Level 5:colcon.colcon_core.verb:set package 'polygon_base' build argument 'catkin_cmake_args' from command line to 'None'
[0.429s] Level 5:colcon.colcon_core.verb:set package 'polygon_base' build argument 'catkin_skip_building_tests' from command line to 'False'
[0.429s] DEBUG:colcon.colcon_core.verb:Building package 'polygon_base' with the following arguments: {'ament_cmake_args': None, 'build_base': '/home/cyn/ros2/ros2_ws/src/build/polygon_base', 'catkin_cmake_args': None, 'catkin_skip_building_tests': False, 'cmake_args': None, 'cmake_clean_cache': False, 'cmake_clean_first': False, 'cmake_force_configure': False, 'cmake_target': None, 'cmake_target_skip_unavailable': False, 'install_base': '/home/cyn/ros2/ros2_ws/src/install/polygon_base', 'merge_install': False, 'path': '/home/cyn/ros2/ros2_ws/src/polygon_base', 'symlink_install': False, 'test_result_base': None}
[0.430s] Level 5:colcon.colcon_core.verb:set package 'polygon_plugins' build argument 'cmake_args' from command line to 'None'
[0.430s] Level 5:colcon.colcon_core.verb:set package 'polygon_plugins' build argument 'cmake_target' from command line to 'None'
[0.430s] Level 5:colcon.colcon_core.verb:set package 'polygon_plugins' build argument 'cmake_target_skip_unavailable' from command line to 'False'
[0.430s] Level 5:colcon.colcon_core.verb:set package 'polygon_plugins' build argument 'cmake_clean_cache' from command line to 'False'
[0.430s] Level 5:colcon.colcon_core.verb:set package 'polygon_plugins' build argument 'cmake_clean_first' from command line to 'False'
[0.430s] Level 5:colcon.colcon_core.verb:set package 'polygon_plugins' build argument 'cmake_force_configure' from command line to 'False'
[0.430s] Level 5:colcon.colcon_core.verb:set package 'polygon_plugins' build argument 'ament_cmake_args' from command line to 'None'
[0.430s] Level 5:colcon.colcon_core.verb:set package 'polygon_plugins' build argument 'catkin_cmake_args' from command line to 'None'
[0.430s] Level 5:colcon.colcon_core.verb:set package 'polygon_plugins' build argument 'catkin_skip_building_tests' from command line to 'False'
[0.430s] DEBUG:colcon.colcon_core.verb:Building package 'polygon_plugins' with the following arguments: {'ament_cmake_args': None, 'build_base': '/home/cyn/ros2/ros2_ws/src/build/polygon_plugins', 'catkin_cmake_args': None, 'catkin_skip_building_tests': False, 'cmake_args': None, 'cmake_clean_cache': False, 'cmake_clean_first': False, 'cmake_force_configure': False, 'cmake_target': None, 'cmake_target_skip_unavailable': False, 'install_base': '/home/cyn/ros2/ros2_ws/src/install/polygon_plugins', 'merge_install': False, 'path': '/home/cyn/ros2/ros2_ws/src/polygon_plugins', 'symlink_install': False, 'test_result_base': None}
[0.430s] INFO:colcon.colcon_core.executor:Executing jobs using 'parallel' executor
[0.434s] DEBUG:colcon.colcon_parallel_executor.executor.parallel:run_until_complete
[0.434s] INFO:colcon.colcon_ros.task.ament_cmake.build:Building ROS package in '/home/cyn/ros2/ros2_ws/src/polygon_base' with build type 'ament_cmake'
[0.434s] INFO:colcon.colcon_cmake.task.cmake.build:Building CMake package in '/home/cyn/ros2/ros2_ws/src/polygon_base'
[0.439s] INFO:colcon.colcon_core.plugin_system:Skipping extension 'colcon_core.shell.bat': Not used on non-Windows systems
[0.439s] INFO:colcon.colcon_core.shell:Skip shell extension 'powershell' for command environment: Not usable outside of PowerShell
[0.439s] DEBUG:colcon.colcon_core.shell:Skip shell extension 'dsv' for command environment
[0.450s] DEBUG:colcon.colcon_core.event_handler.log_command:Invoking command in '/home/cyn/ros2/ros2_ws/src/build/polygon_base': CMAKE_PREFIX_PATH=/opt/ros/foxy /usr/bin/cmake --build /home/cyn/ros2/ros2_ws/src/build/polygon_base -- -j12 -l12
[0.504s] DEBUG:colcon.colcon_core.event_handler.log_command:Invoked command in '/home/cyn/ros2/ros2_ws/src/build/polygon_base' returned '0': CMAKE_PREFIX_PATH=/opt/ros/foxy /usr/bin/cmake --build /home/cyn/ros2/ros2_ws/src/build/polygon_base -- -j12 -l12
[0.533s] DEBUG:colcon.colcon_core.event_handler.log_command:Invoking command in '/home/cyn/ros2/ros2_ws/src/build/polygon_base': CMAKE_PREFIX_PATH=/opt/ros/foxy /usr/bin/cmake --install /home/cyn/ros2/ros2_ws/src/build/polygon_base
[0.548s] Level 1:colcon.colcon_core.environment:create_environment_scripts_only(polygon_base)
[0.550s] DEBUG:colcon.colcon_core.event_handler.log_command:Invoked command in '/home/cyn/ros2/ros2_ws/src/build/polygon_base' returned '0': CMAKE_PREFIX_PATH=/opt/ros/foxy /usr/bin/cmake --install /home/cyn/ros2/ros2_ws/src/build/polygon_base
[0.553s] Level 1:colcon.colcon_core.environment:checking '/home/cyn/ros2/ros2_ws/src/install/polygon_base' for CMake module files
[0.554s] Level 1:colcon.colcon_core.environment:checking '/home/cyn/ros2/ros2_ws/src/install/polygon_base' for CMake config files
[0.554s] Level 1:colcon.colcon_core.shell:create_environment_hook('polygon_base', 'cmake_prefix_path')
[0.555s] INFO:colcon.colcon_core.shell:Creating environment hook '/home/cyn/ros2/ros2_ws/src/install/polygon_base/share/polygon_base/hook/cmake_prefix_path.ps1'
[0.556s] INFO:colcon.colcon_core.shell:Creating environment descriptor '/home/cyn/ros2/ros2_ws/src/install/polygon_base/share/polygon_base/hook/cmake_prefix_path.dsv'
[0.557s] INFO:colcon.colcon_core.shell:Creating environment hook '/home/cyn/ros2/ros2_ws/src/install/polygon_base/share/polygon_base/hook/cmake_prefix_path.sh'
[0.557s] Level 1:colcon.colcon_core.environment:checking '/home/cyn/ros2/ros2_ws/src/install/polygon_base/lib'
[0.558s] Level 1:colcon.colcon_core.environment:checking '/home/cyn/ros2/ros2_ws/src/install/polygon_base/bin'
[0.558s] Level 1:colcon.colcon_core.environment:checking '/home/cyn/ros2/ros2_ws/src/install/polygon_base/lib/pkgconfig/polygon_base.pc'
[0.558s] Level 1:colcon.colcon_core.environment:checking '/home/cyn/ros2/ros2_ws/src/install/polygon_base/lib/python3.8/site-packages'
[0.558s] Level 1:colcon.colcon_core.environment:checking '/home/cyn/ros2/ros2_ws/src/install/polygon_base/bin'
[0.559s] INFO:colcon.colcon_core.shell:Creating package script '/home/cyn/ros2/ros2_ws/src/install/polygon_base/share/polygon_base/package.ps1'
[0.560s] INFO:colcon.colcon_core.shell:Creating package descriptor '/home/cyn/ros2/ros2_ws/src/install/polygon_base/share/polygon_base/package.dsv'
[0.560s] INFO:colcon.colcon_core.shell:Creating package script '/home/cyn/ros2/ros2_ws/src/install/polygon_base/share/polygon_base/package.sh'
[0.561s] INFO:colcon.colcon_core.shell:Creating package script '/home/cyn/ros2/ros2_ws/src/install/polygon_base/share/polygon_base/package.bash'
[0.561s] INFO:colcon.colcon_core.shell:Creating package script '/home/cyn/ros2/ros2_ws/src/install/polygon_base/share/polygon_base/package.zsh'
[0.562s] Level 1:colcon.colcon_core.environment:create_file_with_runtime_dependencies(/home/cyn/ros2/ros2_ws/src/install/polygon_base/share/colcon-core/packages/polygon_base)
[0.583s] Level 1:colcon.colcon_core.environment:create_environment_scripts_only(polygon_base)
[0.585s] Level 1:colcon.colcon_core.environment:checking '/home/cyn/ros2/ros2_ws/src/install/polygon_base' for CMake module files
[0.585s] Level 1:colcon.colcon_core.environment:checking '/home/cyn/ros2/ros2_ws/src/install/polygon_base' for CMake config files
[0.586s] Level 1:colcon.colcon_core.shell:create_environment_hook('polygon_base', 'cmake_prefix_path')
[0.587s] INFO:colcon.colcon_core.shell:Creating environment hook '/home/cyn/ros2/ros2_ws/src/install/polygon_base/share/polygon_base/hook/cmake_prefix_path.ps1'
[0.587s] INFO:colcon.colcon_core.shell:Creating environment descriptor '/home/cyn/ros2/ros2_ws/src/install/polygon_base/share/polygon_base/hook/cmake_prefix_path.dsv'
[0.587s] INFO:colcon.colcon_core.shell:Creating environment hook '/home/cyn/ros2/ros2_ws/src/install/polygon_base/share/polygon_base/hook/cmake_prefix_path.sh'
[0.588s] Level 1:colcon.colcon_core.environment:checking '/home/cyn/ros2/ros2_ws/src/install/polygon_base/lib'
[0.588s] Level 1:colcon.colcon_core.environment:checking '/home/cyn/ros2/ros2_ws/src/install/polygon_base/bin'
[0.588s] Level 1:colcon.colcon_core.environment:checking '/home/cyn/ros2/ros2_ws/src/install/polygon_base/lib/pkgconfig/polygon_base.pc'
[0.588s] Level 1:colcon.colcon_core.environment:checking '/home/cyn/ros2/ros2_ws/src/install/polygon_base/lib/python3.8/site-packages'
[0.588s] Level 1:colcon.colcon_core.environment:checking '/home/cyn/ros2/ros2_ws/src/install/polygon_base/bin'
[0.590s] INFO:colcon.colcon_core.shell:Creating package script '/home/cyn/ros2/ros2_ws/src/install/polygon_base/share/polygon_base/package.ps1'
[0.590s] INFO:colcon.colcon_core.shell:Creating package descriptor '/home/cyn/ros2/ros2_ws/src/install/polygon_base/share/polygon_base/package.dsv'
[0.590s] INFO:colcon.colcon_core.shell:Creating package script '/home/cyn/ros2/ros2_ws/src/install/polygon_base/share/polygon_base/package.sh'
[0.591s] INFO:colcon.colcon_core.shell:Creating package script '/home/cyn/ros2/ros2_ws/src/install/polygon_base/share/polygon_base/package.bash'
[0.591s] INFO:colcon.colcon_core.shell:Creating package script '/home/cyn/ros2/ros2_ws/src/install/polygon_base/share/polygon_base/package.zsh'
[0.591s] Level 1:colcon.colcon_core.environment:create_file_with_runtime_dependencies(/home/cyn/ros2/ros2_ws/src/install/polygon_base/share/colcon-core/packages/polygon_base)
[0.591s] INFO:colcon.colcon_ros.task.ament_cmake.build:Building ROS package in '/home/cyn/ros2/ros2_ws/src/polygon_plugins' with build type 'ament_cmake'
[0.592s] INFO:colcon.colcon_cmake.task.cmake.build:Building CMake package in '/home/cyn/ros2/ros2_ws/src/polygon_plugins'
[0.593s] INFO:colcon.colcon_core.shell:Skip shell extension 'powershell' for command environment: Not usable outside of PowerShell
[0.593s] DEBUG:colcon.colcon_core.shell:Skip shell extension 'dsv' for command environment
[0.602s] DEBUG:colcon.colcon_core.event_handler.log_command:Invoking command in '/home/cyn/ros2/ros2_ws/src/build/polygon_plugins': AMENT_PREFIX_PATH=/home/cyn/ros2/ros2_ws/src/install/polygon_base:${AMENT_PREFIX_PATH} CMAKE_PREFIX_PATH=/home/cyn/ros2/ros2_ws/src/install/polygon_base:/opt/ros/foxy /usr/bin/cmake /home/cyn/ros2/ros2_ws/src/polygon_plugins -DCMAKE_INSTALL_PREFIX=/home/cyn/ros2/ros2_ws/src/install/polygon_plugins
[0.899s] DEBUG:colcon.colcon_core.event_handler.log_command:Invoked command in '/home/cyn/ros2/ros2_ws/src/build/polygon_plugins' returned '1': AMENT_PREFIX_PATH=/home/cyn/ros2/ros2_ws/src/install/polygon_base:${AMENT_PREFIX_PATH} CMAKE_PREFIX_PATH=/home/cyn/ros2/ros2_ws/src/install/polygon_base:/opt/ros/foxy /usr/bin/cmake /home/cyn/ros2/ros2_ws/src/polygon_plugins -DCMAKE_INSTALL_PREFIX=/home/cyn/ros2/ros2_ws/src/install/polygon_plugins
[0.910s] Level 1:colcon.colcon_core.environment:create_environment_scripts_only(polygon_plugins)
[0.913s] Level 1:colcon.colcon_core.environment:checking '/home/cyn/ros2/ros2_ws/src/install/polygon_plugins' for CMake module files
[0.913s] Level 1:colcon.colcon_core.environment:checking '/home/cyn/ros2/ros2_ws/src/install/polygon_plugins' for CMake config files
[0.913s] Level 1:colcon.colcon_core.environment:checking '/home/cyn/ros2/ros2_ws/src/install/polygon_plugins/bin'
[0.913s] Level 1:colcon.colcon_core.environment:checking '/home/cyn/ros2/ros2_ws/src/install/polygon_plugins/lib/pkgconfig/polygon_plugins.pc'
[0.913s] Level 1:colcon.colcon_core.environment:checking '/home/cyn/ros2/ros2_ws/src/install/polygon_plugins/lib/python3.8/site-packages'
[0.914s] Level 1:colcon.colcon_core.environment:checking '/home/cyn/ros2/ros2_ws/src/install/polygon_plugins/bin'
[0.915s] INFO:colcon.colcon_core.shell:Creating package script '/home/cyn/ros2/ros2_ws/src/install/polygon_plugins/share/polygon_plugins/package.ps1'
[0.915s] INFO:colcon.colcon_core.shell:Creating package descriptor '/home/cyn/ros2/ros2_ws/src/install/polygon_plugins/share/polygon_plugins/package.dsv'
[0.915s] INFO:colcon.colcon_core.shell:Creating package script '/home/cyn/ros2/ros2_ws/src/install/polygon_plugins/share/polygon_plugins/package.sh'
[0.916s] INFO:colcon.colcon_core.shell:Creating package script '/home/cyn/ros2/ros2_ws/src/install/polygon_plugins/share/polygon_plugins/package.bash'
[0.916s] INFO:colcon.colcon_core.shell:Creating package script '/home/cyn/ros2/ros2_ws/src/install/polygon_plugins/share/polygon_plugins/package.zsh'
[0.916s] Level 1:colcon.colcon_core.environment:create_file_with_runtime_dependencies(/home/cyn/ros2/ros2_ws/src/install/polygon_plugins/share/colcon-core/packages/polygon_plugins)
[0.927s] DEBUG:colcon.colcon_parallel_executor.executor.parallel:closing loop
[0.927s] DEBUG:colcon.colcon_parallel_executor.executor.parallel:loop closed
[0.927s] DEBUG:colcon.colcon_parallel_executor.executor.parallel:run_until_complete finished with '1'
[0.927s] DEBUG:colcon.colcon_core.event_reactor:joining thread
[0.931s] INFO:colcon.colcon_core.plugin_system:Skipping extension 'colcon_notification.desktop_notification.terminal_notifier': Not used on non-Darwin systems
[0.931s] INFO:colcon.colcon_core.plugin_system:Skipping extension 'colcon_notification.desktop_notification.win32': Not used on non-Windows systems
[0.931s] INFO:colcon.colcon_notification.desktop_notification:Sending desktop notification using 'notify2'
[0.944s] DEBUG:colcon.colcon_core.event_reactor:joined thread
[0.947s] INFO:colcon.colcon_core.shell:Creating prefix script '/home/cyn/ros2/ros2_ws/src/install/local_setup.ps1'
[0.948s] INFO:colcon.colcon_core.shell:Creating prefix util module '/home/cyn/ros2/ros2_ws/src/install/_local_setup_util_ps1.py'
[0.950s] INFO:colcon.colcon_core.shell:Creating prefix chain script '/home/cyn/ros2/ros2_ws/src/install/setup.ps1'
[0.952s] INFO:colcon.colcon_core.shell:Creating prefix script '/home/cyn/ros2/ros2_ws/src/install/local_setup.sh'
[0.952s] INFO:colcon.colcon_core.shell:Creating prefix util module '/home/cyn/ros2/ros2_ws/src/install/_local_setup_util_sh.py'
[0.953s] INFO:colcon.colcon_core.shell:Creating prefix chain script '/home/cyn/ros2/ros2_ws/src/install/setup.sh'
[0.954s] INFO:colcon.colcon_core.shell:Creating prefix script '/home/cyn/ros2/ros2_ws/src/install/local_setup.bash'
[0.955s] INFO:colcon.colcon_core.shell:Creating prefix chain script '/home/cyn/ros2/ros2_ws/src/install/setup.bash'
[0.957s] INFO:colcon.colcon_core.shell:Creating prefix script '/home/cyn/ros2/ros2_ws/src/install/local_setup.zsh'
[0.957s] INFO:colcon.colcon_core.shell:Creating prefix chain script '/home/cyn/ros2/ros2_ws/src/install/setup.zsh'
