[0.019s] Invoking command in '/home/cyn/ros2/ros2_ws/build/cpp_srvli': CMAKE_PREFIX_PATH=/opt/ros/foxy /usr/bin/cmake /home/cyn/ros2/ros2_ws/src/cpp_srvli -DCMAKE_INSTALL_PREFIX=/home/cyn/ros2/ros2_ws/install/cpp_srvli
[0.062s] -- The C compiler identification is GNU 9.4.0
[0.104s] -- The CXX compiler identification is GNU 9.4.0
[0.107s] -- Check for working C compiler: /usr/bin/cc
[0.162s] -- Check for working C compiler: /usr/bin/cc -- works
[0.163s] -- Detecting C compiler ABI info
[0.219s] -- Detecting C compiler ABI info - done
[0.228s] -- Detecting C compile features
[0.228s] -- Detecting C compile features - done
[0.230s] -- Check for working CXX compiler: /usr/bin/c++
[0.295s] -- Check for working CXX compiler: /usr/bin/c++ -- works
[0.296s] -- Detecting CXX compiler ABI info
[0.359s] -- Detecting CXX compiler ABI info - done
[0.369s] -- Detecting CXX compile features
[0.369s] -- Detecting CXX compile features - done
[0.371s] -- Found ament_cmake: 0.9.11 (/opt/ros/foxy/share/ament_cmake/cmake)
[0.392s] -- Found PythonInterp: /usr/bin/python3 (found suitable version "3.8.10", minimum required is "3") 
[0.392s] -- Using PYTHON_EXECUTABLE: /usr/bin/python3
[0.543s] -- Found rclcpp: 2.4.2 (/opt/ros/foxy/share/rclcpp/cmake)
[0.577s] -- Using all available rosidl_typesupport_c: rosidl_typesupport_fastrtps_c;rosidl_typesupport_introspection_c
[0.582s] -- Found rosidl_adapter: 1.3.0 (/opt/ros/foxy/share/rosidl_adapter/cmake)
[0.642s] -- Found OpenSSL: /usr/lib/x86_64-linux-gnu/libcrypto.so (found version "1.1.1f")  
[0.666s] -- Found FastRTPS: /opt/ros/foxy/include  
[0.727s] -- Using all available rosidl_typesupport_cpp: rosidl_typesupport_fastrtps_cpp;rosidl_typesupport_introspection_cpp
[0.771s] -- Found rmw_implementation_cmake: 1.0.4 (/opt/ros/foxy/share/rmw_implementation_cmake/cmake)
[0.772s] -- Using RMW implementation 'rmw_fastrtps_cpp' as default
[0.773s] -- Looking for pthread.h
[0.831s] -- Looking for pthread.h - found
[0.831s] -- Performing Test CMAKE_HAVE_LIBC_PTHREAD
[0.898s] -- Performing Test CMAKE_HAVE_LIBC_PTHREAD - Failed
[0.898s] -- Looking for pthread_create in pthreads
[0.957s] -- Looking for pthread_create in pthreads - not found
[0.957s] -- Looking for pthread_create in pthread
[1.029s] -- Looking for pthread_create in pthread - found
[1.030s] -- Found Threads: TRUE  
[1.158s] -- Found example_interfaces: 0.9.1 (/opt/ros/foxy/share/example_interfaces/cmake)
[1.252s] -- Found ament_lint_auto: 0.9.8 (/opt/ros/foxy/share/ament_lint_auto/cmake)
[1.310s] -- Added test 'copyright' to check source files copyright and LICENSE
[1.311s] -- Added test 'cppcheck' to perform static code analysis on C / C++ code
[1.311s] -- Configured cppcheck include dirs: 
[1.311s] -- Configured cppcheck exclude dirs and/or files: 
[1.312s] -- Added test 'cpplint' to check C / C++ code against the Google style
[1.312s] -- Configured cpplint exclude dirs and/or files: 
[1.313s] -- Added test 'lint_cmake' to check CMake code style
[1.313s] -- Added test 'uncrustify' to check C / C++ code style
[1.313s] -- Configured uncrustify additional arguments: 
[1.314s] -- Added test 'xmllint' to check XML markup files
[1.317s] -- Configuring done
[1.326s] -- Generating done
[1.327s] -- Build files have been written to: /home/cyn/ros2/ros2_ws/build/cpp_srvli
[1.333s] Invoked command in '/home/cyn/ros2/ros2_ws/build/cpp_srvli' returned '0': CMAKE_PREFIX_PATH=/opt/ros/foxy /usr/bin/cmake /home/cyn/ros2/ros2_ws/src/cpp_srvli -DCMAKE_INSTALL_PREFIX=/home/cyn/ros2/ros2_ws/install/cpp_srvli
[1.336s] Invoking command in '/home/cyn/ros2/ros2_ws/build/cpp_srvli': CMAKE_PREFIX_PATH=/opt/ros/foxy /usr/bin/cmake --build /home/cyn/ros2/ros2_ws/build/cpp_srvli -- -j12 -l12
[1.368s] [35m[1mScanning dependencies of target client[0m
[1.368s] [35m[1mScanning dependencies of target server[0m
[1.396s] [ 50%] [32mBuilding CXX object CMakeFiles/client.dir/src/add_two_ints_client.cpp.o[0m
[1.396s] [ 50%] [32mBuilding CXX object CMakeFiles/server.dir/src/add_two_ints_server.cpp.o[0m
[2.922s] [ 75%] [32m[1mLinking CXX executable server[0m
[3.040s] [ 75%] Built target server
[3.136s] [100%] [32m[1mLinking CXX executable client[0m
[3.247s] [100%] Built target client
[3.255s] Invoked command in '/home/cyn/ros2/ros2_ws/build/cpp_srvli' returned '0': CMAKE_PREFIX_PATH=/opt/ros/foxy /usr/bin/cmake --build /home/cyn/ros2/ros2_ws/build/cpp_srvli -- -j12 -l12
[3.288s] Invoking command in '/home/cyn/ros2/ros2_ws/build/cpp_srvli': CMAKE_PREFIX_PATH=/opt/ros/foxy /usr/bin/cmake --install /home/cyn/ros2/ros2_ws/build/cpp_srvli
[3.294s] -- Install configuration: ""
[3.294s] -- Installing: /home/cyn/ros2/ros2_ws/install/cpp_srvli/lib/cpp_srvli/server
[3.295s] -- Set runtime path of "/home/cyn/ros2/ros2_ws/install/cpp_srvli/lib/cpp_srvli/server" to ""
[3.295s] -- Installing: /home/cyn/ros2/ros2_ws/install/cpp_srvli/lib/cpp_srvli/client
[3.295s] -- Set runtime path of "/home/cyn/ros2/ros2_ws/install/cpp_srvli/lib/cpp_srvli/client" to ""
[3.296s] -- Installing: /home/cyn/ros2/ros2_ws/install/cpp_srvli/share/ament_index/resource_index/package_run_dependencies/cpp_srvli
[3.296s] -- Installing: /home/cyn/ros2/ros2_ws/install/cpp_srvli/share/ament_index/resource_index/parent_prefix_path/cpp_srvli
[3.296s] -- Installing: /home/cyn/ros2/ros2_ws/install/cpp_srvli/share/cpp_srvli/environment/ament_prefix_path.sh
[3.296s] -- Installing: /home/cyn/ros2/ros2_ws/install/cpp_srvli/share/cpp_srvli/environment/ament_prefix_path.dsv
[3.296s] -- Installing: /home/cyn/ros2/ros2_ws/install/cpp_srvli/share/cpp_srvli/environment/path.sh
[3.296s] -- Installing: /home/cyn/ros2/ros2_ws/install/cpp_srvli/share/cpp_srvli/environment/path.dsv
[3.296s] -- Installing: /home/cyn/ros2/ros2_ws/install/cpp_srvli/share/cpp_srvli/local_setup.bash
[3.296s] -- Installing: /home/cyn/ros2/ros2_ws/install/cpp_srvli/share/cpp_srvli/local_setup.sh
[3.296s] -- Installing: /home/cyn/ros2/ros2_ws/install/cpp_srvli/share/cpp_srvli/local_setup.zsh
[3.297s] -- Installing: /home/cyn/ros2/ros2_ws/install/cpp_srvli/share/cpp_srvli/local_setup.dsv
[3.297s] -- Installing: /home/cyn/ros2/ros2_ws/install/cpp_srvli/share/cpp_srvli/package.dsv
[3.297s] -- Installing: /home/cyn/ros2/ros2_ws/install/cpp_srvli/share/ament_index/resource_index/packages/cpp_srvli
[3.297s] -- Installing: /home/cyn/ros2/ros2_ws/install/cpp_srvli/share/cpp_srvli/cmake/cpp_srvliConfig.cmake
[3.297s] -- Installing: /home/cyn/ros2/ros2_ws/install/cpp_srvli/share/cpp_srvli/cmake/cpp_srvliConfig-version.cmake
[3.297s] -- Installing: /home/cyn/ros2/ros2_ws/install/cpp_srvli/share/cpp_srvli/package.xml
[3.300s] Invoked command in '/home/cyn/ros2/ros2_ws/build/cpp_srvli' returned '0': CMAKE_PREFIX_PATH=/opt/ros/foxy /usr/bin/cmake --install /home/cyn/ros2/ros2_ws/build/cpp_srvli
