[0.015s] Invoking command in '/home/cyn/ros2/ros2_ws/build/cpp_pubsub': AMENT_PREFIX_PATH=/home/cyn/ros2/ros2_ws/install/tutorial_interfaces:${AMENT_PREFIX_PATH} CMAKE_PREFIX_PATH=/home/cyn/ros2/ros2_ws/install/tutorial_interfaces:/opt/ros/foxy LD_LIBRARY_PATH=/home/cyn/ros2/ros2_ws/install/tutorial_interfaces/lib:${LD_LIBRARY_PATH} PYTHONPATH=/home/cyn/ros2/ros2_ws/install/tutorial_interfaces/lib/python3.8/site-packages:/opt/ros/foxy/lib/python3.8/site-packages:/home/cyn/CARLA/carla_leadboard/carla/PythonAPI/carla/:/home/cyn/CARLA/carla_leadboard/scenario_runner:/home/cyn/CARLA/carla_leadboard/leaderboard:/home/cyn/CARLA/carla_leadboard/carla/PythonAPI/carla/dist/carla-0.9.13-py3.7-linux-x86_64.egg /usr/bin/cmake --build /home/cyn/ros2/ros2_ws/build/cpp_pubsub -- -j12 -l12
[0.036s] -- Found ament_cmake: 0.9.11 (/opt/ros/foxy/share/ament_cmake/cmake)
[0.055s] -- Using PYTHON_EXECUTABLE: /usr/bin/python3
[0.197s] -- Found rclcpp: 2.4.2 (/opt/ros/foxy/share/rclcpp/cmake)
[0.224s] -- Using all available rosidl_typesupport_c: rosidl_typesupport_fastrtps_c;rosidl_typesupport_introspection_c
[0.228s] -- Found rosidl_adapter: 1.3.0 (/opt/ros/foxy/share/rosidl_adapter/cmake)
[0.326s] -- Using all available rosidl_typesupport_cpp: rosidl_typesupport_fastrtps_cpp;rosidl_typesupport_introspection_cpp
[0.368s] -- Found rmw_implementation_cmake: 1.0.4 (/opt/ros/foxy/share/rmw_implementation_cmake/cmake)
[0.369s] -- Using RMW implementation 'rmw_fastrtps_cpp' as default
[0.487s] -- Found tutorial_interfaces: 0.0.0 (/home/cyn/ros2/ros2_ws/install/tutorial_interfaces/share/tutorial_interfaces/cmake)
[0.576s] -- Found ament_lint_auto: 0.9.8 (/opt/ros/foxy/share/ament_lint_auto/cmake)
[0.626s] -- Added test 'copyright' to check source files copyright and LICENSE
[0.627s] -- Added test 'cppcheck' to perform static code analysis on C / C++ code
[0.628s] -- Configured cppcheck include dirs: 
[0.628s] -- Configured cppcheck exclude dirs and/or files: 
[0.629s] -- Added test 'cpplint' to check C / C++ code against the Google style
[0.629s] -- Configured cpplint exclude dirs and/or files: 
[0.629s] -- Added test 'lint_cmake' to check CMake code style
[0.630s] -- Added test 'uncrustify' to check C / C++ code style
[0.630s] -- Configured uncrustify additional arguments: 
[0.631s] -- Added test 'xmllint' to check XML markup files
[0.633s] -- Configuring done
[0.642s] -- Generating done
[0.644s] -- Build files have been written to: /home/cyn/ros2/ros2_ws/build/cpp_pubsub
[0.665s] [35m[1mScanning dependencies of target talker[0m
[0.665s] [35m[1mScanning dependencies of target listener[0m
[0.687s] [ 50%] [32mBuilding CXX object CMakeFiles/listener.dir/src/subscriber_member_function.cpp.o[0m
[0.687s] [ 50%] [32mBuilding CXX object CMakeFiles/talker.dir/src/publisher_member_function.cpp.o[0m
[2.917s] [ 75%] [32m[1mLinking CXX executable talker[0m
[3.050s] [ 75%] Built target talker
[4.198s] [100%] [32m[1mLinking CXX executable listener[0m
[4.379s] [100%] Built target listener
[4.388s] Invoked command in '/home/cyn/ros2/ros2_ws/build/cpp_pubsub' returned '0': AMENT_PREFIX_PATH=/home/cyn/ros2/ros2_ws/install/tutorial_interfaces:${AMENT_PREFIX_PATH} CMAKE_PREFIX_PATH=/home/cyn/ros2/ros2_ws/install/tutorial_interfaces:/opt/ros/foxy LD_LIBRARY_PATH=/home/cyn/ros2/ros2_ws/install/tutorial_interfaces/lib:${LD_LIBRARY_PATH} PYTHONPATH=/home/cyn/ros2/ros2_ws/install/tutorial_interfaces/lib/python3.8/site-packages:/opt/ros/foxy/lib/python3.8/site-packages:/home/cyn/CARLA/carla_leadboard/carla/PythonAPI/carla/:/home/cyn/CARLA/carla_leadboard/scenario_runner:/home/cyn/CARLA/carla_leadboard/leaderboard:/home/cyn/CARLA/carla_leadboard/carla/PythonAPI/carla/dist/carla-0.9.13-py3.7-linux-x86_64.egg /usr/bin/cmake --build /home/cyn/ros2/ros2_ws/build/cpp_pubsub -- -j12 -l12
[4.420s] Invoking command in '/home/cyn/ros2/ros2_ws/build/cpp_pubsub': AMENT_PREFIX_PATH=/home/cyn/ros2/ros2_ws/install/tutorial_interfaces:${AMENT_PREFIX_PATH} CMAKE_PREFIX_PATH=/home/cyn/ros2/ros2_ws/install/tutorial_interfaces:/opt/ros/foxy LD_LIBRARY_PATH=/home/cyn/ros2/ros2_ws/install/tutorial_interfaces/lib:${LD_LIBRARY_PATH} PYTHONPATH=/home/cyn/ros2/ros2_ws/install/tutorial_interfaces/lib/python3.8/site-packages:/opt/ros/foxy/lib/python3.8/site-packages:/home/cyn/CARLA/carla_leadboard/carla/PythonAPI/carla/:/home/cyn/CARLA/carla_leadboard/scenario_runner:/home/cyn/CARLA/carla_leadboard/leaderboard:/home/cyn/CARLA/carla_leadboard/carla/PythonAPI/carla/dist/carla-0.9.13-py3.7-linux-x86_64.egg /usr/bin/cmake --install /home/cyn/ros2/ros2_ws/build/cpp_pubsub
[4.427s] -- Install configuration: ""
[4.427s] -- Installing: /home/cyn/ros2/ros2_ws/install/cpp_pubsub/lib/cpp_pubsub/talker
[4.428s] -- Set runtime path of "/home/cyn/ros2/ros2_ws/install/cpp_pubsub/lib/cpp_pubsub/talker" to ""
[4.428s] -- Installing: /home/cyn/ros2/ros2_ws/install/cpp_pubsub/lib/cpp_pubsub/listener
[4.430s] -- Set runtime path of "/home/cyn/ros2/ros2_ws/install/cpp_pubsub/lib/cpp_pubsub/listener" to ""
[4.430s] -- Installing: /home/cyn/ros2/ros2_ws/install/cpp_pubsub/share/ament_index/resource_index/package_run_dependencies/cpp_pubsub
[4.430s] -- Installing: /home/cyn/ros2/ros2_ws/install/cpp_pubsub/share/ament_index/resource_index/parent_prefix_path/cpp_pubsub
[4.431s] -- Up-to-date: /home/cyn/ros2/ros2_ws/install/cpp_pubsub/share/cpp_pubsub/environment/ament_prefix_path.sh
[4.431s] -- Installing: /home/cyn/ros2/ros2_ws/install/cpp_pubsub/share/cpp_pubsub/environment/ament_prefix_path.dsv
[4.431s] -- Up-to-date: /home/cyn/ros2/ros2_ws/install/cpp_pubsub/share/cpp_pubsub/environment/path.sh
[4.431s] -- Installing: /home/cyn/ros2/ros2_ws/install/cpp_pubsub/share/cpp_pubsub/environment/path.dsv
[4.431s] -- Up-to-date: /home/cyn/ros2/ros2_ws/install/cpp_pubsub/share/cpp_pubsub/local_setup.bash
[4.431s] -- Up-to-date: /home/cyn/ros2/ros2_ws/install/cpp_pubsub/share/cpp_pubsub/local_setup.sh
[4.431s] -- Up-to-date: /home/cyn/ros2/ros2_ws/install/cpp_pubsub/share/cpp_pubsub/local_setup.zsh
[4.431s] -- Installing: /home/cyn/ros2/ros2_ws/install/cpp_pubsub/share/cpp_pubsub/local_setup.dsv
[4.431s] -- Installing: /home/cyn/ros2/ros2_ws/install/cpp_pubsub/share/cpp_pubsub/package.dsv
[4.431s] -- Up-to-date: /home/cyn/ros2/ros2_ws/install/cpp_pubsub/share/ament_index/resource_index/packages/cpp_pubsub
[4.431s] -- Up-to-date: /home/cyn/ros2/ros2_ws/install/cpp_pubsub/share/cpp_pubsub/cmake/cpp_pubsubConfig.cmake
[4.432s] -- Up-to-date: /home/cyn/ros2/ros2_ws/install/cpp_pubsub/share/cpp_pubsub/cmake/cpp_pubsubConfig-version.cmake
[4.432s] -- Installing: /home/cyn/ros2/ros2_ws/install/cpp_pubsub/share/cpp_pubsub/package.xml
[4.433s] Invoked command in '/home/cyn/ros2/ros2_ws/build/cpp_pubsub' returned '0': AMENT_PREFIX_PATH=/home/cyn/ros2/ros2_ws/install/tutorial_interfaces:${AMENT_PREFIX_PATH} CMAKE_PREFIX_PATH=/home/cyn/ros2/ros2_ws/install/tutorial_interfaces:/opt/ros/foxy LD_LIBRARY_PATH=/home/cyn/ros2/ros2_ws/install/tutorial_interfaces/lib:${LD_LIBRARY_PATH} PYTHONPATH=/home/cyn/ros2/ros2_ws/install/tutorial_interfaces/lib/python3.8/site-packages:/opt/ros/foxy/lib/python3.8/site-packages:/home/cyn/CARLA/carla_leadboard/carla/PythonAPI/carla/:/home/cyn/CARLA/carla_leadboard/scenario_runner:/home/cyn/CARLA/carla_leadboard/leaderboard:/home/cyn/CARLA/carla_leadboard/carla/PythonAPI/carla/dist/carla-0.9.13-py3.7-linux-x86_64.egg /usr/bin/cmake --install /home/cyn/ros2/ros2_ws/build/cpp_pubsub
