[0.007s] Invoking command in '/home/cyn/ros2/ros2_ws/src/build/polygon_plugins': AMENT_PREFIX_PATH=/home/cyn/ros2/ros2_ws/src/install/polygon_base:${AMENT_PREFIX_PATH} CMAKE_PREFIX_PATH=/home/cyn/ros2/ros2_ws/src/install/polygon_base:/opt/ros/foxy /usr/bin/cmake /home/cyn/ros2/ros2_ws/src/polygon_plugins -DCMAKE_INSTALL_PREFIX=/home/cyn/ros2/ros2_ws/src/install/polygon_plugins
[0.021s] -- Found ament_cmake: 0.9.11 (/opt/ros/foxy/share/ament_cmake/cmake)
[0.042s] -- Using PYTHON_EXECUTABLE: /usr/bin/python3
[0.188s] -- Found ament_cmake_ros: 0.9.2 (/opt/ros/foxy/share/ament_cmake_ros/cmake)
[0.192s] -- Found polygon_base: 0.0.0 (/home/cyn/ros2/ros2_ws/src/install/polygon_base/share/polygon_base/cmake)
[0.194s] -- Found pluginlib: 2.5.4 (/opt/ros/foxy/share/pluginlib/cmake)
[0.229s] CMake Error at CMakeLists.txt:44 (add_library):
[0.230s]   add_library cannot create target "polygon_plugins" because another target
[0.230s]   with the same name already exists.  The existing target is a shared library
[0.230s]   created in source directory "/home/cyn/ros2/ros2_ws/src/polygon_plugins".
[0.230s]   See documentation for policy CMP0002 for more details.
[0.230s] 
[0.230s] 
[0.231s] -- Found ament_lint_auto: 0.9.8 (/opt/ros/foxy/share/ament_lint_auto/cmake)
[0.293s] -- Added test 'copyright' to check source files copyright and LICENSE
[0.294s] -- Added test 'cppcheck' to perform static code analysis on C / C++ code
[0.294s] -- Configured cppcheck include dirs: $<BUILD_INTERFACE:/home/cyn/ros2/ros2_ws/src/polygon_plugins/include>
[0.294s] -- Configured cppcheck exclude dirs and/or files: 
[0.295s] -- Added test 'cpplint' to check C / C++ code against the Google style
[0.295s] -- Configured cpplint exclude dirs and/or files: 
[0.296s] -- Added test 'lint_cmake' to check CMake code style
[0.296s] -- Added test 'uncrustify' to check C / C++ code style
[0.296s] -- Configured uncrustify additional arguments: 
[0.297s] -- Added test 'xmllint' to check XML markup files
[0.300s] -- Configuring incomplete, errors occurred!
[0.300s] See also "/home/cyn/ros2/ros2_ws/src/build/polygon_plugins/CMakeFiles/CMakeOutput.log".
[0.304s] Invoked command in '/home/cyn/ros2/ros2_ws/src/build/polygon_plugins' returned '1': AMENT_PREFIX_PATH=/home/cyn/ros2/ros2_ws/src/install/polygon_base:${AMENT_PREFIX_PATH} CMAKE_PREFIX_PATH=/home/cyn/ros2/ros2_ws/src/install/polygon_base:/opt/ros/foxy /usr/bin/cmake /home/cyn/ros2/ros2_ws/src/polygon_plugins -DCMAKE_INSTALL_PREFIX=/home/cyn/ros2/ros2_ws/src/install/polygon_plugins
