[0.020s] Invoking command in '/home/cyn/ros2/ros2_ws/build/turtlesim': CMAKE_PREFIX_PATH=/opt/ros/foxy /usr/bin/cmake --build /home/cyn/ros2/ros2_ws/build/turtlesim -- -j12 -l12
[0.065s] [  1%] Built target turtlesim__cpp
[0.066s] [ 11%] Built target turtlesim__rosidl_generator_c
[0.085s] [ 41%] Built target turtlesim__rosidl_typesupport_cpp
[0.085s] [ 41%] Built target turtlesim__rosidl_typesupport_c
[0.085s] [ 41%] Built target turtlesim__rosidl_typesupport_introspection_cpp
[0.085s] [ 51%] Built target turtlesim__rosidl_typesupport_introspection_c
[0.089s] [ 61%] Built target turtlesim__rosidl_typesupport_fastrtps_cpp
[0.115s] [ 71%] Built target turtlesim__rosidl_typesupport_fastrtps_c
[0.131s] [ 71%] Built target turtlesim
[0.146s] [35m[1mScanning dependencies of target turtlesim_node[0m
[0.148s] [ 72%] Built target turtlesim__py
[0.156s] [ 78%] Built target mimic
[0.156s] [ 78%] Built target draw_square
[0.157s] [ 78%] Built target turtle_teleop_key
[0.173s] [ 87%] Built target turtlesim__python
[0.192s] [ 88%] [32mBuilding CXX object CMakeFiles/turtlesim_node.dir/src/turtle_frame.cpp.o[0m
[0.195s] [ 94%] Built target turtlesim__rosidl_typesupport_introspection_c__pyext
[0.195s] [ 94%] Built target turtlesim__rosidl_typesupport_fastrtps_c__pyext
[0.195s] [ 94%] Built target turtlesim__rosidl_typesupport_c__pyext
[5.376s] [ 95%] [32m[1mLinking CXX executable turtlesim_node[0m
[6.514s] [100%] Built target turtlesim_node
[6.525s] Invoked command in '/home/cyn/ros2/ros2_ws/build/turtlesim' returned '0': CMAKE_PREFIX_PATH=/opt/ros/foxy /usr/bin/cmake --build /home/cyn/ros2/ros2_ws/build/turtlesim -- -j12 -l12
[6.947s] Invoking command in '/home/cyn/ros2/ros2_ws/build/turtlesim': CMAKE_PREFIX_PATH=/opt/ros/foxy /usr/bin/cmake --install /home/cyn/ros2/ros2_ws/build/turtlesim
[6.962s] -- Install configuration: ""
[6.962s] -- Up-to-date: /home/cyn/ros2/ros2_ws/install/turtlesim/share/ament_index/resource_index/rosidl_interfaces/turtlesim
[6.963s] -- Up-to-date: /home/cyn/ros2/ros2_ws/install/turtlesim/include/turtlesim
[6.963s] -- Up-to-date: /home/cyn/ros2/ros2_ws/install/turtlesim/include/turtlesim/srv
[6.963s] -- Up-to-date: /home/cyn/ros2/ros2_ws/install/turtlesim/include/turtlesim/srv/detail
[6.963s] -- Up-to-date: /home/cyn/ros2/ros2_ws/install/turtlesim/include/turtlesim/srv/detail/kill__functions.h
[6.963s] -- Up-to-date: /home/cyn/ros2/ros2_ws/install/turtlesim/include/turtlesim/srv/detail/teleport_absolute__functions.c
[6.963s] -- Up-to-date: /home/cyn/ros2/ros2_ws/install/turtlesim/include/turtlesim/srv/detail/teleport_absolute__type_support.h
[6.963s] -- Up-to-date: /home/cyn/ros2/ros2_ws/install/turtlesim/include/turtlesim/srv/detail/teleport_absolute__struct.h
[6.963s] -- Up-to-date: /home/cyn/ros2/ros2_ws/install/turtlesim/include/turtlesim/srv/detail/teleport_relative__functions.c
[6.963s] -- Up-to-date: /home/cyn/ros2/ros2_ws/install/turtlesim/include/turtlesim/srv/detail/spawn__struct.h
[6.963s] -- Up-to-date: /home/cyn/ros2/ros2_ws/install/turtlesim/include/turtlesim/srv/detail/set_pen__struct.h
[6.963s] -- Up-to-date: /home/cyn/ros2/ros2_ws/install/turtlesim/include/turtlesim/srv/detail/kill__struct.h
[6.964s] -- Up-to-date: /home/cyn/ros2/ros2_ws/install/turtlesim/include/turtlesim/srv/detail/teleport_relative__type_support.h
[6.964s] -- Up-to-date: /home/cyn/ros2/ros2_ws/install/turtlesim/include/turtlesim/srv/detail/teleport_relative__functions.h
[6.964s] -- Up-to-date: /home/cyn/ros2/ros2_ws/install/turtlesim/include/turtlesim/srv/detail/teleport_absolute__functions.h
[6.964s] -- Up-to-date: /home/cyn/ros2/ros2_ws/install/turtlesim/include/turtlesim/srv/detail/spawn__functions.c
[6.964s] -- Up-to-date: /home/cyn/ros2/ros2_ws/install/turtlesim/include/turtlesim/srv/detail/spawn__type_support.h
[6.964s] -- Up-to-date: /home/cyn/ros2/ros2_ws/install/turtlesim/include/turtlesim/srv/detail/kill__functions.c
[6.964s] -- Up-to-date: /home/cyn/ros2/ros2_ws/install/turtlesim/include/turtlesim/srv/detail/set_pen__functions.c
[6.964s] -- Up-to-date: /home/cyn/ros2/ros2_ws/install/turtlesim/include/turtlesim/srv/detail/kill__type_support.h
[6.964s] -- Up-to-date: /home/cyn/ros2/ros2_ws/install/turtlesim/include/turtlesim/srv/detail/spawn__functions.h
[6.964s] -- Up-to-date: /home/cyn/ros2/ros2_ws/install/turtlesim/include/turtlesim/srv/detail/teleport_relative__struct.h
[6.964s] -- Up-to-date: /home/cyn/ros2/ros2_ws/install/turtlesim/include/turtlesim/srv/detail/set_pen__functions.h
[6.964s] -- Up-to-date: /home/cyn/ros2/ros2_ws/install/turtlesim/include/turtlesim/srv/detail/set_pen__type_support.h
[6.965s] -- Up-to-date: /home/cyn/ros2/ros2_ws/install/turtlesim/include/turtlesim/srv/teleport_relative.h
[6.965s] -- Up-to-date: /home/cyn/ros2/ros2_ws/install/turtlesim/include/turtlesim/srv/set_pen.h
[6.965s] -- Up-to-date: /home/cyn/ros2/ros2_ws/install/turtlesim/include/turtlesim/srv/teleport_absolute.h
[6.965s] -- Up-to-date: /home/cyn/ros2/ros2_ws/install/turtlesim/include/turtlesim/srv/spawn.h
[6.965s] -- Up-to-date: /home/cyn/ros2/ros2_ws/install/turtlesim/include/turtlesim/srv/kill.h
[6.965s] -- Up-to-date: /home/cyn/ros2/ros2_ws/install/turtlesim/include/turtlesim/action
[6.965s] -- Up-to-date: /home/cyn/ros2/ros2_ws/install/turtlesim/include/turtlesim/action/detail
[6.965s] -- Up-to-date: /home/cyn/ros2/ros2_ws/install/turtlesim/include/turtlesim/action/detail/rotate_absolute__struct.h
[6.965s] -- Up-to-date: /home/cyn/ros2/ros2_ws/install/turtlesim/include/turtlesim/action/detail/rotate_absolute__type_support.h
[6.965s] -- Up-to-date: /home/cyn/ros2/ros2_ws/install/turtlesim/include/turtlesim/action/detail/rotate_absolute__functions.c
[6.965s] -- Up-to-date: /home/cyn/ros2/ros2_ws/install/turtlesim/include/turtlesim/action/detail/rotate_absolute__functions.h
[6.965s] -- Up-to-date: /home/cyn/ros2/ros2_ws/install/turtlesim/include/turtlesim/action/rotate_absolute.h
[6.966s] -- Up-to-date: /home/cyn/ros2/ros2_ws/install/turtlesim/include/turtlesim/msg
[6.966s] -- Up-to-date: /home/cyn/ros2/ros2_ws/install/turtlesim/include/turtlesim/msg/color.h
[6.966s] -- Up-to-date: /home/cyn/ros2/ros2_ws/install/turtlesim/include/turtlesim/msg/detail
[6.966s] -- Up-to-date: /home/cyn/ros2/ros2_ws/install/turtlesim/include/turtlesim/msg/detail/color__type_support.h
[6.966s] -- Up-to-date: /home/cyn/ros2/ros2_ws/install/turtlesim/include/turtlesim/msg/detail/color__functions.h
[6.966s] -- Up-to-date: /home/cyn/ros2/ros2_ws/install/turtlesim/include/turtlesim/msg/detail/pose__type_support.h
[6.966s] -- Up-to-date: /home/cyn/ros2/ros2_ws/install/turtlesim/include/turtlesim/msg/detail/color__functions.c
[6.966s] -- Up-to-date: /home/cyn/ros2/ros2_ws/install/turtlesim/include/turtlesim/msg/detail/pose__functions.c
[6.966s] -- Up-to-date: /home/cyn/ros2/ros2_ws/install/turtlesim/include/turtlesim/msg/detail/pose__struct.h
[6.966s] -- Up-to-date: /home/cyn/ros2/ros2_ws/install/turtlesim/include/turtlesim/msg/detail/pose__functions.h
[6.967s] -- Up-to-date: /home/cyn/ros2/ros2_ws/install/turtlesim/include/turtlesim/msg/detail/color__struct.h
[6.967s] -- Up-to-date: /home/cyn/ros2/ros2_ws/install/turtlesim/include/turtlesim/msg/rosidl_generator_c__visibility_control.h
[6.967s] -- Up-to-date: /home/cyn/ros2/ros2_ws/install/turtlesim/include/turtlesim/msg/pose.h
[6.967s] -- Up-to-date: /home/cyn/ros2/ros2_ws/install/turtlesim/share/turtlesim/environment/library_path.sh
[6.967s] -- Up-to-date: /home/cyn/ros2/ros2_ws/install/turtlesim/share/turtlesim/environment/library_path.dsv
[6.967s] -- Up-to-date: /home/cyn/ros2/ros2_ws/install/turtlesim/lib/libturtlesim__rosidl_generator_c.so
[6.967s] -- Up-to-date: /home/cyn/ros2/ros2_ws/install/turtlesim/include/turtlesim
[6.967s] -- Up-to-date: /home/cyn/ros2/ros2_ws/install/turtlesim/include/turtlesim/srv
[6.967s] -- Up-to-date: /home/cyn/ros2/ros2_ws/install/turtlesim/include/turtlesim/srv/detail
[6.967s] -- Up-to-date: /home/cyn/ros2/ros2_ws/install/turtlesim/include/turtlesim/srv/detail/spawn__rosidl_typesupport_fastrtps_c.h
[6.967s] -- Up-to-date: /home/cyn/ros2/ros2_ws/install/turtlesim/include/turtlesim/srv/detail/teleport_relative__rosidl_typesupport_fastrtps_c.h
[6.967s] -- Up-to-date: /home/cyn/ros2/ros2_ws/install/turtlesim/include/turtlesim/srv/detail/teleport_absolute__rosidl_typesupport_fastrtps_c.h
[6.967s] -- Up-to-date: /home/cyn/ros2/ros2_ws/install/turtlesim/include/turtlesim/srv/detail/set_pen__rosidl_typesupport_fastrtps_c.h
[6.968s] -- Up-to-date: /home/cyn/ros2/ros2_ws/install/turtlesim/include/turtlesim/srv/detail/kill__rosidl_typesupport_fastrtps_c.h
[6.968s] -- Up-to-date: /home/cyn/ros2/ros2_ws/install/turtlesim/include/turtlesim/action
[6.968s] -- Up-to-date: /home/cyn/ros2/ros2_ws/install/turtlesim/include/turtlesim/action/detail
[6.968s] -- Up-to-date: /home/cyn/ros2/ros2_ws/install/turtlesim/include/turtlesim/action/detail/rotate_absolute__rosidl_typesupport_fastrtps_c.h
[6.968s] -- Up-to-date: /home/cyn/ros2/ros2_ws/install/turtlesim/include/turtlesim/msg
[6.968s] -- Up-to-date: /home/cyn/ros2/ros2_ws/install/turtlesim/include/turtlesim/msg/rosidl_typesupport_fastrtps_c__visibility_control.h
[6.968s] -- Up-to-date: /home/cyn/ros2/ros2_ws/install/turtlesim/include/turtlesim/msg/detail
[6.968s] -- Up-to-date: /home/cyn/ros2/ros2_ws/install/turtlesim/include/turtlesim/msg/detail/color__rosidl_typesupport_fastrtps_c.h
[6.968s] -- Up-to-date: /home/cyn/ros2/ros2_ws/install/turtlesim/include/turtlesim/msg/detail/pose__rosidl_typesupport_fastrtps_c.h
[6.969s] -- Up-to-date: /home/cyn/ros2/ros2_ws/install/turtlesim/lib/libturtlesim__rosidl_typesupport_fastrtps_c.so
[6.969s] -- Up-to-date: /home/cyn/ros2/ros2_ws/install/turtlesim/include/turtlesim
[6.969s] -- Up-to-date: /home/cyn/ros2/ros2_ws/install/turtlesim/include/turtlesim/srv
[6.969s] -- Up-to-date: /home/cyn/ros2/ros2_ws/install/turtlesim/include/turtlesim/srv/detail
[6.969s] -- Up-to-date: /home/cyn/ros2/ros2_ws/install/turtlesim/include/turtlesim/srv/detail/spawn__rosidl_typesupport_fastrtps_cpp.hpp
[6.969s] -- Up-to-date: /home/cyn/ros2/ros2_ws/install/turtlesim/include/turtlesim/srv/detail/dds_fastrtps
[6.969s] -- Up-to-date: /home/cyn/ros2/ros2_ws/install/turtlesim/include/turtlesim/srv/detail/kill__rosidl_typesupport_fastrtps_cpp.hpp
[6.969s] -- Up-to-date: /home/cyn/ros2/ros2_ws/install/turtlesim/include/turtlesim/srv/detail/set_pen__rosidl_typesupport_fastrtps_cpp.hpp
[6.969s] -- Up-to-date: /home/cyn/ros2/ros2_ws/install/turtlesim/include/turtlesim/srv/detail/teleport_absolute__rosidl_typesupport_fastrtps_cpp.hpp
[6.969s] -- Up-to-date: /home/cyn/ros2/ros2_ws/install/turtlesim/include/turtlesim/srv/detail/teleport_relative__rosidl_typesupport_fastrtps_cpp.hpp
[6.969s] -- Up-to-date: /home/cyn/ros2/ros2_ws/install/turtlesim/include/turtlesim/action
[6.969s] -- Up-to-date: /home/cyn/ros2/ros2_ws/install/turtlesim/include/turtlesim/action/detail
[6.969s] -- Up-to-date: /home/cyn/ros2/ros2_ws/install/turtlesim/include/turtlesim/action/detail/dds_fastrtps
[6.969s] -- Up-to-date: /home/cyn/ros2/ros2_ws/install/turtlesim/include/turtlesim/action/detail/rotate_absolute__rosidl_typesupport_fastrtps_cpp.hpp
[6.969s] -- Up-to-date: /home/cyn/ros2/ros2_ws/install/turtlesim/include/turtlesim/msg
[6.969s] -- Up-to-date: /home/cyn/ros2/ros2_ws/install/turtlesim/include/turtlesim/msg/detail
[6.970s] -- Up-to-date: /home/cyn/ros2/ros2_ws/install/turtlesim/include/turtlesim/msg/detail/pose__rosidl_typesupport_fastrtps_cpp.hpp
[6.970s] -- Up-to-date: /home/cyn/ros2/ros2_ws/install/turtlesim/include/turtlesim/msg/detail/dds_fastrtps
[6.970s] -- Up-to-date: /home/cyn/ros2/ros2_ws/install/turtlesim/include/turtlesim/msg/detail/color__rosidl_typesupport_fastrtps_cpp.hpp
[6.970s] -- Up-to-date: /home/cyn/ros2/ros2_ws/install/turtlesim/include/turtlesim/msg/rosidl_typesupport_fastrtps_cpp__visibility_control.h
[6.970s] -- Up-to-date: /home/cyn/ros2/ros2_ws/install/turtlesim/lib/libturtlesim__rosidl_typesupport_fastrtps_cpp.so
[6.970s] -- Up-to-date: /home/cyn/ros2/ros2_ws/install/turtlesim/include/turtlesim
[6.970s] -- Up-to-date: /home/cyn/ros2/ros2_ws/install/turtlesim/include/turtlesim/srv
[6.970s] -- Up-to-date: /home/cyn/ros2/ros2_ws/install/turtlesim/include/turtlesim/srv/detail
[6.970s] -- Up-to-date: /home/cyn/ros2/ros2_ws/install/turtlesim/include/turtlesim/srv/detail/kill__type_support.c
[6.970s] -- Up-to-date: /home/cyn/ros2/ros2_ws/install/turtlesim/include/turtlesim/srv/detail/teleport_relative__type_support.c
[6.970s] -- Up-to-date: /home/cyn/ros2/ros2_ws/install/turtlesim/include/turtlesim/srv/detail/teleport_absolute__type_support.c
[6.970s] -- Up-to-date: /home/cyn/ros2/ros2_ws/install/turtlesim/include/turtlesim/srv/detail/teleport_absolute__rosidl_typesupport_introspection_c.h
[6.970s] -- Up-to-date: /home/cyn/ros2/ros2_ws/install/turtlesim/include/turtlesim/srv/detail/teleport_relative__rosidl_typesupport_introspection_c.h
[6.970s] -- Up-to-date: /home/cyn/ros2/ros2_ws/install/turtlesim/include/turtlesim/srv/detail/spawn__rosidl_typesupport_introspection_c.h
[6.970s] -- Up-to-date: /home/cyn/ros2/ros2_ws/install/turtlesim/include/turtlesim/srv/detail/set_pen__type_support.c
[6.970s] -- Up-to-date: /home/cyn/ros2/ros2_ws/install/turtlesim/include/turtlesim/srv/detail/spawn__type_support.c
[6.970s] -- Up-to-date: /home/cyn/ros2/ros2_ws/install/turtlesim/include/turtlesim/srv/detail/kill__rosidl_typesupport_introspection_c.h
[6.971s] -- Up-to-date: /home/cyn/ros2/ros2_ws/install/turtlesim/include/turtlesim/srv/detail/set_pen__rosidl_typesupport_introspection_c.h
[6.971s] -- Up-to-date: /home/cyn/ros2/ros2_ws/install/turtlesim/include/turtlesim/action
[6.971s] -- Up-to-date: /home/cyn/ros2/ros2_ws/install/turtlesim/include/turtlesim/action/detail
[6.971s] -- Up-to-date: /home/cyn/ros2/ros2_ws/install/turtlesim/include/turtlesim/action/detail/rotate_absolute__type_support.c
[6.971s] -- Up-to-date: /home/cyn/ros2/ros2_ws/install/turtlesim/include/turtlesim/action/detail/rotate_absolute__rosidl_typesupport_introspection_c.h
[6.971s] -- Up-to-date: /home/cyn/ros2/ros2_ws/install/turtlesim/include/turtlesim/msg
[6.971s] -- Up-to-date: /home/cyn/ros2/ros2_ws/install/turtlesim/include/turtlesim/msg/detail
[6.971s] -- Up-to-date: /home/cyn/ros2/ros2_ws/install/turtlesim/include/turtlesim/msg/detail/color__rosidl_typesupport_introspection_c.h
[6.971s] -- Up-to-date: /home/cyn/ros2/ros2_ws/install/turtlesim/include/turtlesim/msg/detail/pose__rosidl_typesupport_introspection_c.h
[6.971s] -- Up-to-date: /home/cyn/ros2/ros2_ws/install/turtlesim/include/turtlesim/msg/detail/color__type_support.c
[6.971s] -- Up-to-date: /home/cyn/ros2/ros2_ws/install/turtlesim/include/turtlesim/msg/detail/pose__type_support.c
[6.971s] -- Up-to-date: /home/cyn/ros2/ros2_ws/install/turtlesim/include/turtlesim/msg/rosidl_typesupport_introspection_c__visibility_control.h
[6.971s] -- Up-to-date: /home/cyn/ros2/ros2_ws/install/turtlesim/lib/libturtlesim__rosidl_typesupport_introspection_c.so
[6.971s] -- Up-to-date: /home/cyn/ros2/ros2_ws/install/turtlesim/lib/libturtlesim__rosidl_typesupport_c.so
[6.971s] -- Up-to-date: /home/cyn/ros2/ros2_ws/install/turtlesim/include/turtlesim
[6.971s] -- Up-to-date: /home/cyn/ros2/ros2_ws/install/turtlesim/include/turtlesim/srv
[6.971s] -- Up-to-date: /home/cyn/ros2/ros2_ws/install/turtlesim/include/turtlesim/srv/teleport_relative.hpp
[6.972s] -- Up-to-date: /home/cyn/ros2/ros2_ws/install/turtlesim/include/turtlesim/srv/set_pen.hpp
[6.972s] -- Up-to-date: /home/cyn/ros2/ros2_ws/install/turtlesim/include/turtlesim/srv/detail
[6.972s] -- Up-to-date: /home/cyn/ros2/ros2_ws/install/turtlesim/include/turtlesim/srv/detail/spawn__struct.hpp
[6.972s] -- Up-to-date: /home/cyn/ros2/ros2_ws/install/turtlesim/include/turtlesim/srv/detail/teleport_absolute__traits.hpp
[6.972s] -- Up-to-date: /home/cyn/ros2/ros2_ws/install/turtlesim/include/turtlesim/srv/detail/set_pen__struct.hpp
[6.972s] -- Up-to-date: /home/cyn/ros2/ros2_ws/install/turtlesim/include/turtlesim/srv/detail/kill__struct.hpp
[6.972s] -- Up-to-date: /home/cyn/ros2/ros2_ws/install/turtlesim/include/turtlesim/srv/detail/teleport_relative__builder.hpp
[6.972s] -- Up-to-date: /home/cyn/ros2/ros2_ws/install/turtlesim/include/turtlesim/srv/detail/spawn__traits.hpp
[6.972s] -- Up-to-date: /home/cyn/ros2/ros2_ws/install/turtlesim/include/turtlesim/srv/detail/spawn__builder.hpp
[6.972s] -- Up-to-date: /home/cyn/ros2/ros2_ws/install/turtlesim/include/turtlesim/srv/detail/teleport_absolute__builder.hpp
[6.972s] -- Up-to-date: /home/cyn/ros2/ros2_ws/install/turtlesim/include/turtlesim/srv/detail/kill__builder.hpp
[6.972s] -- Up-to-date: /home/cyn/ros2/ros2_ws/install/turtlesim/include/turtlesim/srv/detail/teleport_relative__traits.hpp
[6.972s] -- Up-to-date: /home/cyn/ros2/ros2_ws/install/turtlesim/include/turtlesim/srv/detail/teleport_absolute__struct.hpp
[6.972s] -- Up-to-date: /home/cyn/ros2/ros2_ws/install/turtlesim/include/turtlesim/srv/detail/set_pen__builder.hpp
[6.972s] -- Up-to-date: /home/cyn/ros2/ros2_ws/install/turtlesim/include/turtlesim/srv/detail/teleport_relative__struct.hpp
[6.972s] -- Up-to-date: /home/cyn/ros2/ros2_ws/install/turtlesim/include/turtlesim/srv/detail/kill__traits.hpp
[6.972s] -- Up-to-date: /home/cyn/ros2/ros2_ws/install/turtlesim/include/turtlesim/srv/detail/set_pen__traits.hpp
[6.972s] -- Up-to-date: /home/cyn/ros2/ros2_ws/install/turtlesim/include/turtlesim/srv/kill.hpp
[6.972s] -- Up-to-date: /home/cyn/ros2/ros2_ws/install/turtlesim/include/turtlesim/srv/spawn.hpp
[6.973s] -- Up-to-date: /home/cyn/ros2/ros2_ws/install/turtlesim/include/turtlesim/srv/teleport_absolute.hpp
[6.973s] -- Up-to-date: /home/cyn/ros2/ros2_ws/install/turtlesim/include/turtlesim/action
[6.973s] -- Up-to-date: /home/cyn/ros2/ros2_ws/install/turtlesim/include/turtlesim/action/detail
[6.973s] -- Up-to-date: /home/cyn/ros2/ros2_ws/install/turtlesim/include/turtlesim/action/detail/rotate_absolute__traits.hpp
[6.973s] -- Up-to-date: /home/cyn/ros2/ros2_ws/install/turtlesim/include/turtlesim/action/detail/rotate_absolute__struct.hpp
[6.973s] -- Up-to-date: /home/cyn/ros2/ros2_ws/install/turtlesim/include/turtlesim/action/detail/rotate_absolute__builder.hpp
[6.973s] -- Up-to-date: /home/cyn/ros2/ros2_ws/install/turtlesim/include/turtlesim/action/rotate_absolute.hpp
[6.973s] -- Up-to-date: /home/cyn/ros2/ros2_ws/install/turtlesim/include/turtlesim/msg
[6.973s] -- Up-to-date: /home/cyn/ros2/ros2_ws/install/turtlesim/include/turtlesim/msg/detail
[6.973s] -- Up-to-date: /home/cyn/ros2/ros2_ws/install/turtlesim/include/turtlesim/msg/detail/pose__builder.hpp
[6.973s] -- Up-to-date: /home/cyn/ros2/ros2_ws/install/turtlesim/include/turtlesim/msg/detail/color__builder.hpp
[6.973s] -- Up-to-date: /home/cyn/ros2/ros2_ws/install/turtlesim/include/turtlesim/msg/detail/color__struct.hpp
[6.973s] -- Up-to-date: /home/cyn/ros2/ros2_ws/install/turtlesim/include/turtlesim/msg/detail/color__traits.hpp
[6.973s] -- Up-to-date: /home/cyn/ros2/ros2_ws/install/turtlesim/include/turtlesim/msg/detail/pose__struct.hpp
[6.973s] -- Up-to-date: /home/cyn/ros2/ros2_ws/install/turtlesim/include/turtlesim/msg/detail/pose__traits.hpp
[6.973s] -- Up-to-date: /home/cyn/ros2/ros2_ws/install/turtlesim/include/turtlesim/msg/color.hpp
[6.973s] -- Up-to-date: /home/cyn/ros2/ros2_ws/install/turtlesim/include/turtlesim/msg/pose.hpp
[6.973s] -- Up-to-date: /home/cyn/ros2/ros2_ws/install/turtlesim/include/turtlesim
[6.974s] -- Up-to-date: /home/cyn/ros2/ros2_ws/install/turtlesim/include/turtlesim/srv
[6.974s] -- Up-to-date: /home/cyn/ros2/ros2_ws/install/turtlesim/include/turtlesim/srv/detail
[6.974s] -- Up-to-date: /home/cyn/ros2/ros2_ws/install/turtlesim/include/turtlesim/srv/detail/teleport_relative__type_support.cpp
[6.974s] -- Up-to-date: /home/cyn/ros2/ros2_ws/install/turtlesim/include/turtlesim/srv/detail/spawn__rosidl_typesupport_introspection_cpp.hpp
[6.974s] -- Up-to-date: /home/cyn/ros2/ros2_ws/install/turtlesim/include/turtlesim/srv/detail/spawn__type_support.cpp
[6.974s] -- Up-to-date: /home/cyn/ros2/ros2_ws/install/turtlesim/include/turtlesim/srv/detail/set_pen__rosidl_typesupport_introspection_cpp.hpp
[6.974s] -- Up-to-date: /home/cyn/ros2/ros2_ws/install/turtlesim/include/turtlesim/srv/detail/kill__type_support.cpp
[6.974s] -- Up-to-date: /home/cyn/ros2/ros2_ws/install/turtlesim/include/turtlesim/srv/detail/teleport_absolute__rosidl_typesupport_introspection_cpp.hpp
[6.974s] -- Up-to-date: /home/cyn/ros2/ros2_ws/install/turtlesim/include/turtlesim/srv/detail/teleport_relative__rosidl_typesupport_introspection_cpp.hpp
[6.974s] -- Up-to-date: /home/cyn/ros2/ros2_ws/install/turtlesim/include/turtlesim/srv/detail/kill__rosidl_typesupport_introspection_cpp.hpp
[6.974s] -- Up-to-date: /home/cyn/ros2/ros2_ws/install/turtlesim/include/turtlesim/srv/detail/set_pen__type_support.cpp
[6.974s] -- Up-to-date: /home/cyn/ros2/ros2_ws/install/turtlesim/include/turtlesim/srv/detail/teleport_absolute__type_support.cpp
[6.974s] -- Up-to-date: /home/cyn/ros2/ros2_ws/install/turtlesim/include/turtlesim/action
[6.974s] -- Up-to-date: /home/cyn/ros2/ros2_ws/install/turtlesim/include/turtlesim/action/detail
[6.974s] -- Up-to-date: /home/cyn/ros2/ros2_ws/install/turtlesim/include/turtlesim/action/detail/rotate_absolute__rosidl_typesupport_introspection_cpp.hpp
[6.974s] -- Up-to-date: /home/cyn/ros2/ros2_ws/install/turtlesim/include/turtlesim/action/detail/rotate_absolute__type_support.cpp
[6.974s] -- Up-to-date: /home/cyn/ros2/ros2_ws/install/turtlesim/include/turtlesim/msg
[6.974s] -- Up-to-date: /home/cyn/ros2/ros2_ws/install/turtlesim/include/turtlesim/msg/detail
[6.974s] -- Up-to-date: /home/cyn/ros2/ros2_ws/install/turtlesim/include/turtlesim/msg/detail/color__rosidl_typesupport_introspection_cpp.hpp
[6.975s] -- Up-to-date: /home/cyn/ros2/ros2_ws/install/turtlesim/include/turtlesim/msg/detail/pose__rosidl_typesupport_introspection_cpp.hpp
[6.975s] -- Up-to-date: /home/cyn/ros2/ros2_ws/install/turtlesim/include/turtlesim/msg/detail/pose__type_support.cpp
[6.975s] -- Up-to-date: /home/cyn/ros2/ros2_ws/install/turtlesim/include/turtlesim/msg/detail/color__type_support.cpp
[6.975s] -- Up-to-date: /home/cyn/ros2/ros2_ws/install/turtlesim/lib/libturtlesim__rosidl_typesupport_introspection_cpp.so
[6.975s] -- Up-to-date: /home/cyn/ros2/ros2_ws/install/turtlesim/lib/libturtlesim__rosidl_typesupport_cpp.so
[6.975s] -- Up-to-date: /home/cyn/ros2/ros2_ws/install/turtlesim/share/turtlesim/environment/pythonpath.sh
[6.975s] -- Up-to-date: /home/cyn/ros2/ros2_ws/install/turtlesim/share/turtlesim/environment/pythonpath.dsv
[6.975s] -- Up-to-date: /home/cyn/ros2/ros2_ws/install/turtlesim/lib/python3.8/site-packages/turtlesim/__init__.py
[6.998s] -- Up-to-date: /home/cyn/ros2/ros2_ws/install/turtlesim/lib/python3.8/site-packages/turtlesim/action
[6.998s] -- Up-to-date: /home/cyn/ros2/ros2_ws/install/turtlesim/lib/python3.8/site-packages/turtlesim/action/__init__.py
[6.998s] -- Up-to-date: /home/cyn/ros2/ros2_ws/install/turtlesim/lib/python3.8/site-packages/turtlesim/action/_rotate_absolute.py
[6.999s] -- Up-to-date: /home/cyn/ros2/ros2_ws/install/turtlesim/lib/python3.8/site-packages/turtlesim/action/_rotate_absolute_s.c
[6.999s] -- Up-to-date: /home/cyn/ros2/ros2_ws/install/turtlesim/lib/python3.8/site-packages/turtlesim/msg
[6.999s] -- Up-to-date: /home/cyn/ros2/ros2_ws/install/turtlesim/lib/python3.8/site-packages/turtlesim/msg/__init__.py
[6.999s] -- Up-to-date: /home/cyn/ros2/ros2_ws/install/turtlesim/lib/python3.8/site-packages/turtlesim/msg/_color_s.c
[6.999s] -- Up-to-date: /home/cyn/ros2/ros2_ws/install/turtlesim/lib/python3.8/site-packages/turtlesim/msg/_color.py
[6.999s] -- Up-to-date: /home/cyn/ros2/ros2_ws/install/turtlesim/lib/python3.8/site-packages/turtlesim/msg/_pose.py
[6.999s] -- Up-to-date: /home/cyn/ros2/ros2_ws/install/turtlesim/lib/python3.8/site-packages/turtlesim/msg/_pose_s.c
[6.999s] -- Up-to-date: /home/cyn/ros2/ros2_ws/install/turtlesim/lib/python3.8/site-packages/turtlesim/srv
[6.999s] -- Up-to-date: /home/cyn/ros2/ros2_ws/install/turtlesim/lib/python3.8/site-packages/turtlesim/srv/__init__.py
[6.999s] -- Up-to-date: /home/cyn/ros2/ros2_ws/install/turtlesim/lib/python3.8/site-packages/turtlesim/srv/_kill_s.c
[6.999s] -- Up-to-date: /home/cyn/ros2/ros2_ws/install/turtlesim/lib/python3.8/site-packages/turtlesim/srv/_spawn.py
[6.999s] -- Up-to-date: /home/cyn/ros2/ros2_ws/install/turtlesim/lib/python3.8/site-packages/turtlesim/srv/_kill.py
[6.999s] -- Up-to-date: /home/cyn/ros2/ros2_ws/install/turtlesim/lib/python3.8/site-packages/turtlesim/srv/_set_pen_s.c
[6.999s] -- Up-to-date: /home/cyn/ros2/ros2_ws/install/turtlesim/lib/python3.8/site-packages/turtlesim/srv/_teleport_absolute.py
[6.999s] -- Up-to-date: /home/cyn/ros2/ros2_ws/install/turtlesim/lib/python3.8/site-packages/turtlesim/srv/_set_pen.py
[6.999s] -- Up-to-date: /home/cyn/ros2/ros2_ws/install/turtlesim/lib/python3.8/site-packages/turtlesim/srv/_teleport_relative.py
[6.999s] -- Up-to-date: /home/cyn/ros2/ros2_ws/install/turtlesim/lib/python3.8/site-packages/turtlesim/srv/_teleport_absolute_s.c
[6.999s] -- Up-to-date: /home/cyn/ros2/ros2_ws/install/turtlesim/lib/python3.8/site-packages/turtlesim/srv/_teleport_relative_s.c
[6.999s] -- Up-to-date: /home/cyn/ros2/ros2_ws/install/turtlesim/lib/python3.8/site-packages/turtlesim/srv/_spawn_s.c
[7.000s] -- Up-to-date: /home/cyn/ros2/ros2_ws/install/turtlesim/lib/python3.8/site-packages/turtlesim/turtlesim_s__rosidl_typesupport_fastrtps_c.cpython-38-x86_64-linux-gnu.so
[7.000s] -- Up-to-date: /home/cyn/ros2/ros2_ws/install/turtlesim/lib/python3.8/site-packages/turtlesim/turtlesim_s__rosidl_typesupport_introspection_c.cpython-38-x86_64-linux-gnu.so
[7.000s] -- Up-to-date: /home/cyn/ros2/ros2_ws/install/turtlesim/lib/python3.8/site-packages/turtlesim/turtlesim_s__rosidl_typesupport_c.cpython-38-x86_64-linux-gnu.so
[7.000s] -- Up-to-date: /home/cyn/ros2/ros2_ws/install/turtlesim/lib/libturtlesim__python.so
[7.001s] -- Up-to-date: /home/cyn/ros2/ros2_ws/install/turtlesim/share/turtlesim/action/RotateAbsolute.idl
[7.001s] -- Up-to-date: /home/cyn/ros2/ros2_ws/install/turtlesim/share/turtlesim/msg/Color.idl
[7.001s] -- Up-to-date: /home/cyn/ros2/ros2_ws/install/turtlesim/share/turtlesim/msg/Pose.idl
[7.001s] -- Up-to-date: /home/cyn/ros2/ros2_ws/install/turtlesim/share/turtlesim/srv/Kill.idl
[7.001s] -- Up-to-date: /home/cyn/ros2/ros2_ws/install/turtlesim/share/turtlesim/srv/SetPen.idl
[7.001s] -- Up-to-date: /home/cyn/ros2/ros2_ws/install/turtlesim/share/turtlesim/srv/Spawn.idl
[7.001s] -- Up-to-date: /home/cyn/ros2/ros2_ws/install/turtlesim/share/turtlesim/srv/TeleportAbsolute.idl
[7.001s] -- Up-to-date: /home/cyn/ros2/ros2_ws/install/turtlesim/share/turtlesim/srv/TeleportRelative.idl
[7.001s] -- Up-to-date: /home/cyn/ros2/ros2_ws/install/turtlesim/share/turtlesim/action/RotateAbsolute.action
[7.001s] -- Up-to-date: /home/cyn/ros2/ros2_ws/install/turtlesim/share/turtlesim/msg/Color.msg
[7.001s] -- Up-to-date: /home/cyn/ros2/ros2_ws/install/turtlesim/share/turtlesim/msg/Pose.msg
[7.001s] -- Up-to-date: /home/cyn/ros2/ros2_ws/install/turtlesim/share/turtlesim/srv/Kill.srv
[7.001s] -- Up-to-date: /home/cyn/ros2/ros2_ws/install/turtlesim/share/turtlesim/srv/Kill_Request.msg
[7.002s] -- Up-to-date: /home/cyn/ros2/ros2_ws/install/turtlesim/share/turtlesim/srv/Kill_Response.msg
[7.002s] -- Up-to-date: /home/cyn/ros2/ros2_ws/install/turtlesim/share/turtlesim/srv/SetPen.srv
[7.002s] -- Up-to-date: /home/cyn/ros2/ros2_ws/install/turtlesim/share/turtlesim/srv/SetPen_Request.msg
[7.002s] -- Up-to-date: /home/cyn/ros2/ros2_ws/install/turtlesim/share/turtlesim/srv/SetPen_Response.msg
[7.002s] -- Up-to-date: /home/cyn/ros2/ros2_ws/install/turtlesim/share/turtlesim/srv/Spawn.srv
[7.002s] -- Up-to-date: /home/cyn/ros2/ros2_ws/install/turtlesim/share/turtlesim/srv/Spawn_Request.msg
[7.002s] -- Up-to-date: /home/cyn/ros2/ros2_ws/install/turtlesim/share/turtlesim/srv/Spawn_Response.msg
[7.002s] -- Up-to-date: /home/cyn/ros2/ros2_ws/install/turtlesim/share/turtlesim/srv/TeleportAbsolute.srv
[7.002s] -- Up-to-date: /home/cyn/ros2/ros2_ws/install/turtlesim/share/turtlesim/srv/TeleportAbsolute_Request.msg
[7.002s] -- Up-to-date: /home/cyn/ros2/ros2_ws/install/turtlesim/share/turtlesim/srv/TeleportAbsolute_Response.msg
[7.002s] -- Up-to-date: /home/cyn/ros2/ros2_ws/install/turtlesim/share/turtlesim/srv/TeleportRelative.srv
[7.002s] -- Up-to-date: /home/cyn/ros2/ros2_ws/install/turtlesim/share/turtlesim/srv/TeleportRelative_Request.msg
[7.002s] -- Up-to-date: /home/cyn/ros2/ros2_ws/install/turtlesim/share/turtlesim/srv/TeleportRelative_Response.msg
[7.002s] -- Installing: /home/cyn/ros2/ros2_ws/install/turtlesim/lib/turtlesim/turtlesim_node
[7.006s] -- Set runtime path of "/home/cyn/ros2/ros2_ws/install/turtlesim/lib/turtlesim/turtlesim_node" to ""
[7.006s] -- Up-to-date: /home/cyn/ros2/ros2_ws/install/turtlesim/lib/turtlesim/turtle_teleop_key
[7.006s] -- Up-to-date: /home/cyn/ros2/ros2_ws/install/turtlesim/lib/turtlesim/draw_square
[7.007s] -- Up-to-date: /home/cyn/ros2/ros2_ws/install/turtlesim/lib/turtlesim/mimic
[7.007s] -- Up-to-date: /home/cyn/ros2/ros2_ws/install/turtlesim/share/turtlesim/images
[7.007s] -- Up-to-date: /home/cyn/ros2/ros2_ws/install/turtlesim/share/turtlesim/images/ardent.png
[7.007s] -- Up-to-date: /home/cyn/ros2/ros2_ws/install/turtlesim/share/turtlesim/images/eloquent.png
[7.007s] -- Up-to-date: /home/cyn/ros2/ros2_ws/install/turtlesim/share/turtlesim/images/bouncy.png
[7.007s] -- Up-to-date: /home/cyn/ros2/ros2_ws/install/turtlesim/share/turtlesim/images/dashing.png
[7.007s] -- Up-to-date: /home/cyn/ros2/ros2_ws/install/turtlesim/share/turtlesim/images/foxy.png
[7.007s] -- Up-to-date: /home/cyn/ros2/ros2_ws/install/turtlesim/share/turtlesim/images/crystal.png
[7.008s] -- Up-to-date: /home/cyn/ros2/ros2_ws/install/turtlesim/share/turtlesim/launch
[7.008s] -- Up-to-date: /home/cyn/ros2/ros2_ws/install/turtlesim/share/turtlesim/launch/multisim.launch.py
[7.008s] -- Up-to-date: /home/cyn/ros2/ros2_ws/install/turtlesim/share/ament_index/resource_index/package_run_dependencies/turtlesim
[7.008s] -- Up-to-date: /home/cyn/ros2/ros2_ws/install/turtlesim/share/ament_index/resource_index/parent_prefix_path/turtlesim
[7.008s] -- Up-to-date: /home/cyn/ros2/ros2_ws/install/turtlesim/share/turtlesim/environment/ament_prefix_path.sh
[7.008s] -- Up-to-date: /home/cyn/ros2/ros2_ws/install/turtlesim/share/turtlesim/environment/ament_prefix_path.dsv
[7.008s] -- Up-to-date: /home/cyn/ros2/ros2_ws/install/turtlesim/share/turtlesim/environment/path.sh
[7.008s] -- Up-to-date: /home/cyn/ros2/ros2_ws/install/turtlesim/share/turtlesim/environment/path.dsv
[7.008s] -- Up-to-date: /home/cyn/ros2/ros2_ws/install/turtlesim/share/turtlesim/local_setup.bash
[7.008s] -- Up-to-date: /home/cyn/ros2/ros2_ws/install/turtlesim/share/turtlesim/local_setup.sh
[7.008s] -- Up-to-date: /home/cyn/ros2/ros2_ws/install/turtlesim/share/turtlesim/local_setup.zsh
[7.008s] -- Up-to-date: /home/cyn/ros2/ros2_ws/install/turtlesim/share/turtlesim/local_setup.dsv
[7.008s] -- Installing: /home/cyn/ros2/ros2_ws/install/turtlesim/share/turtlesim/package.dsv
[7.008s] -- Up-to-date: /home/cyn/ros2/ros2_ws/install/turtlesim/share/ament_index/resource_index/packages/turtlesim
[7.008s] -- Up-to-date: /home/cyn/ros2/ros2_ws/install/turtlesim/share/turtlesim/cmake/turtlesim__rosidl_generator_cExport.cmake
[7.008s] -- Up-to-date: /home/cyn/ros2/ros2_ws/install/turtlesim/share/turtlesim/cmake/turtlesim__rosidl_generator_cExport-noconfig.cmake
[7.008s] -- Up-to-date: /home/cyn/ros2/ros2_ws/install/turtlesim/share/turtlesim/cmake/turtlesim__rosidl_typesupport_introspection_cExport.cmake
[7.008s] -- Up-to-date: /home/cyn/ros2/ros2_ws/install/turtlesim/share/turtlesim/cmake/turtlesim__rosidl_typesupport_introspection_cExport-noconfig.cmake
[7.009s] -- Up-to-date: /home/cyn/ros2/ros2_ws/install/turtlesim/share/turtlesim/cmake/turtlesim__rosidl_typesupport_cExport.cmake
[7.009s] -- Up-to-date: /home/cyn/ros2/ros2_ws/install/turtlesim/share/turtlesim/cmake/turtlesim__rosidl_typesupport_cExport-noconfig.cmake
[7.009s] -- Up-to-date: /home/cyn/ros2/ros2_ws/install/turtlesim/share/turtlesim/cmake/turtlesim__rosidl_generator_cppExport.cmake
[7.009s] -- Up-to-date: /home/cyn/ros2/ros2_ws/install/turtlesim/share/turtlesim/cmake/turtlesim__rosidl_typesupport_introspection_cppExport.cmake
[7.009s] -- Up-to-date: /home/cyn/ros2/ros2_ws/install/turtlesim/share/turtlesim/cmake/turtlesim__rosidl_typesupport_introspection_cppExport-noconfig.cmake
[7.009s] -- Up-to-date: /home/cyn/ros2/ros2_ws/install/turtlesim/share/turtlesim/cmake/turtlesim__rosidl_typesupport_cppExport.cmake
[7.009s] -- Up-to-date: /home/cyn/ros2/ros2_ws/install/turtlesim/share/turtlesim/cmake/turtlesim__rosidl_typesupport_cppExport-noconfig.cmake
[7.009s] -- Up-to-date: /home/cyn/ros2/ros2_ws/install/turtlesim/share/turtlesim/cmake/rosidl_cmake-extras.cmake
[7.009s] -- Up-to-date: /home/cyn/ros2/ros2_ws/install/turtlesim/share/turtlesim/cmake/ament_cmake_export_dependencies-extras.cmake
[7.009s] -- Up-to-date: /home/cyn/ros2/ros2_ws/install/turtlesim/share/turtlesim/cmake/ament_cmake_export_libraries-extras.cmake
[7.009s] -- Up-to-date: /home/cyn/ros2/ros2_ws/install/turtlesim/share/turtlesim/cmake/ament_cmake_export_targets-extras.cmake
[7.009s] -- Up-to-date: /home/cyn/ros2/ros2_ws/install/turtlesim/share/turtlesim/cmake/ament_cmake_export_include_directories-extras.cmake
[7.009s] -- Up-to-date: /home/cyn/ros2/ros2_ws/install/turtlesim/share/turtlesim/cmake/rosidl_cmake_export_typesupport_libraries-extras.cmake
[7.009s] -- Up-to-date: /home/cyn/ros2/ros2_ws/install/turtlesim/share/turtlesim/cmake/rosidl_cmake_export_typesupport_targets-extras.cmake
[7.009s] -- Up-to-date: /home/cyn/ros2/ros2_ws/install/turtlesim/share/turtlesim/cmake/turtlesimConfig.cmake
[7.009s] -- Up-to-date: /home/cyn/ros2/ros2_ws/install/turtlesim/share/turtlesim/cmake/turtlesimConfig-version.cmake
[7.009s] -- Up-to-date: /home/cyn/ros2/ros2_ws/install/turtlesim/share/turtlesim/package.xml
[7.012s] Invoked command in '/home/cyn/ros2/ros2_ws/build/turtlesim' returned '0': CMAKE_PREFIX_PATH=/opt/ros/foxy /usr/bin/cmake --install /home/cyn/ros2/ros2_ws/build/turtlesim
