[0.014s] Invoking command in '/home/cyn/ros2/ros2_ws/build/more_interfaces': CMAKE_PREFIX_PATH=/opt/ros/foxy /usr/bin/cmake /home/cyn/ros2/ros2_ws/src/more_interfaces -DCMAKE_INSTALL_PREFIX=/home/cyn/ros2/ros2_ws/install/more_interfaces
[0.103s] -- The C compiler identification is GNU 9.4.0
[0.234s] -- The CXX compiler identification is GNU 9.4.0
[0.241s] -- Check for working C compiler: /usr/bin/cc
[0.301s] -- Check for working C compiler: /usr/bin/cc -- works
[0.302s] -- Detecting C compiler ABI info
[0.360s] -- Detecting C compiler ABI info - done
[0.371s] -- Detecting C compile features
[0.371s] -- Detecting C compile features - done
[0.374s] -- Check for working CXX compiler: /usr/bin/c++
[0.439s] -- Check for working CXX compiler: /usr/bin/c++ -- works
[0.440s] -- Detecting CXX compiler ABI info
[0.506s] -- Detecting CXX compiler ABI info - done
[0.518s] -- Detecting CXX compile features
[0.518s] -- Detecting CXX compile features - done
[0.524s] -- Found ament_cmake: 0.9.11 (/opt/ros/foxy/share/ament_cmake/cmake)
[0.548s] -- Found PythonInterp: /usr/bin/python3 (found suitable version "3.8.10", minimum required is "3") 
[0.548s] -- Using PYTHON_EXECUTABLE: /usr/bin/python3
[0.717s] -- Found rosidl_default_generators: 1.0.1 (/opt/ros/foxy/share/rosidl_default_generators/cmake)
[0.722s] -- Using all available rosidl_typesupport_c: rosidl_typesupport_fastrtps_c;rosidl_typesupport_introspection_c
[0.729s] -- Found rosidl_adapter: 1.3.0 (/opt/ros/foxy/share/rosidl_adapter/cmake)
[0.821s] -- Found OpenSSL: /usr/lib/x86_64-linux-gnu/libcrypto.so (found version "1.1.1f")  
[0.845s] -- Found FastRTPS: /opt/ros/foxy/include  
[0.921s] -- Using all available rosidl_typesupport_cpp: rosidl_typesupport_fastrtps_cpp;rosidl_typesupport_introspection_cpp
[0.947s] -- Found rclcpp: 2.4.2 (/opt/ros/foxy/share/rclcpp/cmake)
[1.009s] -- Found rmw_implementation_cmake: 1.0.4 (/opt/ros/foxy/share/rmw_implementation_cmake/cmake)
[1.011s] -- Using RMW implementation 'rmw_fastrtps_cpp' as default
[1.013s] -- Looking for pthread.h
[1.071s] -- Looking for pthread.h - found
[1.071s] -- Performing Test CMAKE_HAVE_LIBC_PTHREAD
[1.133s] -- Performing Test CMAKE_HAVE_LIBC_PTHREAD - Failed
[1.133s] -- Looking for pthread_create in pthreads
[1.183s] -- Looking for pthread_create in pthreads - not found
[1.183s] -- Looking for pthread_create in pthread
[1.240s] -- Looking for pthread_create in pthread - found
[1.241s] -- Found Threads: TRUE  
[1.409s] -- Found PythonInterp: /usr/bin/python3 (found version "3.8.10") 
[1.508s] -- Found ament_cmake_ros: 0.9.2 (/opt/ros/foxy/share/ament_cmake_ros/cmake)
[1.599s] -- Using all available rosidl_typesupport_c: rosidl_typesupport_fastrtps_c;rosidl_typesupport_introspection_c
[1.608s] -- Using all available rosidl_typesupport_cpp: rosidl_typesupport_fastrtps_cpp;rosidl_typesupport_introspection_cpp
[1.629s] -- Found PythonInterp: /usr/bin/python3 (found suitable version "3.8.10", minimum required is "3.5") 
[1.630s] -- Found python_cmake_module: 0.8.1 (/opt/ros/foxy/share/python_cmake_module/cmake)
[1.654s] -- Found PythonLibs: /usr/lib/x86_64-linux-gnu/libpython3.8.so (found suitable version "3.8.10", minimum required is "3.5") 
[1.654s] -- Using PYTHON_EXECUTABLE: /usr/bin/python3
[1.654s] -- Using PYTHON_INCLUDE_DIRS: /usr/include/python3.8
[1.654s] -- Using PYTHON_LIBRARIES: /usr/lib/x86_64-linux-gnu/libpython3.8.so
[1.672s] -- Found PythonExtra: .so  
[1.782s] -- Found ament_lint_auto: 0.9.8 (/opt/ros/foxy/share/ament_lint_auto/cmake)
[1.806s] -- Added test 'copyright' to check source files copyright and LICENSE
[1.808s] -- Added test 'cppcheck' to perform static code analysis on C / C++ code
[1.809s] -- Configured cppcheck include dirs: 
[1.809s] -- Configured cppcheck exclude dirs and/or files: 
[1.810s] -- Added test 'cpplint' to check C / C++ code against the Google style
[1.810s] -- Configured cpplint exclude dirs and/or files: 
[1.811s] -- Added test 'lint_cmake' to check CMake code style
[1.812s] -- Added test 'uncrustify' to check C / C++ code style
[1.812s] -- Configured uncrustify additional arguments: 
[1.812s] -- Added test 'xmllint' to check XML markup files
[1.817s] -- Configuring done
[1.851s] -- Generating done
[1.853s] -- Build files have been written to: /home/cyn/ros2/ros2_ws/build/more_interfaces
[1.861s] Invoked command in '/home/cyn/ros2/ros2_ws/build/more_interfaces' returned '0': CMAKE_PREFIX_PATH=/opt/ros/foxy /usr/bin/cmake /home/cyn/ros2/ros2_ws/src/more_interfaces -DCMAKE_INSTALL_PREFIX=/home/cyn/ros2/ros2_ws/install/more_interfaces
[1.863s] Invoking command in '/home/cyn/ros2/ros2_ws/build/more_interfaces': CMAKE_PREFIX_PATH=/opt/ros/foxy /usr/bin/cmake --build /home/cyn/ros2/ros2_ws/build/more_interfaces -- -j12 -l12
[1.896s] [  3%] [34m[1mGenerating C code for ROS interfaces[0m
[1.897s] [35m[1mScanning dependencies of target more_interfaces__cpp[0m
[1.905s] [  6%] [34m[1mGenerating C++ code for ROS interfaces[0m
[2.086s] [  6%] Built target more_interfaces__cpp
[2.095s] [ 15%] [34m[1mGenerating C++ type support dispatch for ROS interfaces[0m
[2.095s] [ 15%] [34m[1mGenerating C++ type support for eProsima Fast-RTPS[0m
[2.095s] [ 15%] [34m[1mGenerating C++ introspection for ROS interfaces[0m
[2.123s] [35m[1mScanning dependencies of target more_interfaces__rosidl_generator_c[0m
[2.134s] [ 18%] [32mBuilding C object CMakeFiles/more_interfaces__rosidl_generator_c.dir/rosidl_generator_c/more_interfaces/msg/detail/address_book__functions.c.o[0m
[2.175s] [ 21%] [32m[1mLinking C shared library libmore_interfaces__rosidl_generator_c.so[0m
[2.204s] [ 21%] Built target more_interfaces__rosidl_generator_c
[2.213s] [ 27%] [34m[1mGenerating C introspection for ROS interfaces[0m
[2.213s] [ 27%] [34m[1mGenerating C type support dispatch for ROS interfaces[0m
[2.267s] [35m[1mScanning dependencies of target more_interfaces__rosidl_typesupport_introspection_cpp[0m
[2.274s] [35m[1mScanning dependencies of target more_interfaces__rosidl_typesupport_cpp[0m
[2.277s] [ 30%] [32mBuilding CXX object CMakeFiles/more_interfaces__rosidl_typesupport_introspection_cpp.dir/rosidl_typesupport_introspection_cpp/more_interfaces/msg/detail/address_book__type_support.cpp.o[0m
[2.277s] [35m[1mScanning dependencies of target more_interfaces__rosidl_typesupport_fastrtps_cpp[0m
[2.284s] [ 33%] [32mBuilding CXX object CMakeFiles/more_interfaces__rosidl_typesupport_cpp.dir/rosidl_typesupport_cpp/more_interfaces/msg/address_book__type_support.cpp.o[0m
[2.288s] [ 36%] [32mBuilding CXX object CMakeFiles/more_interfaces__rosidl_typesupport_fastrtps_cpp.dir/rosidl_typesupport_fastrtps_cpp/more_interfaces/msg/detail/dds_fastrtps/address_book__type_support.cpp.o[0m
[2.484s] [35m[1mScanning dependencies of target more_interfaces__rosidl_typesupport_c[0m
[2.495s] [ 39%] [32mBuilding CXX object CMakeFiles/more_interfaces__rosidl_typesupport_c.dir/rosidl_typesupport_c/more_interfaces/msg/address_book__type_support.cpp.o[0m
[2.507s] [35m[1mScanning dependencies of target more_interfaces__rosidl_typesupport_introspection_c[0m
[2.517s] [ 42%] [32mBuilding C object CMakeFiles/more_interfaces__rosidl_typesupport_introspection_c.dir/rosidl_typesupport_introspection_c/more_interfaces/msg/detail/address_book__type_support.c.o[0m
[2.523s] [ 48%] [32m[1mLinking CXX shared library libmore_interfaces__rosidl_typesupport_c.so[0m
[2.523s] [ 48%] [32m[1mLinking CXX shared library libmore_interfaces__rosidl_typesupport_cpp.so[0m
[2.525s] [ 51%] [32m[1mLinking CXX shared library libmore_interfaces__rosidl_typesupport_introspection_cpp.so[0m
[2.548s] [ 54%] [32m[1mLinking C shared library libmore_interfaces__rosidl_typesupport_introspection_c.so[0m
[2.559s] [ 54%] Built target more_interfaces__rosidl_typesupport_c
[2.564s] [ 54%] Built target more_interfaces__rosidl_typesupport_cpp
[2.575s] [ 54%] Built target more_interfaces__rosidl_typesupport_introspection_c
[2.582s] [ 54%] Built target more_interfaces__rosidl_typesupport_introspection_cpp
[2.623s] [ 57%] [32m[1mLinking CXX shared library libmore_interfaces__rosidl_typesupport_fastrtps_cpp.so[0m
[2.693s] [ 57%] Built target more_interfaces__rosidl_typesupport_fastrtps_cpp
[2.701s] [ 60%] [34m[1mGenerating C type support for eProsima Fast-RTPS[0m
[2.877s] [35m[1mScanning dependencies of target more_interfaces__rosidl_typesupport_fastrtps_c[0m
[2.888s] [ 63%] [32mBuilding CXX object CMakeFiles/more_interfaces__rosidl_typesupport_fastrtps_c.dir/rosidl_typesupport_fastrtps_c/more_interfaces/msg/detail/address_book__type_support_c.cpp.o[0m
[3.161s] [ 66%] [32m[1mLinking CXX shared library libmore_interfaces__rosidl_typesupport_fastrtps_c.so[0m
[3.227s] [ 66%] Built target more_interfaces__rosidl_typesupport_fastrtps_c
[3.236s] [35m[1mScanning dependencies of target more_interfaces[0m
[3.244s] [ 66%] Built target more_interfaces
[3.252s] [35m[1mScanning dependencies of target more_interfaces__py[0m
[3.252s] [35m[1mScanning dependencies of target publish_address_book[0m
[3.261s] [ 69%] [34m[1mGenerating Python code for ROS interfaces[0m
[3.287s] [ 72%] [32mBuilding CXX object CMakeFiles/publish_address_book.dir/src/publish_address_book.cpp.o[0m
[3.628s] [ 72%] Built target more_interfaces__py
[3.637s] [35m[1mScanning dependencies of target more_interfaces__python[0m
[3.653s] [ 75%] [32mBuilding C object CMakeFiles/more_interfaces__python.dir/rosidl_generator_py/more_interfaces/msg/_address_book_s.c.o[0m
[3.725s] [ 78%] [32m[1mLinking C shared library rosidl_generator_py/more_interfaces/libmore_interfaces__python.so[0m
[3.757s] [ 78%] Built target more_interfaces__python
[3.766s] [35m[1mScanning dependencies of target more_interfaces__rosidl_typesupport_introspection_c__pyext[0m
[3.766s] [35m[1mScanning dependencies of target more_interfaces__rosidl_typesupport_c__pyext[0m
[3.766s] [35m[1mScanning dependencies of target more_interfaces__rosidl_typesupport_fastrtps_c__pyext[0m
[3.781s] [ 81%] [32mBuilding C object CMakeFiles/more_interfaces__rosidl_typesupport_fastrtps_c__pyext.dir/rosidl_generator_py/more_interfaces/_more_interfaces_s.ep.rosidl_typesupport_fastrtps_c.c.o[0m
[3.783s] [ 84%] [32mBuilding C object CMakeFiles/more_interfaces__rosidl_typesupport_introspection_c__pyext.dir/rosidl_generator_py/more_interfaces/_more_interfaces_s.ep.rosidl_typesupport_introspection_c.c.o[0m
[3.783s] [ 87%] [32mBuilding C object CMakeFiles/more_interfaces__rosidl_typesupport_c__pyext.dir/rosidl_generator_py/more_interfaces/_more_interfaces_s.ep.rosidl_typesupport_c.c.o[0m
[3.846s] [ 93%] [32m[1mLinking C shared library rosidl_generator_py/more_interfaces/more_interfaces_s__rosidl_typesupport_c.cpython-38-x86_64-linux-gnu.so[0m
[3.846s] [ 93%] [32m[1mLinking C shared library rosidl_generator_py/more_interfaces/more_interfaces_s__rosidl_typesupport_introspection_c.cpython-38-x86_64-linux-gnu.so[0m
[3.853s] [ 96%] [32m[1mLinking CXX shared library rosidl_generator_py/more_interfaces/more_interfaces_s__rosidl_typesupport_fastrtps_c.cpython-38-x86_64-linux-gnu.so[0m
[3.874s] [ 96%] Built target more_interfaces__rosidl_typesupport_c__pyext
[3.875s] [ 96%] Built target more_interfaces__rosidl_typesupport_introspection_c__pyext
[3.910s] [ 96%] Built target more_interfaces__rosidl_typesupport_fastrtps_c__pyext
[5.494s] [100%] [32m[1mLinking CXX executable publish_address_book[0m
[5.689s] [100%] Built target publish_address_book
[5.699s] Invoked command in '/home/cyn/ros2/ros2_ws/build/more_interfaces' returned '0': CMAKE_PREFIX_PATH=/opt/ros/foxy /usr/bin/cmake --build /home/cyn/ros2/ros2_ws/build/more_interfaces -- -j12 -l12
[5.751s] Invoking command in '/home/cyn/ros2/ros2_ws/build/more_interfaces': CMAKE_PREFIX_PATH=/opt/ros/foxy /usr/bin/cmake --install /home/cyn/ros2/ros2_ws/build/more_interfaces
[5.757s] -- Install configuration: ""
[5.758s] -- Installing: /home/cyn/ros2/ros2_ws/install/more_interfaces/share/ament_index/resource_index/rosidl_interfaces/more_interfaces
[5.758s] -- Installing: /home/cyn/ros2/ros2_ws/install/more_interfaces/include/more_interfaces
[5.758s] -- Installing: /home/cyn/ros2/ros2_ws/install/more_interfaces/include/more_interfaces/msg
[5.758s] -- Installing: /home/cyn/ros2/ros2_ws/install/more_interfaces/include/more_interfaces/msg/detail
[5.758s] -- Installing: /home/cyn/ros2/ros2_ws/install/more_interfaces/include/more_interfaces/msg/detail/address_book__struct.h
[5.758s] -- Installing: /home/cyn/ros2/ros2_ws/install/more_interfaces/include/more_interfaces/msg/detail/address_book__functions.c
[5.758s] -- Installing: /home/cyn/ros2/ros2_ws/install/more_interfaces/include/more_interfaces/msg/detail/address_book__functions.h
[5.758s] -- Installing: /home/cyn/ros2/ros2_ws/install/more_interfaces/include/more_interfaces/msg/detail/address_book__type_support.h
[5.759s] -- Installing: /home/cyn/ros2/ros2_ws/install/more_interfaces/include/more_interfaces/msg/rosidl_generator_c__visibility_control.h
[5.759s] -- Installing: /home/cyn/ros2/ros2_ws/install/more_interfaces/include/more_interfaces/msg/address_book.h
[5.759s] -- Installing: /home/cyn/ros2/ros2_ws/install/more_interfaces/share/more_interfaces/environment/library_path.sh
[5.759s] -- Installing: /home/cyn/ros2/ros2_ws/install/more_interfaces/share/more_interfaces/environment/library_path.dsv
[5.759s] -- Installing: /home/cyn/ros2/ros2_ws/install/more_interfaces/lib/libmore_interfaces__rosidl_generator_c.so
[5.759s] -- Set runtime path of "/home/cyn/ros2/ros2_ws/install/more_interfaces/lib/libmore_interfaces__rosidl_generator_c.so" to ""
[5.759s] -- Up-to-date: /home/cyn/ros2/ros2_ws/install/more_interfaces/include/more_interfaces
[5.759s] -- Up-to-date: /home/cyn/ros2/ros2_ws/install/more_interfaces/include/more_interfaces/msg
[5.759s] -- Installing: /home/cyn/ros2/ros2_ws/install/more_interfaces/include/more_interfaces/msg/rosidl_typesupport_fastrtps_c__visibility_control.h
[5.759s] -- Up-to-date: /home/cyn/ros2/ros2_ws/install/more_interfaces/include/more_interfaces/msg/detail
[5.759s] -- Installing: /home/cyn/ros2/ros2_ws/install/more_interfaces/include/more_interfaces/msg/detail/address_book__rosidl_typesupport_fastrtps_c.h
[5.759s] -- Installing: /home/cyn/ros2/ros2_ws/install/more_interfaces/lib/libmore_interfaces__rosidl_typesupport_fastrtps_c.so
[5.760s] -- Set runtime path of "/home/cyn/ros2/ros2_ws/install/more_interfaces/lib/libmore_interfaces__rosidl_typesupport_fastrtps_c.so" to ""
[5.760s] -- Up-to-date: /home/cyn/ros2/ros2_ws/install/more_interfaces/include/more_interfaces
[5.760s] -- Up-to-date: /home/cyn/ros2/ros2_ws/install/more_interfaces/include/more_interfaces/msg
[5.760s] -- Up-to-date: /home/cyn/ros2/ros2_ws/install/more_interfaces/include/more_interfaces/msg/detail
[5.760s] -- Installing: /home/cyn/ros2/ros2_ws/install/more_interfaces/include/more_interfaces/msg/detail/dds_fastrtps
[5.760s] -- Installing: /home/cyn/ros2/ros2_ws/install/more_interfaces/include/more_interfaces/msg/detail/address_book__rosidl_typesupport_fastrtps_cpp.hpp
[5.760s] -- Installing: /home/cyn/ros2/ros2_ws/install/more_interfaces/include/more_interfaces/msg/rosidl_typesupport_fastrtps_cpp__visibility_control.h
[5.760s] -- Installing: /home/cyn/ros2/ros2_ws/install/more_interfaces/lib/libmore_interfaces__rosidl_typesupport_fastrtps_cpp.so
[5.761s] -- Set runtime path of "/home/cyn/ros2/ros2_ws/install/more_interfaces/lib/libmore_interfaces__rosidl_typesupport_fastrtps_cpp.so" to ""
[5.761s] -- Up-to-date: /home/cyn/ros2/ros2_ws/install/more_interfaces/include/more_interfaces
[5.761s] -- Up-to-date: /home/cyn/ros2/ros2_ws/install/more_interfaces/include/more_interfaces/msg
[5.761s] -- Up-to-date: /home/cyn/ros2/ros2_ws/install/more_interfaces/include/more_interfaces/msg/detail
[5.761s] -- Installing: /home/cyn/ros2/ros2_ws/install/more_interfaces/include/more_interfaces/msg/detail/address_book__type_support.c
[5.761s] -- Installing: /home/cyn/ros2/ros2_ws/install/more_interfaces/include/more_interfaces/msg/detail/address_book__rosidl_typesupport_introspection_c.h
[5.761s] -- Installing: /home/cyn/ros2/ros2_ws/install/more_interfaces/include/more_interfaces/msg/rosidl_typesupport_introspection_c__visibility_control.h
[5.761s] -- Installing: /home/cyn/ros2/ros2_ws/install/more_interfaces/lib/libmore_interfaces__rosidl_typesupport_introspection_c.so
[5.761s] -- Set runtime path of "/home/cyn/ros2/ros2_ws/install/more_interfaces/lib/libmore_interfaces__rosidl_typesupport_introspection_c.so" to ""
[5.761s] -- Installing: /home/cyn/ros2/ros2_ws/install/more_interfaces/lib/libmore_interfaces__rosidl_typesupport_c.so
[5.762s] -- Set runtime path of "/home/cyn/ros2/ros2_ws/install/more_interfaces/lib/libmore_interfaces__rosidl_typesupport_c.so" to ""
[5.762s] -- Up-to-date: /home/cyn/ros2/ros2_ws/install/more_interfaces/include/more_interfaces
[5.762s] -- Up-to-date: /home/cyn/ros2/ros2_ws/install/more_interfaces/include/more_interfaces/msg
[5.762s] -- Up-to-date: /home/cyn/ros2/ros2_ws/install/more_interfaces/include/more_interfaces/msg/detail
[5.762s] -- Installing: /home/cyn/ros2/ros2_ws/install/more_interfaces/include/more_interfaces/msg/detail/address_book__builder.hpp
[5.762s] -- Installing: /home/cyn/ros2/ros2_ws/install/more_interfaces/include/more_interfaces/msg/detail/address_book__struct.hpp
[5.763s] -- Installing: /home/cyn/ros2/ros2_ws/install/more_interfaces/include/more_interfaces/msg/detail/address_book__traits.hpp
[5.763s] -- Installing: /home/cyn/ros2/ros2_ws/install/more_interfaces/include/more_interfaces/msg/address_book.hpp
[5.763s] -- Up-to-date: /home/cyn/ros2/ros2_ws/install/more_interfaces/include/more_interfaces
[5.763s] -- Up-to-date: /home/cyn/ros2/ros2_ws/install/more_interfaces/include/more_interfaces/msg
[5.763s] -- Up-to-date: /home/cyn/ros2/ros2_ws/install/more_interfaces/include/more_interfaces/msg/detail
[5.763s] -- Installing: /home/cyn/ros2/ros2_ws/install/more_interfaces/include/more_interfaces/msg/detail/address_book__rosidl_typesupport_introspection_cpp.hpp
[5.763s] -- Installing: /home/cyn/ros2/ros2_ws/install/more_interfaces/include/more_interfaces/msg/detail/address_book__type_support.cpp
[5.763s] -- Installing: /home/cyn/ros2/ros2_ws/install/more_interfaces/lib/libmore_interfaces__rosidl_typesupport_introspection_cpp.so
[5.763s] -- Set runtime path of "/home/cyn/ros2/ros2_ws/install/more_interfaces/lib/libmore_interfaces__rosidl_typesupport_introspection_cpp.so" to ""
[5.763s] -- Installing: /home/cyn/ros2/ros2_ws/install/more_interfaces/lib/libmore_interfaces__rosidl_typesupport_cpp.so
[5.764s] -- Set runtime path of "/home/cyn/ros2/ros2_ws/install/more_interfaces/lib/libmore_interfaces__rosidl_typesupport_cpp.so" to ""
[5.764s] -- Installing: /home/cyn/ros2/ros2_ws/install/more_interfaces/share/more_interfaces/environment/pythonpath.sh
[5.764s] -- Installing: /home/cyn/ros2/ros2_ws/install/more_interfaces/share/more_interfaces/environment/pythonpath.dsv
[5.764s] -- Installing: /home/cyn/ros2/ros2_ws/install/more_interfaces/lib/python3.8/site-packages/more_interfaces/__init__.py
[5.790s] Compiling '/home/cyn/ros2/ros2_ws/install/more_interfaces/lib/python3.8/site-packages/more_interfaces/__init__.py'...
[5.792s] -- Installing: /home/cyn/ros2/ros2_ws/install/more_interfaces/lib/python3.8/site-packages/more_interfaces/msg
[5.792s] -- Installing: /home/cyn/ros2/ros2_ws/install/more_interfaces/lib/python3.8/site-packages/more_interfaces/msg/__init__.py
[5.793s] -- Installing: /home/cyn/ros2/ros2_ws/install/more_interfaces/lib/python3.8/site-packages/more_interfaces/msg/_address_book.py
[5.793s] -- Installing: /home/cyn/ros2/ros2_ws/install/more_interfaces/lib/python3.8/site-packages/more_interfaces/msg/_address_book_s.c
[5.793s] -- Installing: /home/cyn/ros2/ros2_ws/install/more_interfaces/lib/python3.8/site-packages/more_interfaces/more_interfaces_s__rosidl_typesupport_fastrtps_c.cpython-38-x86_64-linux-gnu.so
[5.793s] -- Set runtime path of "/home/cyn/ros2/ros2_ws/install/more_interfaces/lib/python3.8/site-packages/more_interfaces/more_interfaces_s__rosidl_typesupport_fastrtps_c.cpython-38-x86_64-linux-gnu.so" to ""
[5.793s] -- Installing: /home/cyn/ros2/ros2_ws/install/more_interfaces/lib/python3.8/site-packages/more_interfaces/more_interfaces_s__rosidl_typesupport_introspection_c.cpython-38-x86_64-linux-gnu.so
[5.794s] -- Set runtime path of "/home/cyn/ros2/ros2_ws/install/more_interfaces/lib/python3.8/site-packages/more_interfaces/more_interfaces_s__rosidl_typesupport_introspection_c.cpython-38-x86_64-linux-gnu.so" to ""
[5.794s] -- Installing: /home/cyn/ros2/ros2_ws/install/more_interfaces/lib/python3.8/site-packages/more_interfaces/more_interfaces_s__rosidl_typesupport_c.cpython-38-x86_64-linux-gnu.so
[5.794s] -- Set runtime path of "/home/cyn/ros2/ros2_ws/install/more_interfaces/lib/python3.8/site-packages/more_interfaces/more_interfaces_s__rosidl_typesupport_c.cpython-38-x86_64-linux-gnu.so" to ""
[5.794s] -- Installing: /home/cyn/ros2/ros2_ws/install/more_interfaces/lib/libmore_interfaces__python.so
[5.795s] -- Set runtime path of "/home/cyn/ros2/ros2_ws/install/more_interfaces/lib/libmore_interfaces__python.so" to ""
[5.795s] -- Installing: /home/cyn/ros2/ros2_ws/install/more_interfaces/share/more_interfaces/msg/AddressBook.idl
[5.795s] -- Installing: /home/cyn/ros2/ros2_ws/install/more_interfaces/share/more_interfaces/msg/AddressBook.msg
[5.795s] -- Installing: /home/cyn/ros2/ros2_ws/install/more_interfaces/lib/more_interfaces/publish_address_book
[5.796s] -- Set runtime path of "/home/cyn/ros2/ros2_ws/install/more_interfaces/lib/more_interfaces/publish_address_book" to ""
[5.796s] -- Installing: /home/cyn/ros2/ros2_ws/install/more_interfaces/share/ament_index/resource_index/package_run_dependencies/more_interfaces
[5.796s] -- Installing: /home/cyn/ros2/ros2_ws/install/more_interfaces/share/ament_index/resource_index/parent_prefix_path/more_interfaces
[5.796s] -- Installing: /home/cyn/ros2/ros2_ws/install/more_interfaces/share/more_interfaces/environment/ament_prefix_path.sh
[5.797s] -- Installing: /home/cyn/ros2/ros2_ws/install/more_interfaces/share/more_interfaces/environment/ament_prefix_path.dsv
[5.797s] -- Installing: /home/cyn/ros2/ros2_ws/install/more_interfaces/share/more_interfaces/environment/path.sh
[5.797s] -- Installing: /home/cyn/ros2/ros2_ws/install/more_interfaces/share/more_interfaces/environment/path.dsv
[5.797s] -- Installing: /home/cyn/ros2/ros2_ws/install/more_interfaces/share/more_interfaces/local_setup.bash
[5.797s] -- Installing: /home/cyn/ros2/ros2_ws/install/more_interfaces/share/more_interfaces/local_setup.sh
[5.797s] -- Installing: /home/cyn/ros2/ros2_ws/install/more_interfaces/share/more_interfaces/local_setup.zsh
[5.797s] -- Installing: /home/cyn/ros2/ros2_ws/install/more_interfaces/share/more_interfaces/local_setup.dsv
[5.797s] -- Installing: /home/cyn/ros2/ros2_ws/install/more_interfaces/share/more_interfaces/package.dsv
[5.797s] -- Installing: /home/cyn/ros2/ros2_ws/install/more_interfaces/share/ament_index/resource_index/packages/more_interfaces
[5.798s] -- Installing: /home/cyn/ros2/ros2_ws/install/more_interfaces/share/more_interfaces/cmake/more_interfaces__rosidl_generator_cExport.cmake
[5.798s] -- Installing: /home/cyn/ros2/ros2_ws/install/more_interfaces/share/more_interfaces/cmake/more_interfaces__rosidl_generator_cExport-noconfig.cmake
[5.798s] -- Installing: /home/cyn/ros2/ros2_ws/install/more_interfaces/share/more_interfaces/cmake/more_interfaces__rosidl_typesupport_introspection_cExport.cmake
[5.798s] -- Installing: /home/cyn/ros2/ros2_ws/install/more_interfaces/share/more_interfaces/cmake/more_interfaces__rosidl_typesupport_introspection_cExport-noconfig.cmake
[5.798s] -- Installing: /home/cyn/ros2/ros2_ws/install/more_interfaces/share/more_interfaces/cmake/more_interfaces__rosidl_typesupport_cExport.cmake
[5.798s] -- Installing: /home/cyn/ros2/ros2_ws/install/more_interfaces/share/more_interfaces/cmake/more_interfaces__rosidl_typesupport_cExport-noconfig.cmake
[5.798s] -- Installing: /home/cyn/ros2/ros2_ws/install/more_interfaces/share/more_interfaces/cmake/more_interfaces__rosidl_generator_cppExport.cmake
[5.799s] -- Installing: /home/cyn/ros2/ros2_ws/install/more_interfaces/share/more_interfaces/cmake/more_interfaces__rosidl_typesupport_introspection_cppExport.cmake
[5.799s] -- Installing: /home/cyn/ros2/ros2_ws/install/more_interfaces/share/more_interfaces/cmake/more_interfaces__rosidl_typesupport_introspection_cppExport-noconfig.cmake
[5.799s] -- Installing: /home/cyn/ros2/ros2_ws/install/more_interfaces/share/more_interfaces/cmake/more_interfaces__rosidl_typesupport_cppExport.cmake
[5.799s] -- Installing: /home/cyn/ros2/ros2_ws/install/more_interfaces/share/more_interfaces/cmake/more_interfaces__rosidl_typesupport_cppExport-noconfig.cmake
[5.799s] -- Installing: /home/cyn/ros2/ros2_ws/install/more_interfaces/share/more_interfaces/cmake/rosidl_cmake-extras.cmake
[5.799s] -- Installing: /home/cyn/ros2/ros2_ws/install/more_interfaces/share/more_interfaces/cmake/ament_cmake_export_dependencies-extras.cmake
[5.799s] -- Installing: /home/cyn/ros2/ros2_ws/install/more_interfaces/share/more_interfaces/cmake/ament_cmake_export_libraries-extras.cmake
[5.799s] -- Installing: /home/cyn/ros2/ros2_ws/install/more_interfaces/share/more_interfaces/cmake/ament_cmake_export_targets-extras.cmake
[5.799s] -- Installing: /home/cyn/ros2/ros2_ws/install/more_interfaces/share/more_interfaces/cmake/ament_cmake_export_include_directories-extras.cmake
[5.800s] -- Installing: /home/cyn/ros2/ros2_ws/install/more_interfaces/share/more_interfaces/cmake/rosidl_cmake_export_typesupport_libraries-extras.cmake
[5.800s] -- Installing: /home/cyn/ros2/ros2_ws/install/more_interfaces/share/more_interfaces/cmake/rosidl_cmake_export_typesupport_targets-extras.cmake
[5.800s] -- Installing: /home/cyn/ros2/ros2_ws/install/more_interfaces/share/more_interfaces/cmake/more_interfacesConfig.cmake
[5.800s] -- Installing: /home/cyn/ros2/ros2_ws/install/more_interfaces/share/more_interfaces/cmake/more_interfacesConfig-version.cmake
[5.800s] -- Installing: /home/cyn/ros2/ros2_ws/install/more_interfaces/share/more_interfaces/package.xml
[5.803s] Invoked command in '/home/cyn/ros2/ros2_ws/build/more_interfaces' returned '0': CMAKE_PREFIX_PATH=/opt/ros/foxy /usr/bin/cmake --install /home/cyn/ros2/ros2_ws/build/more_interfaces
