[0.016s] Invoking command in '/home/cyn/ros2/ros2_ws/src/build/polygon_plugins': CMAKE_PREFIX_PATH=/opt/ros/foxy /usr/bin/cmake /home/cyn/ros2/ros2_ws/src/polygon_plugins -DCMAKE_INSTALL_PREFIX=/home/cyn/ros2/ros2_ws/src/install/polygon_plugins
[0.095s] -- The C compiler identification is GNU 9.4.0
[0.160s] -- The CXX compiler identification is GNU 9.4.0
[0.166s] -- Check for working C compiler: /usr/bin/cc
[0.224s] -- Check for working C compiler: /usr/bin/cc -- works
[0.225s] -- Detecting C compiler ABI info
[0.286s] -- Detecting C compiler ABI info - done
[0.301s] -- Detecting C compile features
[0.301s] -- Detecting C compile features - done
[0.303s] -- Check for working CXX compiler: /usr/bin/c++
[0.366s] -- Check for working CXX compiler: /usr/bin/c++ -- works
[0.368s] -- Detecting CXX compiler ABI info
[0.432s] -- Detecting CXX compiler ABI info - done
[0.452s] -- Detecting CXX compile features
[0.453s] -- Detecting CXX compile features - done
[0.455s] -- Found ament_cmake: 0.9.11 (/opt/ros/foxy/share/ament_cmake/cmake)
[0.481s] -- Found PythonInterp: /usr/bin/python3 (found suitable version "3.8.10", minimum required is "3") 
[0.482s] -- Using PYTHON_EXECUTABLE: /usr/bin/python3
[0.669s] -- Found ament_cmake_ros: 0.9.2 (/opt/ros/foxy/share/ament_cmake_ros/cmake)
[0.691s] CMake Error at CMakeLists.txt:21 (find_package):
[0.691s]   By not providing "Findpolyhon_base.cmake" in CMAKE_MODULE_PATH this project
[0.691s]   has asked CMake to find a package configuration file provided by
[0.691s]   "polyhon_base", but CMake did not find one.
[0.691s] 
[0.691s]   Could not find a package configuration file provided by "polyhon_base" with
[0.691s]   any of the following names:
[0.691s] 
[0.691s]     polyhon_baseConfig.cmake
[0.691s]     polyhon_base-config.cmake
[0.691s] 
[0.691s]   Add the installation prefix of "polyhon_base" to CMAKE_PREFIX_PATH or set
[0.692s]   "polyhon_base_DIR" to a directory containing one of the above files.  If
[0.692s]   "polyhon_base" provides a separate development package or SDK, be sure it
[0.692s]   has been installed.
[0.692s] 
[0.692s] 
[0.692s] -- Configuring incomplete, errors occurred!
[0.692s] See also "/home/cyn/ros2/ros2_ws/src/build/polygon_plugins/CMakeFiles/CMakeOutput.log".
[0.696s] Invoked command in '/home/cyn/ros2/ros2_ws/src/build/polygon_plugins' returned '1': CMAKE_PREFIX_PATH=/opt/ros/foxy /usr/bin/cmake /home/cyn/ros2/ros2_ws/src/polygon_plugins -DCMAKE_INSTALL_PREFIX=/home/cyn/ros2/ros2_ws/src/install/polygon_plugins
