[0.020s] Invoking command in '/home/cyn/ros2/ros2_ws/build/cpp_pubsub': CMAKE_PREFIX_PATH=/opt/ros/foxy /usr/bin/cmake /home/cyn/ros2/ros2_ws/src/cpp_pubsub -DCMAKE_INSTALL_PREFIX=/home/cyn/ros2/ros2_ws/install/cpp_pubsub
[0.063s] -- The C compiler identification is GNU 9.4.0
[0.111s] -- The CXX compiler identification is GNU 9.4.0
[0.117s] -- Check for working C compiler: /usr/bin/cc
[0.179s] -- Check for working C compiler: /usr/bin/cc -- works
[0.180s] -- Detecting C compiler ABI info
[0.254s] -- Detecting C compiler ABI info - done
[0.267s] -- Detecting C compile features
[0.267s] -- Detecting C compile features - done
[0.270s] -- Check for working CXX compiler: /usr/bin/c++
[0.361s] -- Check for working CXX compiler: /usr/bin/c++ -- works
[0.362s] -- Detecting CXX compiler ABI info
[0.425s] -- Detecting CXX compiler ABI info - done
[0.435s] -- Detecting CXX compile features
[0.435s] -- Detecting CXX compile features - done
[0.437s] -- Found ament_cmake: 0.9.11 (/opt/ros/foxy/share/ament_cmake/cmake)
[0.456s] -- Found PythonInterp: /usr/bin/python3 (found suitable version "3.8.10", minimum required is "3") 
[0.456s] -- Using PYTHON_EXECUTABLE: /usr/bin/python3
[0.607s] -- Found rclcpp: 2.4.2 (/opt/ros/foxy/share/rclcpp/cmake)
[0.641s] -- Using all available rosidl_typesupport_c: rosidl_typesupport_fastrtps_c;rosidl_typesupport_introspection_c
[0.645s] -- Found rosidl_adapter: 1.3.0 (/opt/ros/foxy/share/rosidl_adapter/cmake)
[0.705s] -- Found OpenSSL: /usr/lib/x86_64-linux-gnu/libcrypto.so (found version "1.1.1f")  
[0.729s] -- Found FastRTPS: /opt/ros/foxy/include  
[0.791s] -- Using all available rosidl_typesupport_cpp: rosidl_typesupport_fastrtps_cpp;rosidl_typesupport_introspection_cpp
[0.835s] -- Found rmw_implementation_cmake: 1.0.4 (/opt/ros/foxy/share/rmw_implementation_cmake/cmake)
[0.836s] -- Using RMW implementation 'rmw_fastrtps_cpp' as default
[0.837s] -- Looking for pthread.h
[0.896s] -- Looking for pthread.h - found
[0.896s] -- Performing Test CMAKE_HAVE_LIBC_PTHREAD
[0.969s] -- Performing Test CMAKE_HAVE_LIBC_PTHREAD - Failed
[0.970s] -- Looking for pthread_create in pthreads
[1.019s] -- Looking for pthread_create in pthreads - not found
[1.019s] -- Looking for pthread_create in pthread
[1.087s] -- Looking for pthread_create in pthread - found
[1.088s] -- Found Threads: TRUE  
[1.216s] -- Found ament_lint_auto: 0.9.8 (/opt/ros/foxy/share/ament_lint_auto/cmake)
[1.274s] -- Added test 'copyright' to check source files copyright and LICENSE
[1.275s] -- Added test 'cppcheck' to perform static code analysis on C / C++ code
[1.275s] -- Configured cppcheck include dirs: 
[1.275s] -- Configured cppcheck exclude dirs and/or files: 
[1.276s] -- Added test 'cpplint' to check C / C++ code against the Google style
[1.276s] -- Configured cpplint exclude dirs and/or files: 
[1.277s] -- Added test 'lint_cmake' to check CMake code style
[1.278s] -- Added test 'uncrustify' to check C / C++ code style
[1.278s] -- Configured uncrustify additional arguments: 
[1.278s] -- Added test 'xmllint' to check XML markup files
[1.281s] -- Configuring done
[1.288s] -- Generating done
[1.289s] -- Build files have been written to: /home/cyn/ros2/ros2_ws/build/cpp_pubsub
[1.294s] Invoked command in '/home/cyn/ros2/ros2_ws/build/cpp_pubsub' returned '0': CMAKE_PREFIX_PATH=/opt/ros/foxy /usr/bin/cmake /home/cyn/ros2/ros2_ws/src/cpp_pubsub -DCMAKE_INSTALL_PREFIX=/home/cyn/ros2/ros2_ws/install/cpp_pubsub
[1.297s] Invoking command in '/home/cyn/ros2/ros2_ws/build/cpp_pubsub': CMAKE_PREFIX_PATH=/opt/ros/foxy /usr/bin/cmake --build /home/cyn/ros2/ros2_ws/build/cpp_pubsub -- -j12 -l12
[1.329s] [35m[1mScanning dependencies of target talker[0m
[1.331s] [35m[1mScanning dependencies of target listener[0m
[1.358s] [ 25%] [32mBuilding CXX object CMakeFiles/talker.dir/src/publisher_member_function.cpp.o[0m
[1.360s] [ 50%] [32mBuilding CXX object CMakeFiles/listener.dir/src/subscriber_member_function.cpp.o[0m
[3.618s] [ 75%] [32m[1mLinking CXX executable talker[0m
[3.747s] [ 75%] Built target talker
[4.907s] [100%] [32m[1mLinking CXX executable listener[0m
[5.085s] [100%] Built target listener
[5.093s] Invoked command in '/home/cyn/ros2/ros2_ws/build/cpp_pubsub' returned '0': CMAKE_PREFIX_PATH=/opt/ros/foxy /usr/bin/cmake --build /home/cyn/ros2/ros2_ws/build/cpp_pubsub -- -j12 -l12
[5.124s] Invoking command in '/home/cyn/ros2/ros2_ws/build/cpp_pubsub': CMAKE_PREFIX_PATH=/opt/ros/foxy /usr/bin/cmake --install /home/cyn/ros2/ros2_ws/build/cpp_pubsub
[5.131s] -- Install configuration: ""
[5.131s] -- Installing: /home/cyn/ros2/ros2_ws/install/cpp_pubsub/lib/cpp_pubsub/talker
[5.132s] -- Set runtime path of "/home/cyn/ros2/ros2_ws/install/cpp_pubsub/lib/cpp_pubsub/talker" to ""
[5.132s] -- Installing: /home/cyn/ros2/ros2_ws/install/cpp_pubsub/lib/cpp_pubsub/listener
[5.134s] -- Set runtime path of "/home/cyn/ros2/ros2_ws/install/cpp_pubsub/lib/cpp_pubsub/listener" to ""
[5.134s] -- Installing: /home/cyn/ros2/ros2_ws/install/cpp_pubsub/share/ament_index/resource_index/package_run_dependencies/cpp_pubsub
[5.134s] -- Installing: /home/cyn/ros2/ros2_ws/install/cpp_pubsub/share/ament_index/resource_index/parent_prefix_path/cpp_pubsub
[5.134s] -- Installing: /home/cyn/ros2/ros2_ws/install/cpp_pubsub/share/cpp_pubsub/environment/ament_prefix_path.sh
[5.134s] -- Installing: /home/cyn/ros2/ros2_ws/install/cpp_pubsub/share/cpp_pubsub/environment/ament_prefix_path.dsv
[5.134s] -- Installing: /home/cyn/ros2/ros2_ws/install/cpp_pubsub/share/cpp_pubsub/environment/path.sh
[5.134s] -- Installing: /home/cyn/ros2/ros2_ws/install/cpp_pubsub/share/cpp_pubsub/environment/path.dsv
[5.134s] -- Installing: /home/cyn/ros2/ros2_ws/install/cpp_pubsub/share/cpp_pubsub/local_setup.bash
[5.135s] -- Installing: /home/cyn/ros2/ros2_ws/install/cpp_pubsub/share/cpp_pubsub/local_setup.sh
[5.135s] -- Installing: /home/cyn/ros2/ros2_ws/install/cpp_pubsub/share/cpp_pubsub/local_setup.zsh
[5.135s] -- Installing: /home/cyn/ros2/ros2_ws/install/cpp_pubsub/share/cpp_pubsub/local_setup.dsv
[5.135s] -- Installing: /home/cyn/ros2/ros2_ws/install/cpp_pubsub/share/cpp_pubsub/package.dsv
[5.135s] -- Installing: /home/cyn/ros2/ros2_ws/install/cpp_pubsub/share/ament_index/resource_index/packages/cpp_pubsub
[5.135s] -- Installing: /home/cyn/ros2/ros2_ws/install/cpp_pubsub/share/cpp_pubsub/cmake/cpp_pubsubConfig.cmake
[5.135s] -- Installing: /home/cyn/ros2/ros2_ws/install/cpp_pubsub/share/cpp_pubsub/cmake/cpp_pubsubConfig-version.cmake
[5.135s] -- Installing: /home/cyn/ros2/ros2_ws/install/cpp_pubsub/share/cpp_pubsub/package.xml
[5.138s] Invoked command in '/home/cyn/ros2/ros2_ws/build/cpp_pubsub' returned '0': CMAKE_PREFIX_PATH=/opt/ros/foxy /usr/bin/cmake --install /home/cyn/ros2/ros2_ws/build/cpp_pubsub
