[0.018s] Invoking command in '/home/cyn/ros2/ros2_ws/build/my_package': CMAKE_PREFIX_PATH=/opt/ros/foxy /usr/bin/cmake /home/cyn/ros2/ros2_ws/src/my_package -DCMAKE_INSTALL_PREFIX=/home/cyn/ros2/ros2_ws/install/my_package
[0.063s] -- The C compiler identification is GNU 9.4.0
[0.105s] -- The CXX compiler identification is GNU 9.4.0
[0.108s] -- Check for working C compiler: /usr/bin/cc
[0.163s] -- Check for working C compiler: /usr/bin/cc -- works
[0.164s] -- Detecting C compiler ABI info
[0.233s] -- Detecting C compiler ABI info - done
[0.248s] -- Detecting C compile features
[0.249s] -- Detecting C compile features - done
[0.252s] -- Check for working CXX compiler: /usr/bin/c++
[0.354s] -- Check for working CXX compiler: /usr/bin/c++ -- works
[0.355s] -- Detecting CXX compiler ABI info
[0.443s] -- Detecting CXX compiler ABI info - done
[0.455s] -- Detecting CXX compile features
[0.456s] -- Detecting CXX compile features - done
[0.458s] -- Found ament_cmake: 0.9.11 (/opt/ros/foxy/share/ament_cmake/cmake)
[0.478s] -- Found PythonInterp: /usr/bin/python3 (found suitable version "3.8.10", minimum required is "3") 
[0.478s] -- Using PYTHON_EXECUTABLE: /usr/bin/python3
[0.629s] -- Found ament_lint_auto: 0.9.8 (/opt/ros/foxy/share/ament_lint_auto/cmake)
[0.689s] -- Added test 'copyright' to check source files copyright and LICENSE
[0.690s] -- Added test 'cppcheck' to perform static code analysis on C / C++ code
[0.690s] -- Configured cppcheck include dirs: $<BUILD_INTERFACE:/home/cyn/ros2/ros2_ws/src/my_package/include>
[0.690s] -- Configured cppcheck exclude dirs and/or files: 
[0.691s] -- Added test 'cpplint' to check C / C++ code against the Google style
[0.691s] -- Configured cpplint exclude dirs and/or files: 
[0.692s] -- Added test 'lint_cmake' to check CMake code style
[0.692s] -- Added test 'uncrustify' to check C / C++ code style
[0.693s] -- Configured uncrustify additional arguments: 
[0.693s] -- Added test 'xmllint' to check XML markup files
[0.695s] -- Configuring done
[0.697s] -- Generating done
[0.698s] -- Build files have been written to: /home/cyn/ros2/ros2_ws/build/my_package
[0.701s] Invoked command in '/home/cyn/ros2/ros2_ws/build/my_package' returned '0': CMAKE_PREFIX_PATH=/opt/ros/foxy /usr/bin/cmake /home/cyn/ros2/ros2_ws/src/my_package -DCMAKE_INSTALL_PREFIX=/home/cyn/ros2/ros2_ws/install/my_package
[0.703s] Invoking command in '/home/cyn/ros2/ros2_ws/build/my_package': CMAKE_PREFIX_PATH=/opt/ros/foxy /usr/bin/cmake --build /home/cyn/ros2/ros2_ws/build/my_package -- -j12 -l12
[0.734s] [35m[1mScanning dependencies of target my_node[0m
[0.744s] [ 50%] [32mBuilding CXX object CMakeFiles/my_node.dir/src/my_node.cpp.o[0m
[0.776s] [100%] [32m[1mLinking CXX executable my_node[0m
[0.820s] [100%] Built target my_node
[0.829s] Invoked command in '/home/cyn/ros2/ros2_ws/build/my_package' returned '0': CMAKE_PREFIX_PATH=/opt/ros/foxy /usr/bin/cmake --build /home/cyn/ros2/ros2_ws/build/my_package -- -j12 -l12
[0.861s] Invoking command in '/home/cyn/ros2/ros2_ws/build/my_package': CMAKE_PREFIX_PATH=/opt/ros/foxy /usr/bin/cmake --install /home/cyn/ros2/ros2_ws/build/my_package
[0.869s] -- Install configuration: ""
[0.869s] -- Installing: /home/cyn/ros2/ros2_ws/install/my_package/lib/my_package/my_node
[0.870s] -- Installing: /home/cyn/ros2/ros2_ws/install/my_package/share/ament_index/resource_index/package_run_dependencies/my_package
[0.870s] -- Installing: /home/cyn/ros2/ros2_ws/install/my_package/share/ament_index/resource_index/parent_prefix_path/my_package
[0.870s] -- Installing: /home/cyn/ros2/ros2_ws/install/my_package/share/my_package/environment/ament_prefix_path.sh
[0.870s] -- Installing: /home/cyn/ros2/ros2_ws/install/my_package/share/my_package/environment/ament_prefix_path.dsv
[0.871s] -- Installing: /home/cyn/ros2/ros2_ws/install/my_package/share/my_package/environment/path.sh
[0.871s] -- Installing: /home/cyn/ros2/ros2_ws/install/my_package/share/my_package/environment/path.dsv
[0.871s] -- Installing: /home/cyn/ros2/ros2_ws/install/my_package/share/my_package/local_setup.bash
[0.871s] -- Installing: /home/cyn/ros2/ros2_ws/install/my_package/share/my_package/local_setup.sh
[0.871s] -- Installing: /home/cyn/ros2/ros2_ws/install/my_package/share/my_package/local_setup.zsh
[0.871s] -- Installing: /home/cyn/ros2/ros2_ws/install/my_package/share/my_package/local_setup.dsv
[0.871s] -- Installing: /home/cyn/ros2/ros2_ws/install/my_package/share/my_package/package.dsv
[0.871s] -- Installing: /home/cyn/ros2/ros2_ws/install/my_package/share/ament_index/resource_index/packages/my_package
[0.871s] -- Installing: /home/cyn/ros2/ros2_ws/install/my_package/share/my_package/cmake/my_packageConfig.cmake
[0.872s] -- Installing: /home/cyn/ros2/ros2_ws/install/my_package/share/my_package/cmake/my_packageConfig-version.cmake
[0.872s] -- Installing: /home/cyn/ros2/ros2_ws/install/my_package/share/my_package/package.xml
[0.875s] Invoked command in '/home/cyn/ros2/ros2_ws/build/my_package' returned '0': CMAKE_PREFIX_PATH=/opt/ros/foxy /usr/bin/cmake --install /home/cyn/ros2/ros2_ws/build/my_package
