[0.016s] Invoking command in '/home/cyn/ros2/ros2_ws/src/build/polygon_plugins': CMAKE_PREFIX_PATH=/opt/ros/foxy /usr/bin/cmake /home/cyn/ros2/ros2_ws/src/polygon_plugins -DCMAKE_INSTALL_PREFIX=/home/cyn/ros2/ros2_ws/src/install/polygon_plugins
[0.028s] -- Found ament_cmake: 0.9.11 (/opt/ros/foxy/share/ament_cmake/cmake)
[0.047s] -- Using PYTHON_EXECUTABLE: /usr/bin/python3
[0.202s] -- Found ament_cmake_ros: 0.9.2 (/opt/ros/foxy/share/ament_cmake_ros/cmake)
[0.216s] CMake Error at CMakeLists.txt:21 (find_package):
[0.216s]   By not providing "Findpolyhon_base.cmake" in CMAKE_MODULE_PATH this project
[0.216s]   has asked CMake to find a package configuration file provided by
[0.216s]   "polyhon_base", but CMake did not find one.
[0.216s] 
[0.216s]   Could not find a package configuration file provided by "polyhon_base" with
[0.216s]   any of the following names:
[0.216s] 
[0.216s]     polyhon_baseConfig.cmake
[0.216s]     polyhon_base-config.cmake
[0.216s] 
[0.216s]   Add the installation prefix of "polyhon_base" to CMAKE_PREFIX_PATH or set
[0.217s]   "polyhon_base_DIR" to a directory containing one of the above files.  If
[0.217s]   "polyhon_base" provides a separate development package or SDK, be sure it
[0.217s]   has been installed.
[0.217s] 
[0.217s] 
[0.217s] -- Configuring incomplete, errors occurred!
[0.217s] See also "/home/cyn/ros2/ros2_ws/src/build/polygon_plugins/CMakeFiles/CMakeOutput.log".
[0.219s] Invoked command in '/home/cyn/ros2/ros2_ws/src/build/polygon_plugins' returned '1': CMAKE_PREFIX_PATH=/opt/ros/foxy /usr/bin/cmake /home/cyn/ros2/ros2_ws/src/polygon_plugins -DCMAKE_INSTALL_PREFIX=/home/cyn/ros2/ros2_ws/src/install/polygon_plugins
